2025-03-02 17:22:35.386 [info] [main] Log level: Info
2025-03-02 17:22:35.386 [info] [main] Validating found git in: "git"
2025-03-02 17:22:35.386 [info] [main] Using git "2.34.1" from "git"
2025-03-02 17:22:35.386 [info] [Model][doInitialScan] Initial repository scan started
2025-03-02 17:22:35.386 [info] > git rev-parse --show-toplevel [44ms]
2025-03-02 17:22:35.386 [info] > git rev-parse --git-dir --git-common-dir [1ms]
2025-03-02 17:22:35.386 [info] [Model][openRepository] Opened repository: /home/student
2025-03-02 17:22:35.386 [info] > git rev-parse --show-toplevel [2ms]
2025-03-02 17:22:35.386 [info] > git config --get commit.template [11ms]
2025-03-02 17:22:35.386 [info] > git rev-parse --show-toplevel [9ms]
2025-03-02 17:22:35.387 [info] > git rev-parse --show-toplevel [4ms]
2025-03-02 17:22:35.393 [info] > git rev-parse --show-toplevel [4ms]
2025-03-02 17:22:35.396 [info] > git rev-parse --show-toplevel [1ms]
2025-03-02 17:22:35.399 [info] [Model][doInitialScan] Initial repository scan completed - repositories (1), closed repositories (0), parent repositories (0), unsafe repositories (0)
2025-03-02 17:22:35.423 [info] > git for-each-ref --format=%(refname)%00%(upstream:short)%00%(objectname)%00%(upstream:track)%00%(upstream:remotename)%00%(upstream:remoteref) refs/heads/main refs/remotes/main [49ms]
2025-03-02 17:22:35.433 [info] > git for-each-ref --sort -committerdate --format %(refname) %(objectname) %(*objectname) [2ms]
2025-03-02 17:22:35.552 [info] > git status -z -uall [125ms]
2025-03-02 17:22:35.640 [info] > git for-each-ref --format=%(refname)%00%(upstream:short)%00%(objectname)%00%(upstream:track)%00%(upstream:remotename)%00%(upstream:remoteref) refs/heads/main refs/remotes/main [12ms]
2025-03-02 17:22:35.644 [info] > git config --get commit.template [10ms]
2025-03-02 17:22:35.645 [info] > git config --get --local branch.main.vscode-merge-base [2ms]
2025-03-02 17:22:35.645 [warning] [Git][config] git config failed: Failed to execute git
2025-03-02 17:22:35.651 [info] > git for-each-ref --format=%(refname)%00%(upstream:short)%00%(objectname)%00%(upstream:track)%00%(upstream:remotename)%00%(upstream:remoteref) refs/heads/main refs/remotes/main [1ms]
2025-03-02 17:22:35.660 [info] > git for-each-ref --sort -committerdate --format %(refname) %(objectname) %(*objectname) [1ms]
2025-03-02 17:22:35.997 [info] > git status -z -uall [343ms]
2025-03-02 17:22:35.997 [info] > git reflog main --grep-reflog=branch: Created from *. [349ms]
2025-03-02 17:22:36.035 [info] > git check-ignore -v -z --stdin [32ms]
2025-03-02 17:22:36.037 [info] > git symbolic-ref --short refs/remotes/origin/HEAD [37ms]
2025-03-02 17:22:36.037 [info] fatal: ref refs/remotes/origin/HEAD is not a symbolic ref
2025-03-02 17:22:36.037 [warning] [Repository][getDefaultBranch] Failed to get default branch details: Failed to execute git.
2025-03-02 17:22:36.041 [info] > git for-each-ref --format=%(refname)%00%(upstream:short)%00%(objectname)%00%(upstream:track)%00%(upstream:remotename)%00%(upstream:remoteref) refs/heads/main refs/remotes/main [7ms]
2025-03-02 17:22:36.044 [info] > git merge-base refs/heads/main refs/remotes/origin/main [4ms]
2025-03-02 17:22:36.048 [info] > git config --get --local branch.main.vscode-merge-base [4ms]
2025-03-02 17:22:36.048 [warning] [Git][config] git config failed: Failed to execute git
2025-03-02 17:22:36.050 [info] > git diff --name-status -z --diff-filter=ADMR 0d003a9861ed4d1494c036c5586b5fc22c81e28c...refs/remotes/origin/main [4ms]
2025-03-02 17:22:36.051 [info] > git reflog main --grep-reflog=branch: Created from *. [1ms]
2025-03-02 17:22:36.054 [info] > git symbolic-ref --short refs/remotes/origin/HEAD [1ms]
2025-03-02 17:22:36.054 [info] fatal: ref refs/remotes/origin/HEAD is not a symbolic ref
2025-03-02 17:22:36.054 [warning] [Repository][getDefaultBranch] Failed to get default branch details: Failed to execute git.
2025-03-02 17:22:36.400 [info] > git show --textconv :ENGR212_Rey_Diego/Lab4/Lyrics/Night/last_night.txt [28ms]
2025-03-02 17:22:36.401 [info] > git ls-files --stage -- /home/student/ENGR212_Rey_Diego/Lab4/Lyrics/Night/last_night.txt [27ms]
2025-03-02 17:22:36.405 [info] > git cat-file -s 8cbe9652958a4a0efbb8991a63ea40dafc095d68 [2ms]
2025-03-02 17:22:36.799 [info] > git blame --root --incremental 0d003a9861ed4d1494c036c5586b5fc22c81e28c -- /home/student/ENGR212_Rey_Diego/Lab4/Lyrics/Night/last_night.txt [63ms]
2025-03-02 17:22:37.724 [info] > git config --get commit.template [6ms]
2025-03-02 17:22:37.732 [info] > git for-each-ref --format=%(refname)%00%(upstream:short)%00%(objectname)%00%(upstream:track)%00%(upstream:remotename)%00%(upstream:remoteref) refs/heads/main refs/remotes/main [5ms]
2025-03-02 17:22:37.740 [info] > git for-each-ref --sort -committerdate --format %(refname) %(objectname) %(*objectname) [1ms]
2025-03-02 17:22:37.769 [info] > git status -z -uall [35ms]
2025-03-02 17:22:39.757 [info] > git check-ignore -v -z --stdin [3ms]
2025-03-02 17:22:40.512 [info] > git check-ignore -v -z --stdin [3ms]
2025-03-02 17:22:42.803 [info] > git config --get commit.template [4ms]
2025-03-02 17:22:42.804 [info] > git for-each-ref --format=%(refname)%00%(upstream:short)%00%(objectname)%00%(upstream:track)%00%(upstream:remotename)%00%(upstream:remoteref) refs/heads/main refs/remotes/main [2ms]
2025-03-02 17:22:42.813 [info] > git for-each-ref --sort -committerdate --format %(refname) %(objectname) %(*objectname) [0ms]
2025-03-02 17:22:42.841 [info] > git status -z -uall [34ms]
2025-03-02 17:22:43.661 [info] > git check-ignore -v -z --stdin [2ms]
2025-03-02 17:22:47.873 [info] > git config --get commit.template [3ms]
2025-03-02 17:22:47.874 [info] > git for-each-ref --format=%(refname)%00%(upstream:short)%00%(objectname)%00%(upstream:track)%00%(upstream:remotename)%00%(upstream:remoteref) refs/heads/main refs/remotes/main [2ms]
2025-03-02 17:22:47.882 [info] > git for-each-ref --sort -committerdate --format %(refname) %(objectname) %(*objectname) [1ms]
2025-03-02 17:22:47.911 [info] > git status -z -uall [34ms]
2025-03-02 17:22:52.944 [info] > git config --get commit.template [3ms]
2025-03-02 17:22:52.944 [info] > git for-each-ref --format=%(refname)%00%(upstream:short)%00%(objectname)%00%(upstream:track)%00%(upstream:remotename)%00%(upstream:remoteref) refs/heads/main refs/remotes/main [1ms]
2025-03-02 17:22:52.954 [info] > git for-each-ref --sort -committerdate --format %(refname) %(objectname) %(*objectname) [2ms]
2025-03-02 17:22:52.982 [info] > git status -z -uall [34ms]
2025-03-02 17:22:59.016 [info] > git config --get commit.template [4ms]
2025-03-02 17:22:59.017 [info] > git for-each-ref --format=%(refname)%00%(upstream:short)%00%(objectname)%00%(upstream:track)%00%(upstream:remotename)%00%(upstream:remoteref) refs/heads/main refs/remotes/main [2ms]
2025-03-02 17:22:59.026 [info] > git for-each-ref --sort -committerdate --format %(refname) %(objectname) %(*objectname) [0ms]
2025-03-02 17:22:59.054 [info] > git status -z -uall [34ms]
2025-03-02 17:23:04.085 [info] > git config --get commit.template [4ms]
2025-03-02 17:23:04.085 [info] > git for-each-ref --format=%(refname)%00%(upstream:short)%00%(objectname)%00%(upstream:track)%00%(upstream:remotename)%00%(upstream:remoteref) refs/heads/main refs/remotes/main [2ms]
2025-03-02 17:23:04.094 [info] > git for-each-ref --sort -committerdate --format %(refname) %(objectname) %(*objectname) [0ms]
2025-03-02 17:23:04.123 [info] > git status -z -uall [35ms]
2025-03-02 17:23:09.152 [info] > git config --get commit.template [3ms]
2025-03-02 17:23:09.152 [info] > git for-each-ref --format=%(refname)%00%(upstream:short)%00%(objectname)%00%(upstream:track)%00%(upstream:remotename)%00%(upstream:remoteref) refs/heads/main refs/remotes/main [1ms]
2025-03-02 17:23:09.163 [info] > git for-each-ref --sort -committerdate --format %(refname) %(objectname) %(*objectname) [1ms]
2025-03-02 17:23:09.191 [info] > git status -z -uall [35ms]
2025-03-02 17:23:14.218 [info] > git config --get commit.template [3ms]
2025-03-02 17:23:14.218 [info] > git for-each-ref --format=%(refname)%00%(upstream:short)%00%(objectname)%00%(upstream:track)%00%(upstream:remotename)%00%(upstream:remoteref) refs/heads/main refs/remotes/main [1ms]
2025-03-02 17:23:14.227 [info] > git for-each-ref --sort -committerdate --format %(refname) %(objectname) %(*objectname) [0ms]
2025-03-02 17:23:14.256 [info] > git status -z -uall [35ms]
2025-03-02 17:23:19.284 [info] > git config --get commit.template [3ms]
2025-03-02 17:23:19.285 [info] > git for-each-ref --format=%(refname)%00%(upstream:short)%00%(objectname)%00%(upstream:track)%00%(upstream:remotename)%00%(upstream:remoteref) refs/heads/main refs/remotes/main [1ms]
2025-03-02 17:23:19.293 [info] > git for-each-ref --sort -committerdate --format %(refname) %(objectname) %(*objectname) [0ms]
2025-03-02 17:23:19.322 [info] > git status -z -uall [34ms]
2025-03-02 17:23:24.352 [info] > git config --get commit.template [4ms]
2025-03-02 17:23:24.352 [info] > git for-each-ref --format=%(refname)%00%(upstream:short)%00%(objectname)%00%(upstream:track)%00%(upstream:remotename)%00%(upstream:remoteref) refs/heads/main refs/remotes/main [1ms]
2025-03-02 17:23:24.361 [info] > git for-each-ref --sort -committerdate --format %(refname) %(objectname) %(*objectname) [0ms]
2025-03-02 17:23:24.391 [info] > git status -z -uall [35ms]
2025-03-02 17:23:29.418 [info] > git config --get commit.template [4ms]
2025-03-02 17:23:29.419 [info] > git for-each-ref --format=%(refname)%00%(upstream:short)%00%(objectname)%00%(upstream:track)%00%(upstream:remotename)%00%(upstream:remoteref) refs/heads/main refs/remotes/main [1ms]
2025-03-02 17:23:29.427 [info] > git for-each-ref --sort -committerdate --format %(refname) %(objectname) %(*objectname) [1ms]
2025-03-02 17:23:29.456 [info] > git status -z -uall [34ms]
2025-03-02 17:23:34.485 [info] > git config --get commit.template [4ms]
2025-03-02 17:23:34.486 [info] > git for-each-ref --format=%(refname)%00%(upstream:short)%00%(objectname)%00%(upstream:track)%00%(upstream:remotename)%00%(upstream:remoteref) refs/heads/main refs/remotes/main [2ms]
2025-03-02 17:23:34.494 [info] > git for-each-ref --sort -committerdate --format %(refname) %(objectname) %(*objectname) [0ms]
2025-03-02 17:23:34.524 [info] > git status -z -uall [35ms]
2025-03-02 17:23:39.553 [info] > git config --get commit.template [4ms]
2025-03-02 17:23:39.554 [info] > git for-each-ref --format=%(refname)%00%(upstream:short)%00%(objectname)%00%(upstream:track)%00%(upstream:remotename)%00%(upstream:remoteref) refs/heads/main refs/remotes/main [2ms]
2025-03-02 17:23:39.562 [info] > git for-each-ref --sort -committerdate --format %(refname) %(objectname) %(*objectname) [1ms]
2025-03-02 17:23:39.591 [info] > git status -z -uall [34ms]
2025-03-02 17:23:44.621 [info] > git config --get commit.template [4ms]
2025-03-02 17:23:44.622 [info] > git for-each-ref --format=%(refname)%00%(upstream:short)%00%(objectname)%00%(upstream:track)%00%(upstream:remotename)%00%(upstream:remoteref) refs/heads/main refs/remotes/main [2ms]
2025-03-02 17:23:44.630 [info] > git for-each-ref --sort -committerdate --format %(refname) %(objectname) %(*objectname) [1ms]
2025-03-02 17:23:44.659 [info] > git status -z -uall [35ms]
2025-03-02 17:23:49.687 [info] > git config --get commit.template [3ms]
2025-03-02 17:23:49.688 [info] > git for-each-ref --format=%(refname)%00%(upstream:short)%00%(objectname)%00%(upstream:track)%00%(upstream:remotename)%00%(upstream:remoteref) refs/heads/main refs/remotes/main [1ms]
2025-03-02 17:23:49.696 [info] > git for-each-ref --sort -committerdate --format %(refname) %(objectname) %(*objectname) [0ms]
2025-03-02 17:23:49.725 [info] > git status -z -uall [34ms]
2025-03-02 17:23:54.754 [info] > git config --get commit.template [4ms]
2025-03-02 17:23:54.755 [info] > git for-each-ref --format=%(refname)%00%(upstream:short)%00%(objectname)%00%(upstream:track)%00%(upstream:remotename)%00%(upstream:remoteref) refs/heads/main refs/remotes/main [2ms]
2025-03-02 17:23:54.764 [info] > git for-each-ref --sort -committerdate --format %(refname) %(objectname) %(*objectname) [2ms]
2025-03-02 17:23:54.794 [info] > git status -z -uall [36ms]
2025-03-02 17:23:59.822 [info] > git config --get commit.template [4ms]
2025-03-02 17:23:59.823 [info] > git for-each-ref --format=%(refname)%00%(upstream:short)%00%(objectname)%00%(upstream:track)%00%(upstream:remotename)%00%(upstream:remoteref) refs/heads/main refs/remotes/main [1ms]
2025-03-02 17:23:59.831 [info] > git for-each-ref --sort -committerdate --format %(refname) %(objectname) %(*objectname) [1ms]
2025-03-02 17:23:59.864 [info] > git status -z -uall [39ms]
2025-03-02 17:24:04.896 [info] > git config --get commit.template [3ms]
2025-03-02 17:24:04.897 [info] > git for-each-ref --format=%(refname)%00%(upstream:short)%00%(objectname)%00%(upstream:track)%00%(upstream:remotename)%00%(upstream:remoteref) refs/heads/main refs/remotes/main [1ms]
2025-03-02 17:24:04.905 [info] > git for-each-ref --sort -committerdate --format %(refname) %(objectname) %(*objectname) [1ms]
2025-03-02 17:24:04.934 [info] > git status -z -uall [34ms]
2025-03-02 17:24:09.961 [info] > git config --get commit.template [4ms]
2025-03-02 17:24:09.962 [info] > git for-each-ref --format=%(refname)%00%(upstream:short)%00%(objectname)%00%(upstream:track)%00%(upstream:remotename)%00%(upstream:remoteref) refs/heads/main refs/remotes/main [2ms]
2025-03-02 17:24:09.970 [info] > git for-each-ref --sort -committerdate --format %(refname) %(objectname) %(*objectname) [1ms]
2025-03-02 17:24:09.999 [info] > git status -z -uall [34ms]
2025-03-02 17:24:15.027 [info] > git config --get commit.template [4ms]
2025-03-02 17:24:15.028 [info] > git for-each-ref --format=%(refname)%00%(upstream:short)%00%(objectname)%00%(upstream:track)%00%(upstream:remotename)%00%(upstream:remoteref) refs/heads/main refs/remotes/main [2ms]
2025-03-02 17:24:15.036 [info] > git for-each-ref --sort -committerdate --format %(refname) %(objectname) %(*objectname) [1ms]
2025-03-02 17:24:15.065 [info] > git status -z -uall [34ms]
2025-03-02 17:24:20.092 [info] > git config --get commit.template [3ms]
2025-03-02 17:24:20.093 [info] > git for-each-ref --format=%(refname)%00%(upstream:short)%00%(objectname)%00%(upstream:track)%00%(upstream:remotename)%00%(upstream:remoteref) refs/heads/main refs/remotes/main [1ms]
2025-03-02 17:24:20.101 [info] > git for-each-ref --sort -committerdate --format %(refname) %(objectname) %(*objectname) [0ms]
2025-03-02 17:24:20.130 [info] > git status -z -uall [34ms]
2025-03-02 17:24:25.161 [info] > git config --get commit.template [5ms]
2025-03-02 17:24:25.161 [info] > git for-each-ref --format=%(refname)%00%(upstream:short)%00%(objectname)%00%(upstream:track)%00%(upstream:remotename)%00%(upstream:remoteref) refs/heads/main refs/remotes/main [3ms]
2025-03-02 17:24:25.183 [info] > git for-each-ref --sort -committerdate --format %(refname) %(objectname) %(*objectname) [4ms]
2025-03-02 17:24:25.215 [info] > git status -z -uall [41ms]
2025-03-02 17:24:30.689 [info] > git config --get commit.template [4ms]
2025-03-02 17:24:30.690 [info] > git for-each-ref --format=%(refname)%00%(upstream:short)%00%(objectname)%00%(upstream:track)%00%(upstream:remotename)%00%(upstream:remoteref) refs/heads/main refs/remotes/main [2ms]
2025-03-02 17:24:30.698 [info] > git for-each-ref --sort -committerdate --format %(refname) %(objectname) %(*objectname) [1ms]
2025-03-02 17:24:30.728 [info] > git status -z -uall [35ms]
2025-03-02 17:24:35.755 [info] > git config --get commit.template [4ms]
2025-03-02 17:24:35.756 [info] > git for-each-ref --format=%(refname)%00%(upstream:short)%00%(objectname)%00%(upstream:track)%00%(upstream:remotename)%00%(upstream:remoteref) refs/heads/main refs/remotes/main [2ms]
2025-03-02 17:24:35.763 [info] > git for-each-ref --sort -committerdate --format %(refname) %(objectname) %(*objectname) [0ms]
2025-03-02 17:24:35.793 [info] > git status -z -uall [35ms]
2025-03-02 17:24:40.819 [info] > git config --get commit.template [3ms]
2025-03-02 17:24:40.820 [info] > git for-each-ref --format=%(refname)%00%(upstream:short)%00%(objectname)%00%(upstream:track)%00%(upstream:remotename)%00%(upstream:remoteref) refs/heads/main refs/remotes/main [1ms]
2025-03-02 17:24:40.828 [info] > git for-each-ref --sort -committerdate --format %(refname) %(objectname) %(*objectname) [0ms]
2025-03-02 17:24:40.858 [info] > git status -z -uall [35ms]
2025-03-02 17:24:45.886 [info] > git config --get commit.template [4ms]
2025-03-02 17:24:45.887 [info] > git for-each-ref --format=%(refname)%00%(upstream:short)%00%(objectname)%00%(upstream:track)%00%(upstream:remotename)%00%(upstream:remoteref) refs/heads/main refs/remotes/main [2ms]
2025-03-02 17:24:45.894 [info] > git for-each-ref --sort -committerdate --format %(refname) %(objectname) %(*objectname) [0ms]
2025-03-02 17:24:45.924 [info] > git status -z -uall [35ms]
2025-03-02 17:24:50.951 [info] > git config --get commit.template [3ms]
2025-03-02 17:24:50.952 [info] > git for-each-ref --format=%(refname)%00%(upstream:short)%00%(objectname)%00%(upstream:track)%00%(upstream:remotename)%00%(upstream:remoteref) refs/heads/main refs/remotes/main [2ms]
2025-03-02 17:24:50.960 [info] > git for-each-ref --sort -committerdate --format %(refname) %(objectname) %(*objectname) [1ms]
2025-03-02 17:24:50.989 [info] > git status -z -uall [33ms]
2025-03-02 17:24:56.016 [info] > git config --get commit.template [4ms]
2025-03-02 17:24:56.017 [info] > git for-each-ref --format=%(refname)%00%(upstream:short)%00%(objectname)%00%(upstream:track)%00%(upstream:remotename)%00%(upstream:remoteref) refs/heads/main refs/remotes/main [1ms]
2025-03-02 17:24:56.025 [info] > git for-each-ref --sort -committerdate --format %(refname) %(objectname) %(*objectname) [0ms]
2025-03-02 17:24:56.054 [info] > git status -z -uall [34ms]
2025-03-02 17:25:01.082 [info] > git config --get commit.template [4ms]
2025-03-02 17:25:01.083 [info] > git for-each-ref --format=%(refname)%00%(upstream:short)%00%(objectname)%00%(upstream:track)%00%(upstream:remotename)%00%(upstream:remoteref) refs/heads/main refs/remotes/main [2ms]
2025-03-02 17:25:01.090 [info] > git for-each-ref --sort -committerdate --format %(refname) %(objectname) %(*objectname) [0ms]
2025-03-02 17:25:01.120 [info] > git status -z -uall [35ms]
2025-03-02 17:25:06.148 [info] > git config --get commit.template [5ms]
2025-03-02 17:25:06.149 [info] > git for-each-ref --format=%(refname)%00%(upstream:short)%00%(objectname)%00%(upstream:track)%00%(upstream:remotename)%00%(upstream:remoteref) refs/heads/main refs/remotes/main [1ms]
2025-03-02 17:25:06.159 [info] > git for-each-ref --sort -committerdate --format %(refname) %(objectname) %(*objectname) [3ms]
2025-03-02 17:25:06.207 [info] > git status -z -uall [55ms]
2025-03-02 17:25:11.234 [info] > git config --get commit.template [3ms]
2025-03-02 17:25:11.235 [info] > git for-each-ref --format=%(refname)%00%(upstream:short)%00%(objectname)%00%(upstream:track)%00%(upstream:remotename)%00%(upstream:remoteref) refs/heads/main refs/remotes/main [2ms]
2025-03-02 17:25:11.242 [info] > git for-each-ref --sort -committerdate --format %(refname) %(objectname) %(*objectname) [0ms]
2025-03-02 17:25:11.271 [info] > git status -z -uall [34ms]
2025-03-02 17:25:16.300 [info] > git config --get commit.template [4ms]
2025-03-02 17:25:16.301 [info] > git for-each-ref --format=%(refname)%00%(upstream:short)%00%(objectname)%00%(upstream:track)%00%(upstream:remotename)%00%(upstream:remoteref) refs/heads/main refs/remotes/main [1ms]
2025-03-02 17:25:16.309 [info] > git for-each-ref --sort -committerdate --format %(refname) %(objectname) %(*objectname) [1ms]
2025-03-02 17:25:16.340 [info] > git status -z -uall [36ms]
2025-03-02 17:25:21.368 [info] > git config --get commit.template [4ms]
2025-03-02 17:25:21.369 [info] > git for-each-ref --format=%(refname)%00%(upstream:short)%00%(objectname)%00%(upstream:track)%00%(upstream:remotename)%00%(upstream:remoteref) refs/heads/main refs/remotes/main [1ms]
2025-03-02 17:25:21.377 [info] > git for-each-ref --sort -committerdate --format %(refname) %(objectname) %(*objectname) [1ms]
2025-03-02 17:25:21.406 [info] > git status -z -uall [34ms]
2025-03-02 17:25:26.434 [info] > git config --get commit.template [4ms]
2025-03-02 17:25:26.435 [info] > git for-each-ref --format=%(refname)%00%(upstream:short)%00%(objectname)%00%(upstream:track)%00%(upstream:remotename)%00%(upstream:remoteref) refs/heads/main refs/remotes/main [2ms]
2025-03-02 17:25:26.445 [info] > git for-each-ref --sort -committerdate --format %(refname) %(objectname) %(*objectname) [3ms]
2025-03-02 17:25:26.475 [info] > git status -z -uall [37ms]
2025-03-02 17:25:31.505 [info] > git config --get commit.template [3ms]
2025-03-02 17:25:31.506 [info] > git for-each-ref --format=%(refname)%00%(upstream:short)%00%(objectname)%00%(upstream:track)%00%(upstream:remotename)%00%(upstream:remoteref) refs/heads/main refs/remotes/main [2ms]
2025-03-02 17:25:31.513 [info] > git for-each-ref --sort -committerdate --format %(refname) %(objectname) %(*objectname) [0ms]
2025-03-02 17:25:31.543 [info] > git status -z -uall [35ms]
2025-03-02 17:25:36.571 [info] > git config --get commit.template [3ms]
2025-03-02 17:25:36.571 [info] > git for-each-ref --format=%(refname)%00%(upstream:short)%00%(objectname)%00%(upstream:track)%00%(upstream:remotename)%00%(upstream:remoteref) refs/heads/main refs/remotes/main [1ms]
2025-03-02 17:25:36.581 [info] > git for-each-ref --sort -committerdate --format %(refname) %(objectname) %(*objectname) [2ms]
2025-03-02 17:25:36.609 [info] > git status -z -uall [35ms]
2025-03-02 17:25:41.639 [info] > git config --get commit.template [4ms]
2025-03-02 17:25:41.640 [info] > git for-each-ref --format=%(refname)%00%(upstream:short)%00%(objectname)%00%(upstream:track)%00%(upstream:remotename)%00%(upstream:remoteref) refs/heads/main refs/remotes/main [2ms]
2025-03-02 17:25:41.648 [info] > git for-each-ref --sort -committerdate --format %(refname) %(objectname) %(*objectname) [1ms]
2025-03-02 17:25:41.677 [info] > git status -z -uall [34ms]
2025-03-02 17:25:46.705 [info] > git config --get commit.template [4ms]
2025-03-02 17:25:46.706 [info] > git for-each-ref --format=%(refname)%00%(upstream:short)%00%(objectname)%00%(upstream:track)%00%(upstream:remotename)%00%(upstream:remoteref) refs/heads/main refs/remotes/main [2ms]
2025-03-02 17:25:46.714 [info] > git for-each-ref --sort -committerdate --format %(refname) %(objectname) %(*objectname) [1ms]
2025-03-02 17:25:46.743 [info] > git status -z -uall [34ms]
2025-03-02 17:25:51.770 [info] > git config --get commit.template [4ms]
2025-03-02 17:25:51.770 [info] > git for-each-ref --format=%(refname)%00%(upstream:short)%00%(objectname)%00%(upstream:track)%00%(upstream:remotename)%00%(upstream:remoteref) refs/heads/main refs/remotes/main [1ms]
2025-03-02 17:25:51.779 [info] > git for-each-ref --sort -committerdate --format %(refname) %(objectname) %(*objectname) [1ms]
2025-03-02 17:25:51.807 [info] > git status -z -uall [34ms]
2025-03-02 17:25:56.835 [info] > git config --get commit.template [3ms]
2025-03-02 17:25:56.836 [info] > git for-each-ref --format=%(refname)%00%(upstream:short)%00%(objectname)%00%(upstream:track)%00%(upstream:remotename)%00%(upstream:remoteref) refs/heads/main refs/remotes/main [2ms]
2025-03-02 17:25:56.843 [info] > git for-each-ref --sort -committerdate --format %(refname) %(objectname) %(*objectname) [0ms]
2025-03-02 17:25:56.874 [info] > git status -z -uall [36ms]
2025-03-02 17:26:01.902 [info] > git config --get commit.template [4ms]
2025-03-02 17:26:01.903 [info] > git for-each-ref --format=%(refname)%00%(upstream:short)%00%(objectname)%00%(upstream:track)%00%(upstream:remotename)%00%(upstream:remoteref) refs/heads/main refs/remotes/main [1ms]
2025-03-02 17:26:01.911 [info] > git for-each-ref --sort -committerdate --format %(refname) %(objectname) %(*objectname) [0ms]
2025-03-02 17:26:01.940 [info] > git status -z -uall [35ms]
2025-03-02 17:26:06.967 [info] > git config --get commit.template [4ms]
2025-03-02 17:26:06.968 [info] > git for-each-ref --format=%(refname)%00%(upstream:short)%00%(objectname)%00%(upstream:track)%00%(upstream:remotename)%00%(upstream:remoteref) refs/heads/main refs/remotes/main [2ms]
2025-03-02 17:26:06.976 [info] > git for-each-ref --sort -committerdate --format %(refname) %(objectname) %(*objectname) [1ms]
2025-03-02 17:26:07.005 [info] > git status -z -uall [34ms]
2025-03-02 17:26:12.031 [info] > git config --get commit.template [3ms]
2025-03-02 17:26:12.032 [info] > git for-each-ref --format=%(refname)%00%(upstream:short)%00%(objectname)%00%(upstream:track)%00%(upstream:remotename)%00%(upstream:remoteref) refs/heads/main refs/remotes/main [2ms]
2025-03-02 17:26:12.040 [info] > git for-each-ref --sort -committerdate --format %(refname) %(objectname) %(*objectname) [0ms]
2025-03-02 17:26:12.070 [info] > git status -z -uall [35ms]
2025-03-02 17:26:17.096 [info] > git config --get commit.template [3ms]
2025-03-02 17:26:17.097 [info] > git for-each-ref --format=%(refname)%00%(upstream:short)%00%(objectname)%00%(upstream:track)%00%(upstream:remotename)%00%(upstream:remoteref) refs/heads/main refs/remotes/main [1ms]
2025-03-02 17:26:17.105 [info] > git for-each-ref --sort -committerdate --format %(refname) %(objectname) %(*objectname) [1ms]
2025-03-02 17:26:17.134 [info] > git status -z -uall [34ms]
2025-03-02 17:26:22.165 [info] > git config --get commit.template [5ms]
2025-03-02 17:26:22.166 [info] > git for-each-ref --format=%(refname)%00%(upstream:short)%00%(objectname)%00%(upstream:track)%00%(upstream:remotename)%00%(upstream:remoteref) refs/heads/main refs/remotes/main [1ms]
2025-03-02 17:26:22.174 [info] > git for-each-ref --sort -committerdate --format %(refname) %(objectname) %(*objectname) [0ms]
2025-03-02 17:26:22.202 [info] > git status -z -uall [34ms]
2025-03-02 17:26:27.230 [info] > git config --get commit.template [3ms]
2025-03-02 17:26:27.230 [info] > git for-each-ref --format=%(refname)%00%(upstream:short)%00%(objectname)%00%(upstream:track)%00%(upstream:remotename)%00%(upstream:remoteref) refs/heads/main refs/remotes/main [1ms]
2025-03-02 17:26:27.238 [info] > git for-each-ref --sort -committerdate --format %(refname) %(objectname) %(*objectname) [2ms]
2025-03-02 17:26:27.268 [info] > git status -z -uall [35ms]
2025-03-02 17:26:32.296 [info] > git config --get commit.template [3ms]
2025-03-02 17:26:32.296 [info] > git for-each-ref --format=%(refname)%00%(upstream:short)%00%(objectname)%00%(upstream:track)%00%(upstream:remotename)%00%(upstream:remoteref) refs/heads/main refs/remotes/main [1ms]
2025-03-02 17:26:32.304 [info] > git for-each-ref --sort -committerdate --format %(refname) %(objectname) %(*objectname) [0ms]
2025-03-02 17:26:32.333 [info] > git status -z -uall [34ms]
2025-03-02 17:26:37.361 [info] > git config --get commit.template [3ms]
2025-03-02 17:26:37.362 [info] > git for-each-ref --format=%(refname)%00%(upstream:short)%00%(objectname)%00%(upstream:track)%00%(upstream:remotename)%00%(upstream:remoteref) refs/heads/main refs/remotes/main [1ms]
2025-03-02 17:26:37.371 [info] > git for-each-ref --sort -committerdate --format %(refname) %(objectname) %(*objectname) [2ms]
2025-03-02 17:26:37.400 [info] > git status -z -uall [35ms]
2025-03-02 17:26:42.434 [info] > git config --get commit.template [4ms]
2025-03-02 17:26:42.435 [info] > git for-each-ref --format=%(refname)%00%(upstream:short)%00%(objectname)%00%(upstream:track)%00%(upstream:remotename)%00%(upstream:remoteref) refs/heads/main refs/remotes/main [2ms]
2025-03-02 17:26:42.443 [info] > git for-each-ref --sort -committerdate --format %(refname) %(objectname) %(*objectname) [1ms]
2025-03-02 17:26:42.472 [info] > git status -z -uall [35ms]
2025-03-02 17:26:47.499 [info] > git config --get commit.template [3ms]
2025-03-02 17:26:47.500 [info] > git for-each-ref --format=%(refname)%00%(upstream:short)%00%(objectname)%00%(upstream:track)%00%(upstream:remotename)%00%(upstream:remoteref) refs/heads/main refs/remotes/main [1ms]
2025-03-02 17:26:47.508 [info] > git for-each-ref --sort -committerdate --format %(refname) %(objectname) %(*objectname) [1ms]
2025-03-02 17:26:47.537 [info] > git status -z -uall [34ms]
2025-03-02 17:26:52.566 [info] > git config --get commit.template [3ms]
2025-03-02 17:26:52.567 [info] > git for-each-ref --format=%(refname)%00%(upstream:short)%00%(objectname)%00%(upstream:track)%00%(upstream:remotename)%00%(upstream:remoteref) refs/heads/main refs/remotes/main [1ms]
2025-03-02 17:26:52.575 [info] > git for-each-ref --sort -committerdate --format %(refname) %(objectname) %(*objectname) [1ms]
2025-03-02 17:26:52.605 [info] > git status -z -uall [35ms]
2025-03-02 17:26:57.631 [info] > git config --get commit.template [3ms]
2025-03-02 17:26:57.632 [info] > git for-each-ref --format=%(refname)%00%(upstream:short)%00%(objectname)%00%(upstream:track)%00%(upstream:remotename)%00%(upstream:remoteref) refs/heads/main refs/remotes/main [1ms]
2025-03-02 17:26:57.640 [info] > git for-each-ref --sort -committerdate --format %(refname) %(objectname) %(*objectname) [1ms]
2025-03-02 17:26:57.670 [info] > git status -z -uall [35ms]
2025-03-02 17:27:02.698 [info] > git config --get commit.template [4ms]
2025-03-02 17:27:02.699 [info] > git for-each-ref --format=%(refname)%00%(upstream:short)%00%(objectname)%00%(upstream:track)%00%(upstream:remotename)%00%(upstream:remoteref) refs/heads/main refs/remotes/main [1ms]
2025-03-02 17:27:02.707 [info] > git for-each-ref --sort -committerdate --format %(refname) %(objectname) %(*objectname) [1ms]
2025-03-02 17:27:02.736 [info] > git status -z -uall [34ms]
2025-03-02 17:27:07.765 [info] > git config --get commit.template [4ms]
2025-03-02 17:27:07.766 [info] > git for-each-ref --format=%(refname)%00%(upstream:short)%00%(objectname)%00%(upstream:track)%00%(upstream:remotename)%00%(upstream:remoteref) refs/heads/main refs/remotes/main [2ms]
2025-03-02 17:27:07.774 [info] > git for-each-ref --sort -committerdate --format %(refname) %(objectname) %(*objectname) [1ms]
2025-03-02 17:27:07.803 [info] > git status -z -uall [34ms]
2025-03-02 17:27:12.832 [info] > git config --get commit.template [4ms]
2025-03-02 17:27:12.833 [info] > git for-each-ref --format=%(refname)%00%(upstream:short)%00%(objectname)%00%(upstream:track)%00%(upstream:remotename)%00%(upstream:remoteref) refs/heads/main refs/remotes/main [1ms]
2025-03-02 17:27:12.841 [info] > git for-each-ref --sort -committerdate --format %(refname) %(objectname) %(*objectname) [2ms]
2025-03-02 17:27:12.869 [info] > git status -z -uall [34ms]
2025-03-02 17:27:17.896 [info] > git config --get commit.template [4ms]
2025-03-02 17:27:17.897 [info] > git for-each-ref --format=%(refname)%00%(upstream:short)%00%(objectname)%00%(upstream:track)%00%(upstream:remotename)%00%(upstream:remoteref) refs/heads/main refs/remotes/main [2ms]
2025-03-02 17:27:17.904 [info] > git for-each-ref --sort -committerdate --format %(refname) %(objectname) %(*objectname) [0ms]
2025-03-02 17:27:17.934 [info] > git status -z -uall [35ms]
2025-03-02 17:27:22.962 [info] > git config --get commit.template [5ms]
2025-03-02 17:27:22.963 [info] > git for-each-ref --format=%(refname)%00%(upstream:short)%00%(objectname)%00%(upstream:track)%00%(upstream:remotename)%00%(upstream:remoteref) refs/heads/main refs/remotes/main [1ms]
2025-03-02 17:27:22.971 [info] > git for-each-ref --sort -committerdate --format %(refname) %(objectname) %(*objectname) [1ms]
2025-03-02 17:27:23.000 [info] > git status -z -uall [35ms]
2025-03-02 17:27:28.026 [info] > git config --get commit.template [3ms]
2025-03-02 17:27:28.027 [info] > git for-each-ref --format=%(refname)%00%(upstream:short)%00%(objectname)%00%(upstream:track)%00%(upstream:remotename)%00%(upstream:remoteref) refs/heads/main refs/remotes/main [1ms]
2025-03-02 17:27:28.035 [info] > git for-each-ref --sort -committerdate --format %(refname) %(objectname) %(*objectname) [0ms]
2025-03-02 17:27:28.064 [info] > git status -z -uall [34ms]
2025-03-02 17:27:33.092 [info] > git config --get commit.template [3ms]
2025-03-02 17:27:33.093 [info] > git for-each-ref --format=%(refname)%00%(upstream:short)%00%(objectname)%00%(upstream:track)%00%(upstream:remotename)%00%(upstream:remoteref) refs/heads/main refs/remotes/main [1ms]
2025-03-02 17:27:33.100 [info] > git for-each-ref --sort -committerdate --format %(refname) %(objectname) %(*objectname) [1ms]
2025-03-02 17:27:33.129 [info] > git status -z -uall [34ms]
2025-03-02 17:27:38.157 [info] > git config --get commit.template [4ms]
2025-03-02 17:27:38.158 [info] > git for-each-ref --format=%(refname)%00%(upstream:short)%00%(objectname)%00%(upstream:track)%00%(upstream:remotename)%00%(upstream:remoteref) refs/heads/main refs/remotes/main [2ms]
2025-03-02 17:27:38.165 [info] > git for-each-ref --sort -committerdate --format %(refname) %(objectname) %(*objectname) [1ms]
2025-03-02 17:27:38.194 [info] > git status -z -uall [34ms]
2025-03-02 17:27:43.221 [info] > git config --get commit.template [4ms]
2025-03-02 17:27:43.221 [info] > git for-each-ref --format=%(refname)%00%(upstream:short)%00%(objectname)%00%(upstream:track)%00%(upstream:remotename)%00%(upstream:remoteref) refs/heads/main refs/remotes/main [1ms]
2025-03-02 17:27:43.229 [info] > git for-each-ref --sort -committerdate --format %(refname) %(objectname) %(*objectname) [0ms]
2025-03-02 17:27:43.258 [info] > git status -z -uall [34ms]
2025-03-02 17:27:48.284 [info] > git config --get commit.template [4ms]
2025-03-02 17:27:48.285 [info] > git for-each-ref --format=%(refname)%00%(upstream:short)%00%(objectname)%00%(upstream:track)%00%(upstream:remotename)%00%(upstream:remoteref) refs/heads/main refs/remotes/main [1ms]
2025-03-02 17:27:48.293 [info] > git for-each-ref --sort -committerdate --format %(refname) %(objectname) %(*objectname) [0ms]
2025-03-02 17:27:48.322 [info] > git status -z -uall [34ms]
2025-03-02 17:27:53.349 [info] > git config --get commit.template [3ms]
2025-03-02 17:27:53.350 [info] > git for-each-ref --format=%(refname)%00%(upstream:short)%00%(objectname)%00%(upstream:track)%00%(upstream:remotename)%00%(upstream:remoteref) refs/heads/main refs/remotes/main [2ms]
2025-03-02 17:27:53.357 [info] > git for-each-ref --sort -committerdate --format %(refname) %(objectname) %(*objectname) [0ms]
2025-03-02 17:27:53.386 [info] > git status -z -uall [34ms]
2025-03-02 17:27:58.414 [info] > git config --get commit.template [3ms]
2025-03-02 17:27:58.415 [info] > git for-each-ref --format=%(refname)%00%(upstream:short)%00%(objectname)%00%(upstream:track)%00%(upstream:remotename)%00%(upstream:remoteref) refs/heads/main refs/remotes/main [1ms]
2025-03-02 17:27:58.423 [info] > git for-each-ref --sort -committerdate --format %(refname) %(objectname) %(*objectname) [0ms]
2025-03-02 17:27:58.453 [info] > git status -z -uall [35ms]
2025-03-02 17:28:03.482 [info] > git config --get commit.template [5ms]
2025-03-02 17:28:03.483 [info] > git for-each-ref --format=%(refname)%00%(upstream:short)%00%(objectname)%00%(upstream:track)%00%(upstream:remotename)%00%(upstream:remoteref) refs/heads/main refs/remotes/main [2ms]
2025-03-02 17:28:03.492 [info] > git for-each-ref --sort -committerdate --format %(refname) %(objectname) %(*objectname) [1ms]
2025-03-02 17:28:03.522 [info] > git status -z -uall [36ms]
2025-03-02 17:28:08.549 [info] > git config --get commit.template [4ms]
2025-03-02 17:28:08.550 [info] > git for-each-ref --format=%(refname)%00%(upstream:short)%00%(objectname)%00%(upstream:track)%00%(upstream:remotename)%00%(upstream:remoteref) refs/heads/main refs/remotes/main [2ms]
2025-03-02 17:28:08.557 [info] > git for-each-ref --sort -committerdate --format %(refname) %(objectname) %(*objectname) [0ms]
2025-03-02 17:28:08.586 [info] > git status -z -uall [34ms]
2025-03-02 17:28:13.615 [info] > git config --get commit.template [4ms]
2025-03-02 17:28:13.616 [info] > git for-each-ref --format=%(refname)%00%(upstream:short)%00%(objectname)%00%(upstream:track)%00%(upstream:remotename)%00%(upstream:remoteref) refs/heads/main refs/remotes/main [2ms]
2025-03-02 17:28:13.623 [info] > git for-each-ref --sort -committerdate --format %(refname) %(objectname) %(*objectname) [2ms]
2025-03-02 17:28:13.653 [info] > git status -z -uall [34ms]
2025-03-02 17:28:18.679 [info] > git config --get commit.template [4ms]
2025-03-02 17:28:18.680 [info] > git for-each-ref --format=%(refname)%00%(upstream:short)%00%(objectname)%00%(upstream:track)%00%(upstream:remotename)%00%(upstream:remoteref) refs/heads/main refs/remotes/main [2ms]
2025-03-02 17:28:18.688 [info] > git for-each-ref --sort -committerdate --format %(refname) %(objectname) %(*objectname) [1ms]
2025-03-02 17:28:18.717 [info] > git status -z -uall [34ms]
2025-03-02 17:28:23.745 [info] > git config --get commit.template [4ms]
2025-03-02 17:28:23.746 [info] > git for-each-ref --format=%(refname)%00%(upstream:short)%00%(objectname)%00%(upstream:track)%00%(upstream:remotename)%00%(upstream:remoteref) refs/heads/main refs/remotes/main [1ms]
2025-03-02 17:28:23.754 [info] > git for-each-ref --sort -committerdate --format %(refname) %(objectname) %(*objectname) [1ms]
2025-03-02 17:28:23.783 [info] > git status -z -uall [34ms]
2025-03-02 17:28:28.811 [info] > git config --get commit.template [4ms]
2025-03-02 17:28:28.812 [info] > git for-each-ref --format=%(refname)%00%(upstream:short)%00%(objectname)%00%(upstream:track)%00%(upstream:remotename)%00%(upstream:remoteref) refs/heads/main refs/remotes/main [2ms]
2025-03-02 17:28:28.819 [info] > git for-each-ref --sort -committerdate --format %(refname) %(objectname) %(*objectname) [2ms]
2025-03-02 17:28:28.849 [info] > git status -z -uall [34ms]
2025-03-02 17:28:33.875 [info] > git config --get commit.template [3ms]
2025-03-02 17:28:33.876 [info] > git for-each-ref --format=%(refname)%00%(upstream:short)%00%(objectname)%00%(upstream:track)%00%(upstream:remotename)%00%(upstream:remoteref) refs/heads/main refs/remotes/main [2ms]
2025-03-02 17:28:33.884 [info] > git for-each-ref --sort -committerdate --format %(refname) %(objectname) %(*objectname) [1ms]
2025-03-02 17:28:33.914 [info] > git status -z -uall [35ms]
2025-03-02 17:28:38.941 [info] > git config --get commit.template [4ms]
2025-03-02 17:28:38.942 [info] > git for-each-ref --format=%(refname)%00%(upstream:short)%00%(objectname)%00%(upstream:track)%00%(upstream:remotename)%00%(upstream:remoteref) refs/heads/main refs/remotes/main [2ms]
2025-03-02 17:28:38.950 [info] > git for-each-ref --sort -committerdate --format %(refname) %(objectname) %(*objectname) [1ms]
2025-03-02 17:28:38.979 [info] > git status -z -uall [34ms]
2025-03-02 17:28:44.009 [info] > git config --get commit.template [5ms]
2025-03-02 17:28:44.010 [info] > git for-each-ref --format=%(refname)%00%(upstream:short)%00%(objectname)%00%(upstream:track)%00%(upstream:remotename)%00%(upstream:remoteref) refs/heads/main refs/remotes/main [1ms]
2025-03-02 17:28:44.017 [info] > git for-each-ref --sort -committerdate --format %(refname) %(objectname) %(*objectname) [0ms]
2025-03-02 17:28:44.046 [info] > git status -z -uall [34ms]
2025-03-02 17:28:49.074 [info] > git config --get commit.template [3ms]
2025-03-02 17:28:49.075 [info] > git for-each-ref --format=%(refname)%00%(upstream:short)%00%(objectname)%00%(upstream:track)%00%(upstream:remotename)%00%(upstream:remoteref) refs/heads/main refs/remotes/main [1ms]
2025-03-02 17:28:49.083 [info] > git for-each-ref --sort -committerdate --format %(refname) %(objectname) %(*objectname) [1ms]
2025-03-02 17:28:49.112 [info] > git status -z -uall [34ms]
2025-03-02 17:28:54.139 [info] > git config --get commit.template [3ms]
2025-03-02 17:28:54.140 [info] > git for-each-ref --format=%(refname)%00%(upstream:short)%00%(objectname)%00%(upstream:track)%00%(upstream:remotename)%00%(upstream:remoteref) refs/heads/main refs/remotes/main [1ms]
2025-03-02 17:28:54.148 [info] > git for-each-ref --sort -committerdate --format %(refname) %(objectname) %(*objectname) [1ms]
2025-03-02 17:28:54.178 [info] > git status -z -uall [34ms]
2025-03-02 17:28:59.205 [info] > git config --get commit.template [4ms]
2025-03-02 17:28:59.206 [info] > git for-each-ref --format=%(refname)%00%(upstream:short)%00%(objectname)%00%(upstream:track)%00%(upstream:remotename)%00%(upstream:remoteref) refs/heads/main refs/remotes/main [2ms]
2025-03-02 17:28:59.214 [info] > git for-each-ref --sort -committerdate --format %(refname) %(objectname) %(*objectname) [1ms]
2025-03-02 17:28:59.243 [info] > git status -z -uall [34ms]
2025-03-02 17:29:04.269 [info] > git config --get commit.template [3ms]
2025-03-02 17:29:04.270 [info] > git for-each-ref --format=%(refname)%00%(upstream:short)%00%(objectname)%00%(upstream:track)%00%(upstream:remotename)%00%(upstream:remoteref) refs/heads/main refs/remotes/main [1ms]
2025-03-02 17:29:04.277 [info] > git for-each-ref --sort -committerdate --format %(refname) %(objectname) %(*objectname) [1ms]
2025-03-02 17:29:04.308 [info] > git status -z -uall [34ms]
2025-03-02 17:29:09.333 [info] > git config --get commit.template [3ms]
2025-03-02 17:29:09.335 [info] > git for-each-ref --format=%(refname)%00%(upstream:short)%00%(objectname)%00%(upstream:track)%00%(upstream:remotename)%00%(upstream:remoteref) refs/heads/main refs/remotes/main [1ms]
2025-03-02 17:29:09.342 [info] > git for-each-ref --sort -committerdate --format %(refname) %(objectname) %(*objectname) [0ms]
2025-03-02 17:29:09.372 [info] > git status -z -uall [35ms]
2025-03-02 17:29:14.398 [info] > git config --get commit.template [3ms]
2025-03-02 17:29:14.399 [info] > git for-each-ref --format=%(refname)%00%(upstream:short)%00%(objectname)%00%(upstream:track)%00%(upstream:remotename)%00%(upstream:remoteref) refs/heads/main refs/remotes/main [1ms]
2025-03-02 17:29:14.407 [info] > git for-each-ref --sort -committerdate --format %(refname) %(objectname) %(*objectname) [1ms]
2025-03-02 17:29:14.436 [info] > git status -z -uall [34ms]
2025-03-02 17:29:19.464 [info] > git config --get commit.template [3ms]
2025-03-02 17:29:19.466 [info] > git for-each-ref --format=%(refname)%00%(upstream:short)%00%(objectname)%00%(upstream:track)%00%(upstream:remotename)%00%(upstream:remoteref) refs/heads/main refs/remotes/main [1ms]
2025-03-02 17:29:19.473 [info] > git for-each-ref --sort -committerdate --format %(refname) %(objectname) %(*objectname) [0ms]
2025-03-02 17:29:19.503 [info] > git status -z -uall [35ms]
2025-03-02 17:31:12.417 [info] > git config --get commit.template [3ms]
2025-03-02 17:31:12.417 [info] > git for-each-ref --format=%(refname)%00%(upstream:short)%00%(objectname)%00%(upstream:track)%00%(upstream:remotename)%00%(upstream:remoteref) refs/heads/main refs/remotes/main [2ms]
2025-03-02 17:31:12.425 [info] > git for-each-ref --sort -committerdate --format %(refname) %(objectname) %(*objectname) [1ms]
2025-03-02 17:31:12.455 [info] > git status -z -uall [35ms]
2025-03-02 17:31:17.494 [info] > git config --get commit.template [3ms]
2025-03-02 17:31:17.495 [info] > git for-each-ref --format=%(refname)%00%(upstream:short)%00%(objectname)%00%(upstream:track)%00%(upstream:remotename)%00%(upstream:remoteref) refs/heads/main refs/remotes/main [2ms]
2025-03-02 17:31:17.503 [info] > git for-each-ref --sort -committerdate --format %(refname) %(objectname) %(*objectname) [1ms]
2025-03-02 17:31:17.532 [info] > git status -z -uall [34ms]
2025-03-02 17:31:22.563 [info] > git config --get commit.template [4ms]
2025-03-02 17:31:22.564 [info] > git for-each-ref --format=%(refname)%00%(upstream:short)%00%(objectname)%00%(upstream:track)%00%(upstream:remotename)%00%(upstream:remoteref) refs/heads/main refs/remotes/main [2ms]
2025-03-02 17:31:22.573 [info] > git for-each-ref --sort -committerdate --format %(refname) %(objectname) %(*objectname) [1ms]
2025-03-02 17:31:22.602 [info] > git status -z -uall [35ms]
2025-03-02 17:31:27.630 [info] > git config --get commit.template [4ms]
2025-03-02 17:31:27.631 [info] > git for-each-ref --format=%(refname)%00%(upstream:short)%00%(objectname)%00%(upstream:track)%00%(upstream:remotename)%00%(upstream:remoteref) refs/heads/main refs/remotes/main [2ms]
2025-03-02 17:31:27.638 [info] > git for-each-ref --sort -committerdate --format %(refname) %(objectname) %(*objectname) [0ms]
2025-03-02 17:31:27.668 [info] > git status -z -uall [34ms]
2025-03-02 17:31:32.700 [info] > git config --get commit.template [4ms]
2025-03-02 17:31:32.701 [info] > git for-each-ref --format=%(refname)%00%(upstream:short)%00%(objectname)%00%(upstream:track)%00%(upstream:remotename)%00%(upstream:remoteref) refs/heads/main refs/remotes/main [1ms]
2025-03-02 17:31:32.709 [info] > git for-each-ref --sort -committerdate --format %(refname) %(objectname) %(*objectname) [0ms]
2025-03-02 17:31:32.740 [info] > git status -z -uall [36ms]
2025-03-02 17:31:37.767 [info] > git config --get commit.template [4ms]
2025-03-02 17:31:37.768 [info] > git for-each-ref --format=%(refname)%00%(upstream:short)%00%(objectname)%00%(upstream:track)%00%(upstream:remotename)%00%(upstream:remoteref) refs/heads/main refs/remotes/main [2ms]
2025-03-02 17:31:37.776 [info] > git for-each-ref --sort -committerdate --format %(refname) %(objectname) %(*objectname) [1ms]
2025-03-02 17:31:37.805 [info] > git status -z -uall [34ms]
2025-03-02 17:31:39.330 [info] > git check-ignore -v -z --stdin [3ms]
2025-03-02 17:31:42.833 [info] > git config --get commit.template [4ms]
2025-03-02 17:31:42.834 [info] > git for-each-ref --format=%(refname)%00%(upstream:short)%00%(objectname)%00%(upstream:track)%00%(upstream:remotename)%00%(upstream:remoteref) refs/heads/main refs/remotes/main [2ms]
2025-03-02 17:31:42.842 [info] > git for-each-ref --sort -committerdate --format %(refname) %(objectname) %(*objectname) [1ms]
2025-03-02 17:31:42.871 [info] > git status -z -uall [35ms]
2025-03-02 17:31:47.899 [info] > git config --get commit.template [4ms]
2025-03-02 17:31:47.900 [info] > git for-each-ref --format=%(refname)%00%(upstream:short)%00%(objectname)%00%(upstream:track)%00%(upstream:remotename)%00%(upstream:remoteref) refs/heads/main refs/remotes/main [2ms]
2025-03-02 17:31:47.908 [info] > git for-each-ref --sort -committerdate --format %(refname) %(objectname) %(*objectname) [1ms]
2025-03-02 17:31:47.937 [info] > git status -z -uall [34ms]
2025-03-02 17:31:52.966 [info] > git config --get commit.template [4ms]
2025-03-02 17:31:52.967 [info] > git for-each-ref --format=%(refname)%00%(upstream:short)%00%(objectname)%00%(upstream:track)%00%(upstream:remotename)%00%(upstream:remoteref) refs/heads/main refs/remotes/main [1ms]
2025-03-02 17:31:52.975 [info] > git for-each-ref --sort -committerdate --format %(refname) %(objectname) %(*objectname) [0ms]
2025-03-02 17:31:53.004 [info] > git status -z -uall [34ms]
2025-03-02 17:32:35.774 [info] > git config --get commit.template [3ms]
2025-03-02 17:32:35.775 [info] > git for-each-ref --format=%(refname)%00%(upstream:short)%00%(objectname)%00%(upstream:track)%00%(upstream:remotename)%00%(upstream:remoteref) refs/heads/main refs/remotes/main [1ms]
2025-03-02 17:32:35.783 [info] > git for-each-ref --sort -committerdate --format %(refname) %(objectname) %(*objectname) [1ms]
2025-03-02 17:32:35.812 [info] > git status -z -uall [34ms]
2025-03-02 17:32:40.840 [info] > git config --get commit.template [3ms]
2025-03-02 17:32:40.841 [info] > git for-each-ref --format=%(refname)%00%(upstream:short)%00%(objectname)%00%(upstream:track)%00%(upstream:remotename)%00%(upstream:remoteref) refs/heads/main refs/remotes/main [1ms]
2025-03-02 17:32:40.850 [info] > git for-each-ref --sort -committerdate --format %(refname) %(objectname) %(*objectname) [2ms]
2025-03-02 17:32:40.878 [info] > git status -z -uall [34ms]
2025-03-02 17:33:00.473 [info] > git config --get commit.template [4ms]
2025-03-02 17:33:00.474 [info] > git for-each-ref --format=%(refname)%00%(upstream:short)%00%(objectname)%00%(upstream:track)%00%(upstream:remotename)%00%(upstream:remoteref) refs/heads/main refs/remotes/main [2ms]
2025-03-02 17:33:00.481 [info] > git for-each-ref --sort -committerdate --format %(refname) %(objectname) %(*objectname) [0ms]
2025-03-02 17:33:00.511 [info] > git status -z -uall [35ms]
2025-03-02 17:33:37.166 [info] > git config --get commit.template [2ms]
2025-03-02 17:33:37.176 [info] > git for-each-ref --format=%(refname)%00%(upstream:short)%00%(objectname)%00%(upstream:track)%00%(upstream:remotename)%00%(upstream:remoteref) refs/heads/main refs/remotes/main [1ms]
2025-03-02 17:33:37.209 [info] > git for-each-ref --sort -committerdate --format %(refname) %(objectname) %(*objectname) [6ms]
2025-03-02 17:33:37.237 [info] > git status -z -uall [40ms]
2025-03-02 17:33:42.273 [info] > git config --get commit.template [4ms]
2025-03-02 17:33:42.274 [info] > git for-each-ref --format=%(refname)%00%(upstream:short)%00%(objectname)%00%(upstream:track)%00%(upstream:remotename)%00%(upstream:remoteref) refs/heads/main refs/remotes/main [1ms]
2025-03-02 17:33:42.281 [info] > git for-each-ref --sort -committerdate --format %(refname) %(objectname) %(*objectname) [0ms]
2025-03-02 17:33:42.311 [info] > git status -z -uall [35ms]
2025-03-02 17:33:47.799 [info] > git config --get commit.template [5ms]
2025-03-02 17:33:47.800 [info] > git for-each-ref --format=%(refname)%00%(upstream:short)%00%(objectname)%00%(upstream:track)%00%(upstream:remotename)%00%(upstream:remoteref) refs/heads/main refs/remotes/main [3ms]
2025-03-02 17:33:47.826 [info] > git for-each-ref --sort -committerdate --format %(refname) %(objectname) %(*objectname) [1ms]
2025-03-02 17:33:47.858 [info] > git status -z -uall [42ms]
2025-03-02 17:33:52.890 [info] > git config --get commit.template [4ms]
2025-03-02 17:33:52.891 [info] > git for-each-ref --format=%(refname)%00%(upstream:short)%00%(objectname)%00%(upstream:track)%00%(upstream:remotename)%00%(upstream:remoteref) refs/heads/main refs/remotes/main [1ms]
2025-03-02 17:33:52.899 [info] > git for-each-ref --sort -committerdate --format %(refname) %(objectname) %(*objectname) [1ms]
2025-03-02 17:33:52.928 [info] > git status -z -uall [34ms]
2025-03-02 17:33:57.960 [info] > git config --get commit.template [3ms]
2025-03-02 17:33:57.961 [info] > git for-each-ref --format=%(refname)%00%(upstream:short)%00%(objectname)%00%(upstream:track)%00%(upstream:remotename)%00%(upstream:remoteref) refs/heads/main refs/remotes/main [1ms]
2025-03-02 17:33:57.969 [info] > git for-each-ref --sort -committerdate --format %(refname) %(objectname) %(*objectname) [0ms]
2025-03-02 17:33:58.000 [info] > git status -z -uall [36ms]
2025-03-02 17:34:03.026 [info] > git config --get commit.template [3ms]
2025-03-02 17:34:03.027 [info] > git for-each-ref --format=%(refname)%00%(upstream:short)%00%(objectname)%00%(upstream:track)%00%(upstream:remotename)%00%(upstream:remoteref) refs/heads/main refs/remotes/main [1ms]
2025-03-02 17:34:03.035 [info] > git for-each-ref --sort -committerdate --format %(refname) %(objectname) %(*objectname) [2ms]
2025-03-02 17:34:03.066 [info] > git status -z -uall [36ms]
2025-03-02 17:34:08.098 [info] > git config --get commit.template [4ms]
2025-03-02 17:34:08.098 [info] > git for-each-ref --format=%(refname)%00%(upstream:short)%00%(objectname)%00%(upstream:track)%00%(upstream:remotename)%00%(upstream:remoteref) refs/heads/main refs/remotes/main [1ms]
2025-03-02 17:34:08.106 [info] > git for-each-ref --sort -committerdate --format %(refname) %(objectname) %(*objectname) [1ms]
2025-03-02 17:34:08.135 [info] > git status -z -uall [34ms]
2025-03-02 17:34:13.160 [info] > git config --get commit.template [3ms]
2025-03-02 17:34:13.161 [info] > git for-each-ref --format=%(refname)%00%(upstream:short)%00%(objectname)%00%(upstream:track)%00%(upstream:remotename)%00%(upstream:remoteref) refs/heads/main refs/remotes/main [1ms]
2025-03-02 17:34:13.171 [info] > git for-each-ref --sort -committerdate --format %(refname) %(objectname) %(*objectname) [1ms]
2025-03-02 17:34:13.200 [info] > git status -z -uall [36ms]
2025-03-02 17:34:41.544 [info] > git config --get commit.template [3ms]
2025-03-02 17:34:41.544 [info] > git for-each-ref --format=%(refname)%00%(upstream:short)%00%(objectname)%00%(upstream:track)%00%(upstream:remotename)%00%(upstream:remoteref) refs/heads/main refs/remotes/main [1ms]
2025-03-02 17:34:41.552 [info] > git for-each-ref --sort -committerdate --format %(refname) %(objectname) %(*objectname) [1ms]
2025-03-02 17:34:41.581 [info] > git status -z -uall [34ms]
2025-03-02 17:34:46.610 [info] > git config --get commit.template [3ms]
2025-03-02 17:34:46.610 [info] > git for-each-ref --format=%(refname)%00%(upstream:short)%00%(objectname)%00%(upstream:track)%00%(upstream:remotename)%00%(upstream:remoteref) refs/heads/main refs/remotes/main [1ms]
2025-03-02 17:34:46.618 [info] > git for-each-ref --sort -committerdate --format %(refname) %(objectname) %(*objectname) [0ms]
2025-03-02 17:34:46.647 [info] > git status -z -uall [34ms]
2025-03-02 17:34:51.679 [info] > git config --get commit.template [3ms]
2025-03-02 17:34:51.679 [info] > git for-each-ref --format=%(refname)%00%(upstream:short)%00%(objectname)%00%(upstream:track)%00%(upstream:remotename)%00%(upstream:remoteref) refs/heads/main refs/remotes/main [1ms]
2025-03-02 17:34:51.688 [info] > git for-each-ref --sort -committerdate --format %(refname) %(objectname) %(*objectname) [1ms]
2025-03-02 17:34:51.717 [info] > git status -z -uall [35ms]
2025-03-02 17:34:56.746 [info] > git config --get commit.template [4ms]
2025-03-02 17:34:56.747 [info] > git for-each-ref --format=%(refname)%00%(upstream:short)%00%(objectname)%00%(upstream:track)%00%(upstream:remotename)%00%(upstream:remoteref) refs/heads/main refs/remotes/main [2ms]
2025-03-02 17:34:56.754 [info] > git for-each-ref --sort -committerdate --format %(refname) %(objectname) %(*objectname) [2ms]
2025-03-02 17:34:56.784 [info] > git status -z -uall [34ms]
2025-03-02 17:35:01.817 [info] > git config --get commit.template [4ms]
2025-03-02 17:35:01.818 [info] > git for-each-ref --format=%(refname)%00%(upstream:short)%00%(objectname)%00%(upstream:track)%00%(upstream:remotename)%00%(upstream:remoteref) refs/heads/main refs/remotes/main [2ms]
2025-03-02 17:35:01.826 [info] > git for-each-ref --sort -committerdate --format %(refname) %(objectname) %(*objectname) [1ms]
2025-03-02 17:35:01.856 [info] > git status -z -uall [35ms]
2025-03-02 17:35:06.884 [info] > git config --get commit.template [3ms]
2025-03-02 17:35:06.885 [info] > git for-each-ref --format=%(refname)%00%(upstream:short)%00%(objectname)%00%(upstream:track)%00%(upstream:remotename)%00%(upstream:remoteref) refs/heads/main refs/remotes/main [1ms]
2025-03-02 17:35:06.892 [info] > git for-each-ref --sort -committerdate --format %(refname) %(objectname) %(*objectname) [0ms]
2025-03-02 17:35:06.921 [info] > git status -z -uall [34ms]
2025-03-02 17:35:12.865 [info] > git config --get commit.template [4ms]
2025-03-02 17:35:12.866 [info] > git for-each-ref --format=%(refname)%00%(upstream:short)%00%(objectname)%00%(upstream:track)%00%(upstream:remotename)%00%(upstream:remoteref) refs/heads/main refs/remotes/main [2ms]
2025-03-02 17:35:12.874 [info] > git for-each-ref --sort -committerdate --format %(refname) %(objectname) %(*objectname) [0ms]
2025-03-02 17:35:12.903 [info] > git status -z -uall [35ms]
2025-03-02 17:35:28.500 [info] > git config --get commit.template [3ms]
2025-03-02 17:35:28.500 [info] > git for-each-ref --format=%(refname)%00%(upstream:short)%00%(objectname)%00%(upstream:track)%00%(upstream:remotename)%00%(upstream:remoteref) refs/heads/main refs/remotes/main [1ms]
2025-03-02 17:35:28.508 [info] > git for-each-ref --sort -committerdate --format %(refname) %(objectname) %(*objectname) [0ms]
2025-03-02 17:35:28.537 [info] > git status -z -uall [34ms]
2025-03-02 17:35:57.121 [info] > git config --get commit.template [3ms]
2025-03-02 17:35:57.122 [info] > git for-each-ref --format=%(refname)%00%(upstream:short)%00%(objectname)%00%(upstream:track)%00%(upstream:remotename)%00%(upstream:remoteref) refs/heads/main refs/remotes/main [2ms]
2025-03-02 17:35:57.129 [info] > git for-each-ref --sort -committerdate --format %(refname) %(objectname) %(*objectname) [1ms]
2025-03-02 17:35:57.159 [info] > git status -z -uall [35ms]
2025-03-02 17:36:02.192 [info] > git config --get commit.template [3ms]
2025-03-02 17:36:02.193 [info] > git for-each-ref --format=%(refname)%00%(upstream:short)%00%(objectname)%00%(upstream:track)%00%(upstream:remotename)%00%(upstream:remoteref) refs/heads/main refs/remotes/main [2ms]
2025-03-02 17:36:02.203 [info] > git for-each-ref --sort -committerdate --format %(refname) %(objectname) %(*objectname) [1ms]
2025-03-02 17:36:02.232 [info] > git status -z -uall [36ms]
2025-03-02 17:36:07.265 [info] > git config --get commit.template [3ms]
2025-03-02 17:36:07.266 [info] > git for-each-ref --format=%(refname)%00%(upstream:short)%00%(objectname)%00%(upstream:track)%00%(upstream:remotename)%00%(upstream:remoteref) refs/heads/main refs/remotes/main [1ms]
2025-03-02 17:36:07.274 [info] > git for-each-ref --sort -committerdate --format %(refname) %(objectname) %(*objectname) [0ms]
2025-03-02 17:36:07.302 [info] > git status -z -uall [34ms]
2025-03-02 17:36:12.330 [info] > git config --get commit.template [4ms]
2025-03-02 17:36:12.331 [info] > git for-each-ref --format=%(refname)%00%(upstream:short)%00%(objectname)%00%(upstream:track)%00%(upstream:remotename)%00%(upstream:remoteref) refs/heads/main refs/remotes/main [2ms]
2025-03-02 17:36:12.338 [info] > git for-each-ref --sort -committerdate --format %(refname) %(objectname) %(*objectname) [2ms]
2025-03-02 17:36:12.368 [info] > git status -z -uall [35ms]
2025-03-02 17:36:17.397 [info] > git config --get commit.template [4ms]
2025-03-02 17:36:17.398 [info] > git for-each-ref --format=%(refname)%00%(upstream:short)%00%(objectname)%00%(upstream:track)%00%(upstream:remotename)%00%(upstream:remoteref) refs/heads/main refs/remotes/main [2ms]
2025-03-02 17:36:17.406 [info] > git for-each-ref --sort -committerdate --format %(refname) %(objectname) %(*objectname) [1ms]
2025-03-02 17:36:17.435 [info] > git status -z -uall [34ms]
2025-03-02 17:36:22.462 [info] > git config --get commit.template [3ms]
2025-03-02 17:36:22.463 [info] > git for-each-ref --format=%(refname)%00%(upstream:short)%00%(objectname)%00%(upstream:track)%00%(upstream:remotename)%00%(upstream:remoteref) refs/heads/main refs/remotes/main [1ms]
2025-03-02 17:36:22.471 [info] > git for-each-ref --sort -committerdate --format %(refname) %(objectname) %(*objectname) [1ms]
2025-03-02 17:36:22.500 [info] > git status -z -uall [34ms]
2025-03-02 17:36:33.063 [info] > git config --get commit.template [3ms]
2025-03-02 17:36:33.063 [info] > git for-each-ref --format=%(refname)%00%(upstream:short)%00%(objectname)%00%(upstream:track)%00%(upstream:remotename)%00%(upstream:remoteref) refs/heads/main refs/remotes/main [1ms]
2025-03-02 17:36:33.071 [info] > git for-each-ref --sort -committerdate --format %(refname) %(objectname) %(*objectname) [1ms]
2025-03-02 17:36:33.101 [info] > git status -z -uall [35ms]
2025-03-02 17:36:38.130 [info] > git config --get commit.template [4ms]
2025-03-02 17:36:38.131 [info] > git for-each-ref --format=%(refname)%00%(upstream:short)%00%(objectname)%00%(upstream:track)%00%(upstream:remotename)%00%(upstream:remoteref) refs/heads/main refs/remotes/main [1ms]
2025-03-02 17:36:38.139 [info] > git for-each-ref --sort -committerdate --format %(refname) %(objectname) %(*objectname) [0ms]
2025-03-02 17:36:38.168 [info] > git status -z -uall [34ms]
2025-03-02 17:37:29.843 [info] > git config --get commit.template [4ms]
2025-03-02 17:37:29.844 [info] > git for-each-ref --format=%(refname)%00%(upstream:short)%00%(objectname)%00%(upstream:track)%00%(upstream:remotename)%00%(upstream:remoteref) refs/heads/main refs/remotes/main [2ms]
2025-03-02 17:37:29.852 [info] > git for-each-ref --sort -committerdate --format %(refname) %(objectname) %(*objectname) [0ms]
2025-03-02 17:37:29.882 [info] > git status -z -uall [35ms]
2025-03-02 17:39:17.421 [info] > git config --get commit.template [3ms]
2025-03-02 17:39:17.422 [info] > git for-each-ref --format=%(refname)%00%(upstream:short)%00%(objectname)%00%(upstream:track)%00%(upstream:remotename)%00%(upstream:remoteref) refs/heads/main refs/remotes/main [2ms]
2025-03-02 17:39:17.429 [info] > git for-each-ref --sort -committerdate --format %(refname) %(objectname) %(*objectname) [0ms]
2025-03-02 17:39:17.459 [info] > git status -z -uall [35ms]
2025-03-02 17:39:48.889 [info] > git config --get commit.template [4ms]
2025-03-02 17:39:48.890 [info] > git for-each-ref --format=%(refname)%00%(upstream:short)%00%(objectname)%00%(upstream:track)%00%(upstream:remotename)%00%(upstream:remoteref) refs/heads/main refs/remotes/main [2ms]
2025-03-02 17:39:48.897 [info] > git for-each-ref --sort -committerdate --format %(refname) %(objectname) %(*objectname) [0ms]
2025-03-02 17:39:48.926 [info] > git status -z -uall [34ms]
2025-03-02 17:39:53.514 [info] > git check-ignore -v -z --stdin [3ms]
2025-03-02 17:39:53.963 [info] > git config --get commit.template [3ms]
2025-03-02 17:39:53.964 [info] > git for-each-ref --format=%(refname)%00%(upstream:short)%00%(objectname)%00%(upstream:track)%00%(upstream:remotename)%00%(upstream:remoteref) refs/heads/main refs/remotes/main [1ms]
2025-03-02 17:39:53.972 [info] > git for-each-ref --sort -committerdate --format %(refname) %(objectname) %(*objectname) [2ms]
2025-03-02 17:39:54.003 [info] > git status -z -uall [36ms]
2025-03-02 17:40:04.333 [info] > git config --get commit.template [3ms]
2025-03-02 17:40:04.334 [info] > git for-each-ref --format=%(refname)%00%(upstream:short)%00%(objectname)%00%(upstream:track)%00%(upstream:remotename)%00%(upstream:remoteref) refs/heads/main refs/remotes/main [1ms]
2025-03-02 17:40:04.341 [info] > git for-each-ref --sort -committerdate --format %(refname) %(objectname) %(*objectname) [1ms]
2025-03-02 17:40:04.371 [info] > git status -z -uall [35ms]
2025-03-02 17:43:18.216 [info] > git config --get commit.template [1ms]
2025-03-02 17:43:18.219 [info] > git for-each-ref --format=%(refname)%00%(upstream:short)%00%(objectname)%00%(upstream:track)%00%(upstream:remotename)%00%(upstream:remoteref) refs/heads/main refs/remotes/main [1ms]
2025-03-02 17:43:18.226 [info] > git for-each-ref --sort -committerdate --format %(refname) %(objectname) %(*objectname) [0ms]
2025-03-02 17:43:18.257 [info] > git status -z -uall [35ms]
2025-03-02 17:43:23.295 [info] > git config --get commit.template [5ms]
2025-03-02 17:43:23.295 [info] > git for-each-ref --format=%(refname)%00%(upstream:short)%00%(objectname)%00%(upstream:track)%00%(upstream:remotename)%00%(upstream:remoteref) refs/heads/main refs/remotes/main [1ms]
2025-03-02 17:43:23.303 [info] > git for-each-ref --sort -committerdate --format %(refname) %(objectname) %(*objectname) [0ms]
2025-03-02 17:43:23.334 [info] > git status -z -uall [36ms]
2025-03-02 17:43:28.368 [info] > git config --get commit.template [4ms]
2025-03-02 17:43:28.369 [info] > git for-each-ref --format=%(refname)%00%(upstream:short)%00%(objectname)%00%(upstream:track)%00%(upstream:remotename)%00%(upstream:remoteref) refs/heads/main refs/remotes/main [1ms]
2025-03-02 17:43:28.377 [info] > git for-each-ref --sort -committerdate --format %(refname) %(objectname) %(*objectname) [1ms]
2025-03-02 17:43:28.406 [info] > git status -z -uall [34ms]
2025-03-02 17:43:33.433 [info] > git config --get commit.template [3ms]
2025-03-02 17:43:33.434 [info] > git for-each-ref --format=%(refname)%00%(upstream:short)%00%(objectname)%00%(upstream:track)%00%(upstream:remotename)%00%(upstream:remoteref) refs/heads/main refs/remotes/main [2ms]
2025-03-02 17:43:33.441 [info] > git for-each-ref --sort -committerdate --format %(refname) %(objectname) %(*objectname) [0ms]
2025-03-02 17:43:33.473 [info] > git status -z -uall [37ms]
2025-03-02 17:43:38.501 [info] > git config --get commit.template [3ms]
2025-03-02 17:43:38.502 [info] > git for-each-ref --format=%(refname)%00%(upstream:short)%00%(objectname)%00%(upstream:track)%00%(upstream:remotename)%00%(upstream:remoteref) refs/heads/main refs/remotes/main [2ms]
2025-03-02 17:43:38.510 [info] > git for-each-ref --sort -committerdate --format %(refname) %(objectname) %(*objectname) [1ms]
2025-03-02 17:43:38.538 [info] > git status -z -uall [34ms]
2025-03-02 17:43:43.565 [info] > git config --get commit.template [4ms]
2025-03-02 17:43:43.566 [info] > git for-each-ref --format=%(refname)%00%(upstream:short)%00%(objectname)%00%(upstream:track)%00%(upstream:remotename)%00%(upstream:remoteref) refs/heads/main refs/remotes/main [2ms]
2025-03-02 17:43:43.574 [info] > git for-each-ref --sort -committerdate --format %(refname) %(objectname) %(*objectname) [1ms]
2025-03-02 17:43:43.603 [info] > git status -z -uall [34ms]
2025-03-02 17:44:13.336 [info] > git config --get commit.template [3ms]
2025-03-02 17:44:13.337 [info] > git for-each-ref --format=%(refname)%00%(upstream:short)%00%(objectname)%00%(upstream:track)%00%(upstream:remotename)%00%(upstream:remoteref) refs/heads/main refs/remotes/main [1ms]
2025-03-02 17:44:13.344 [info] > git for-each-ref --sort -committerdate --format %(refname) %(objectname) %(*objectname) [1ms]
2025-03-02 17:44:13.374 [info] > git status -z -uall [35ms]
2025-03-02 17:44:35.739 [info] > git config --get commit.template [3ms]
2025-03-02 17:44:35.740 [info] > git for-each-ref --format=%(refname)%00%(upstream:short)%00%(objectname)%00%(upstream:track)%00%(upstream:remotename)%00%(upstream:remoteref) refs/heads/main refs/remotes/main [2ms]
2025-03-02 17:44:35.747 [info] > git for-each-ref --sort -committerdate --format %(refname) %(objectname) %(*objectname) [1ms]
2025-03-02 17:44:35.778 [info] > git status -z -uall [36ms]
2025-03-02 17:44:40.818 [info] > git config --get commit.template [3ms]
2025-03-02 17:44:40.819 [info] > git for-each-ref --format=%(refname)%00%(upstream:short)%00%(objectname)%00%(upstream:track)%00%(upstream:remotename)%00%(upstream:remoteref) refs/heads/main refs/remotes/main [2ms]
2025-03-02 17:44:40.826 [info] > git for-each-ref --sort -committerdate --format %(refname) %(objectname) %(*objectname) [0ms]
2025-03-02 17:44:40.855 [info] > git status -z -uall [34ms]
2025-03-02 17:44:45.888 [info] > git config --get commit.template [4ms]
2025-03-02 17:44:45.888 [info] > git for-each-ref --format=%(refname)%00%(upstream:short)%00%(objectname)%00%(upstream:track)%00%(upstream:remotename)%00%(upstream:remoteref) refs/heads/main refs/remotes/main [1ms]
2025-03-02 17:44:45.898 [info] > git for-each-ref --sort -committerdate --format %(refname) %(objectname) %(*objectname) [2ms]
2025-03-02 17:44:45.925 [info] > git status -z -uall [34ms]
2025-03-02 17:44:52.984 [info] > git config --get commit.template [3ms]
2025-03-02 17:44:52.985 [info] > git for-each-ref --format=%(refname)%00%(upstream:short)%00%(objectname)%00%(upstream:track)%00%(upstream:remotename)%00%(upstream:remoteref) refs/heads/main refs/remotes/main [1ms]
2025-03-02 17:44:52.992 [info] > git for-each-ref --sort -committerdate --format %(refname) %(objectname) %(*objectname) [0ms]
2025-03-02 17:44:53.021 [info] > git status -z -uall [34ms]
2025-03-02 17:44:58.056 [info] > git config --get commit.template [4ms]
2025-03-02 17:44:58.057 [info] > git for-each-ref --format=%(refname)%00%(upstream:short)%00%(objectname)%00%(upstream:track)%00%(upstream:remotename)%00%(upstream:remoteref) refs/heads/main refs/remotes/main [2ms]
2025-03-02 17:44:58.064 [info] > git for-each-ref --sort -committerdate --format %(refname) %(objectname) %(*objectname) [0ms]
2025-03-02 17:44:58.093 [info] > git status -z -uall [34ms]
2025-03-02 17:45:03.123 [info] > git config --get commit.template [4ms]
2025-03-02 17:45:03.124 [info] > git for-each-ref --format=%(refname)%00%(upstream:short)%00%(objectname)%00%(upstream:track)%00%(upstream:remotename)%00%(upstream:remoteref) refs/heads/main refs/remotes/main [2ms]
2025-03-02 17:45:03.132 [info] > git for-each-ref --sort -committerdate --format %(refname) %(objectname) %(*objectname) [0ms]
2025-03-02 17:45:03.160 [info] > git status -z -uall [34ms]
2025-03-02 17:45:08.188 [info] > git config --get commit.template [4ms]
2025-03-02 17:45:08.189 [info] > git for-each-ref --format=%(refname)%00%(upstream:short)%00%(objectname)%00%(upstream:track)%00%(upstream:remotename)%00%(upstream:remoteref) refs/heads/main refs/remotes/main [2ms]
2025-03-02 17:45:08.197 [info] > git for-each-ref --sort -committerdate --format %(refname) %(objectname) %(*objectname) [1ms]
2025-03-02 17:45:08.226 [info] > git status -z -uall [34ms]
2025-03-02 17:45:13.261 [info] > git config --get commit.template [4ms]
2025-03-02 17:45:13.262 [info] > git for-each-ref --format=%(refname)%00%(upstream:short)%00%(objectname)%00%(upstream:track)%00%(upstream:remotename)%00%(upstream:remoteref) refs/heads/main refs/remotes/main [2ms]
2025-03-02 17:45:13.270 [info] > git for-each-ref --sort -committerdate --format %(refname) %(objectname) %(*objectname) [1ms]
2025-03-02 17:45:13.299 [info] > git status -z -uall [34ms]
2025-03-02 17:45:42.166 [info] > git config --get commit.template [3ms]
2025-03-02 17:45:42.167 [info] > git for-each-ref --format=%(refname)%00%(upstream:short)%00%(objectname)%00%(upstream:track)%00%(upstream:remotename)%00%(upstream:remoteref) refs/heads/main refs/remotes/main [2ms]
2025-03-02 17:45:42.174 [info] > git for-each-ref --sort -committerdate --format %(refname) %(objectname) %(*objectname) [1ms]
2025-03-02 17:45:42.204 [info] > git status -z -uall [35ms]
2025-03-02 17:45:47.229 [info] > git config --get commit.template [4ms]
2025-03-02 17:45:47.230 [info] > git for-each-ref --format=%(refname)%00%(upstream:short)%00%(objectname)%00%(upstream:track)%00%(upstream:remotename)%00%(upstream:remoteref) refs/heads/main refs/remotes/main [2ms]
2025-03-02 17:45:47.239 [info] > git for-each-ref --sort -committerdate --format %(refname) %(objectname) %(*objectname) [1ms]
2025-03-02 17:45:47.269 [info] > git status -z -uall [36ms]
2025-03-02 17:45:47.807 [info] > git check-ignore -v -z --stdin [3ms]
2025-03-02 17:45:52.308 [info] > git config --get commit.template [3ms]
2025-03-02 17:45:52.309 [info] > git for-each-ref --format=%(refname)%00%(upstream:short)%00%(objectname)%00%(upstream:track)%00%(upstream:remotename)%00%(upstream:remoteref) refs/heads/main refs/remotes/main [1ms]
2025-03-02 17:45:52.317 [info] > git for-each-ref --sort -committerdate --format %(refname) %(objectname) %(*objectname) [1ms]
2025-03-02 17:45:52.348 [info] > git status -z -uall [36ms]
2025-03-02 17:45:57.387 [info] > git config --get commit.template [3ms]
2025-03-02 17:45:57.388 [info] > git for-each-ref --format=%(refname)%00%(upstream:short)%00%(objectname)%00%(upstream:track)%00%(upstream:remotename)%00%(upstream:remoteref) refs/heads/main refs/remotes/main [2ms]
2025-03-02 17:45:57.396 [info] > git for-each-ref --sort -committerdate --format %(refname) %(objectname) %(*objectname) [1ms]
2025-03-02 17:45:57.426 [info] > git status -z -uall [36ms]
2025-03-02 17:46:02.465 [info] > git config --get commit.template [3ms]
2025-03-02 17:46:02.466 [info] > git for-each-ref --format=%(refname)%00%(upstream:short)%00%(objectname)%00%(upstream:track)%00%(upstream:remotename)%00%(upstream:remoteref) refs/heads/main refs/remotes/main [2ms]
2025-03-02 17:46:02.474 [info] > git for-each-ref --sort -committerdate --format %(refname) %(objectname) %(*objectname) [0ms]
2025-03-02 17:46:02.504 [info] > git status -z -uall [35ms]
2025-03-02 17:46:59.395 [info] > git config --get commit.template [2ms]
2025-03-02 17:46:59.395 [info] > git for-each-ref --format=%(refname)%00%(upstream:short)%00%(objectname)%00%(upstream:track)%00%(upstream:remotename)%00%(upstream:remoteref) refs/heads/main refs/remotes/main [1ms]
2025-03-02 17:46:59.402 [info] > git for-each-ref --sort -committerdate --format %(refname) %(objectname) %(*objectname) [0ms]
2025-03-02 17:46:59.434 [info] > git status -z -uall [36ms]
2025-03-02 17:47:04.468 [info] > git config --get commit.template [3ms]
2025-03-02 17:47:04.469 [info] > git for-each-ref --format=%(refname)%00%(upstream:short)%00%(objectname)%00%(upstream:track)%00%(upstream:remotename)%00%(upstream:remoteref) refs/heads/main refs/remotes/main [1ms]
2025-03-02 17:47:04.476 [info] > git for-each-ref --sort -committerdate --format %(refname) %(objectname) %(*objectname) [1ms]
2025-03-02 17:47:04.508 [info] > git status -z -uall [37ms]
2025-03-02 17:47:09.544 [info] > git config --get commit.template [1ms]
2025-03-02 17:47:09.548 [info] > git for-each-ref --format=%(refname)%00%(upstream:short)%00%(objectname)%00%(upstream:track)%00%(upstream:remotename)%00%(upstream:remoteref) refs/heads/main refs/remotes/main [1ms]
2025-03-02 17:47:09.556 [info] > git for-each-ref --sort -committerdate --format %(refname) %(objectname) %(*objectname) [0ms]
2025-03-02 17:47:09.587 [info] > git status -z -uall [36ms]
2025-03-02 17:47:14.625 [info] > git config --get commit.template [3ms]
2025-03-02 17:47:14.626 [info] > git for-each-ref --format=%(refname)%00%(upstream:short)%00%(objectname)%00%(upstream:track)%00%(upstream:remotename)%00%(upstream:remoteref) refs/heads/main refs/remotes/main [1ms]
2025-03-02 17:47:14.634 [info] > git for-each-ref --sort -committerdate --format %(refname) %(objectname) %(*objectname) [1ms]
2025-03-02 17:47:14.665 [info] > git status -z -uall [36ms]
2025-03-02 17:47:19.698 [info] > git config --get commit.template [4ms]
2025-03-02 17:47:19.699 [info] > git for-each-ref --format=%(refname)%00%(upstream:short)%00%(objectname)%00%(upstream:track)%00%(upstream:remotename)%00%(upstream:remoteref) refs/heads/main refs/remotes/main [2ms]
2025-03-02 17:47:19.707 [info] > git for-each-ref --sort -committerdate --format %(refname) %(objectname) %(*objectname) [1ms]
2025-03-02 17:47:19.737 [info] > git status -z -uall [35ms]
2025-03-02 17:47:21.944 [info] > git check-ignore -v -z --stdin [3ms]
2025-03-02 17:47:23.759 [info] > git check-ignore -v -z --stdin [3ms]
2025-03-02 17:47:24.772 [info] > git config --get commit.template [4ms]
2025-03-02 17:47:24.773 [info] > git for-each-ref --format=%(refname)%00%(upstream:short)%00%(objectname)%00%(upstream:track)%00%(upstream:remotename)%00%(upstream:remoteref) refs/heads/main refs/remotes/main [2ms]
2025-03-02 17:47:24.780 [info] > git for-each-ref --sort -committerdate --format %(refname) %(objectname) %(*objectname) [1ms]
2025-03-02 17:47:24.811 [info] > git status -z -uall [36ms]
2025-03-02 17:47:29.845 [info] > git config --get commit.template [3ms]
2025-03-02 17:47:29.846 [info] > git for-each-ref --format=%(refname)%00%(upstream:short)%00%(objectname)%00%(upstream:track)%00%(upstream:remotename)%00%(upstream:remoteref) refs/heads/main refs/remotes/main [2ms]
2025-03-02 17:47:29.854 [info] > git for-each-ref --sort -committerdate --format %(refname) %(objectname) %(*objectname) [0ms]
2025-03-02 17:47:29.884 [info] > git status -z -uall [35ms]
2025-03-02 17:47:34.919 [info] > git config --get commit.template [4ms]
2025-03-02 17:47:34.920 [info] > git for-each-ref --format=%(refname)%00%(upstream:short)%00%(objectname)%00%(upstream:track)%00%(upstream:remotename)%00%(upstream:remoteref) refs/heads/main refs/remotes/main [2ms]
2025-03-02 17:47:34.928 [info] > git for-each-ref --sort -committerdate --format %(refname) %(objectname) %(*objectname) [0ms]
2025-03-02 17:47:34.959 [info] > git status -z -uall [36ms]
2025-03-02 17:47:52.341 [info] > git config --get commit.template [3ms]
2025-03-02 17:47:52.342 [info] > git for-each-ref --format=%(refname)%00%(upstream:short)%00%(objectname)%00%(upstream:track)%00%(upstream:remotename)%00%(upstream:remoteref) refs/heads/main refs/remotes/main [1ms]
2025-03-02 17:47:52.350 [info] > git for-each-ref --sort -committerdate --format %(refname) %(objectname) %(*objectname) [1ms]
2025-03-02 17:47:52.381 [info] > git status -z -uall [36ms]
2025-03-02 17:48:49.459 [info] > git config --get commit.template [3ms]
2025-03-02 17:48:49.460 [info] > git for-each-ref --format=%(refname)%00%(upstream:short)%00%(objectname)%00%(upstream:track)%00%(upstream:remotename)%00%(upstream:remoteref) refs/heads/main refs/remotes/main [2ms]
2025-03-02 17:48:49.467 [info] > git for-each-ref --sort -committerdate --format %(refname) %(objectname) %(*objectname) [1ms]
2025-03-02 17:48:49.502 [info] > git status -z -uall [40ms]
2025-03-02 17:48:54.550 [info] > git config --get commit.template [3ms]
2025-03-02 17:48:54.551 [info] > git for-each-ref --format=%(refname)%00%(upstream:short)%00%(objectname)%00%(upstream:track)%00%(upstream:remotename)%00%(upstream:remoteref) refs/heads/main refs/remotes/main [2ms]
2025-03-02 17:48:54.558 [info] > git for-each-ref --sort -committerdate --format %(refname) %(objectname) %(*objectname) [1ms]
2025-03-02 17:48:54.589 [info] > git status -z -uall [36ms]
2025-03-02 17:49:32.054 [info] > git config --get commit.template [3ms]
2025-03-02 17:49:32.055 [info] > git for-each-ref --format=%(refname)%00%(upstream:short)%00%(objectname)%00%(upstream:track)%00%(upstream:remotename)%00%(upstream:remoteref) refs/heads/main refs/remotes/main [2ms]
2025-03-02 17:49:32.063 [info] > git for-each-ref --sort -committerdate --format %(refname) %(objectname) %(*objectname) [1ms]
2025-03-02 17:49:32.094 [info] > git status -z -uall [37ms]
2025-03-02 17:49:37.139 [info] > git config --get commit.template [3ms]
2025-03-02 17:49:37.140 [info] > git for-each-ref --format=%(refname)%00%(upstream:short)%00%(objectname)%00%(upstream:track)%00%(upstream:remotename)%00%(upstream:remoteref) refs/heads/main refs/remotes/main [2ms]
2025-03-02 17:49:37.146 [info] > git for-each-ref --sort -committerdate --format %(refname) %(objectname) %(*objectname) [1ms]
2025-03-02 17:49:37.180 [info] > git status -z -uall [37ms]
2025-03-02 17:49:42.216 [info] > git config --get commit.template [3ms]
2025-03-02 17:49:42.217 [info] > git for-each-ref --format=%(refname)%00%(upstream:short)%00%(objectname)%00%(upstream:track)%00%(upstream:remotename)%00%(upstream:remoteref) refs/heads/main refs/remotes/main [1ms]
2025-03-02 17:49:42.224 [info] > git for-each-ref --sort -committerdate --format %(refname) %(objectname) %(*objectname) [0ms]
2025-03-02 17:49:42.255 [info] > git status -z -uall [36ms]
2025-03-02 17:49:47.291 [info] > git config --get commit.template [3ms]
2025-03-02 17:49:47.292 [info] > git for-each-ref --format=%(refname)%00%(upstream:short)%00%(objectname)%00%(upstream:track)%00%(upstream:remotename)%00%(upstream:remoteref) refs/heads/main refs/remotes/main [2ms]
2025-03-02 17:49:47.302 [info] > git for-each-ref --sort -committerdate --format %(refname) %(objectname) %(*objectname) [3ms]
2025-03-02 17:49:47.356 [info] > git status -z -uall [61ms]
2025-03-02 17:49:52.390 [info] > git config --get commit.template [4ms]
2025-03-02 17:49:52.391 [info] > git for-each-ref --format=%(refname)%00%(upstream:short)%00%(objectname)%00%(upstream:track)%00%(upstream:remotename)%00%(upstream:remoteref) refs/heads/main refs/remotes/main [2ms]
2025-03-02 17:49:52.398 [info] > git for-each-ref --sort -committerdate --format %(refname) %(objectname) %(*objectname) [0ms]
2025-03-02 17:49:52.428 [info] > git status -z -uall [35ms]
2025-03-02 17:49:57.462 [info] > git config --get commit.template [3ms]
2025-03-02 17:49:57.463 [info] > git for-each-ref --format=%(refname)%00%(upstream:short)%00%(objectname)%00%(upstream:track)%00%(upstream:remotename)%00%(upstream:remoteref) refs/heads/main refs/remotes/main [2ms]
2025-03-02 17:49:57.469 [info] > git for-each-ref --sort -committerdate --format %(refname) %(objectname) %(*objectname) [1ms]
2025-03-02 17:49:57.501 [info] > git status -z -uall [36ms]
2025-03-02 17:50:02.534 [info] > git config --get commit.template [4ms]
2025-03-02 17:50:02.535 [info] > git for-each-ref --format=%(refname)%00%(upstream:short)%00%(objectname)%00%(upstream:track)%00%(upstream:remotename)%00%(upstream:remoteref) refs/heads/main refs/remotes/main [2ms]
2025-03-02 17:50:02.542 [info] > git for-each-ref --sort -committerdate --format %(refname) %(objectname) %(*objectname) [1ms]
2025-03-02 17:50:02.574 [info] > git status -z -uall [37ms]
2025-03-02 17:50:27.995 [info] > git config --get commit.template [3ms]
2025-03-02 17:50:27.996 [info] > git for-each-ref --format=%(refname)%00%(upstream:short)%00%(objectname)%00%(upstream:track)%00%(upstream:remotename)%00%(upstream:remoteref) refs/heads/main refs/remotes/main [1ms]
2025-03-02 17:50:28.003 [info] > git for-each-ref --sort -committerdate --format %(refname) %(objectname) %(*objectname) [2ms]
2025-03-02 17:50:28.034 [info] > git status -z -uall [35ms]
2025-03-02 17:50:30.732 [info] > git check-ignore -v -z --stdin [4ms]
2025-03-02 17:50:33.067 [info] > git config --get commit.template [4ms]
2025-03-02 17:50:33.068 [info] > git for-each-ref --format=%(refname)%00%(upstream:short)%00%(objectname)%00%(upstream:track)%00%(upstream:remotename)%00%(upstream:remoteref) refs/heads/main refs/remotes/main [2ms]
2025-03-02 17:50:33.076 [info] > git for-each-ref --sort -committerdate --format %(refname) %(objectname) %(*objectname) [1ms]
2025-03-02 17:50:33.108 [info] > git status -z -uall [37ms]
2025-03-02 17:51:28.577 [info] > git config --get commit.template [3ms]
2025-03-02 17:51:28.578 [info] > git for-each-ref --format=%(refname)%00%(upstream:short)%00%(objectname)%00%(upstream:track)%00%(upstream:remotename)%00%(upstream:remoteref) refs/heads/main refs/remotes/main [2ms]
2025-03-02 17:51:28.586 [info] > git for-each-ref --sort -committerdate --format %(refname) %(objectname) %(*objectname) [1ms]
2025-03-02 17:51:28.619 [info] > git status -z -uall [38ms]
2025-03-02 17:51:33.663 [info] > git config --get commit.template [3ms]
2025-03-02 17:51:33.664 [info] > git for-each-ref --format=%(refname)%00%(upstream:short)%00%(objectname)%00%(upstream:track)%00%(upstream:remotename)%00%(upstream:remoteref) refs/heads/main refs/remotes/main [1ms]
2025-03-02 17:51:33.672 [info] > git for-each-ref --sort -committerdate --format %(refname) %(objectname) %(*objectname) [1ms]
2025-03-02 17:51:33.702 [info] > git status -z -uall [35ms]
2025-03-02 17:51:37.474 [info] > git check-ignore -v -z --stdin [3ms]
2025-03-02 17:51:38.742 [info] > git config --get commit.template [4ms]
2025-03-02 17:51:38.743 [info] > git for-each-ref --format=%(refname)%00%(upstream:short)%00%(objectname)%00%(upstream:track)%00%(upstream:remotename)%00%(upstream:remoteref) refs/heads/main refs/remotes/main [1ms]
2025-03-02 17:51:38.751 [info] > git for-each-ref --sort -committerdate --format %(refname) %(objectname) %(*objectname) [1ms]
2025-03-02 17:51:38.782 [info] > git status -z -uall [36ms]
2025-03-02 17:51:43.495 [info] > git check-ignore -v -z --stdin [4ms]
2025-03-02 17:51:43.825 [info] > git config --get commit.template [4ms]
2025-03-02 17:51:43.826 [info] > git for-each-ref --format=%(refname)%00%(upstream:short)%00%(objectname)%00%(upstream:track)%00%(upstream:remotename)%00%(upstream:remoteref) refs/heads/main refs/remotes/main [2ms]
2025-03-02 17:51:43.834 [info] > git for-each-ref --sort -committerdate --format %(refname) %(objectname) %(*objectname) [1ms]
2025-03-02 17:51:43.865 [info] > git status -z -uall [36ms]
2025-03-02 17:51:44.759 [info] > git check-ignore -v -z --stdin [2ms]
2025-03-02 17:51:45.811 [info] > git check-ignore -v -z --stdin [3ms]
2025-03-02 17:51:48.901 [info] > git config --get commit.template [4ms]
2025-03-02 17:51:48.902 [info] > git for-each-ref --format=%(refname)%00%(upstream:short)%00%(objectname)%00%(upstream:track)%00%(upstream:remotename)%00%(upstream:remoteref) refs/heads/main refs/remotes/main [1ms]
2025-03-02 17:51:48.910 [info] > git for-each-ref --sort -committerdate --format %(refname) %(objectname) %(*objectname) [0ms]
2025-03-02 17:51:48.940 [info] > git status -z -uall [35ms]
2025-03-02 17:51:53.975 [info] > git config --get commit.template [3ms]
2025-03-02 17:51:53.975 [info] > git for-each-ref --format=%(refname)%00%(upstream:short)%00%(objectname)%00%(upstream:track)%00%(upstream:remotename)%00%(upstream:remoteref) refs/heads/main refs/remotes/main [1ms]
2025-03-02 17:51:53.983 [info] > git for-each-ref --sort -committerdate --format %(refname) %(objectname) %(*objectname) [1ms]
2025-03-02 17:51:54.014 [info] > git status -z -uall [36ms]
2025-03-02 17:51:59.050 [info] > git config --get commit.template [4ms]
2025-03-02 17:51:59.051 [info] > git for-each-ref --format=%(refname)%00%(upstream:short)%00%(objectname)%00%(upstream:track)%00%(upstream:remotename)%00%(upstream:remoteref) refs/heads/main refs/remotes/main [2ms]
2025-03-02 17:51:59.059 [info] > git for-each-ref --sort -committerdate --format %(refname) %(objectname) %(*objectname) [1ms]
2025-03-02 17:51:59.089 [info] > git status -z -uall [35ms]
2025-03-02 17:52:29.134 [info] > git config --get commit.template [3ms]
2025-03-02 17:52:29.136 [info] > git for-each-ref --format=%(refname)%00%(upstream:short)%00%(objectname)%00%(upstream:track)%00%(upstream:remotename)%00%(upstream:remoteref) refs/heads/main refs/remotes/main [1ms]
2025-03-02 17:52:29.145 [info] > git for-each-ref --sort -committerdate --format %(refname) %(objectname) %(*objectname) [2ms]
2025-03-02 17:52:29.177 [info] > git status -z -uall [38ms]
2025-03-02 17:52:34.212 [info] > git config --get commit.template [4ms]
2025-03-02 17:52:34.212 [info] > git for-each-ref --format=%(refname)%00%(upstream:short)%00%(objectname)%00%(upstream:track)%00%(upstream:remotename)%00%(upstream:remoteref) refs/heads/main refs/remotes/main [1ms]
2025-03-02 17:52:34.221 [info] > git for-each-ref --sort -committerdate --format %(refname) %(objectname) %(*objectname) [1ms]
2025-03-02 17:52:34.251 [info] > git status -z -uall [36ms]
2025-03-02 17:52:39.293 [info] > git config --get commit.template [4ms]
2025-03-02 17:52:39.294 [info] > git for-each-ref --format=%(refname)%00%(upstream:short)%00%(objectname)%00%(upstream:track)%00%(upstream:remotename)%00%(upstream:remoteref) refs/heads/main refs/remotes/main [1ms]
2025-03-02 17:52:39.304 [info] > git for-each-ref --sort -committerdate --format %(refname) %(objectname) %(*objectname) [2ms]
2025-03-02 17:52:39.334 [info] > git status -z -uall [37ms]
2025-03-02 17:52:44.372 [info] > git config --get commit.template [4ms]
2025-03-02 17:52:44.373 [info] > git for-each-ref --format=%(refname)%00%(upstream:short)%00%(objectname)%00%(upstream:track)%00%(upstream:remotename)%00%(upstream:remoteref) refs/heads/main refs/remotes/main [2ms]
2025-03-02 17:52:44.381 [info] > git for-each-ref --sort -committerdate --format %(refname) %(objectname) %(*objectname) [1ms]
2025-03-02 17:52:44.412 [info] > git status -z -uall [37ms]
2025-03-02 17:52:49.477 [info] > git config --get commit.template [4ms]
2025-03-02 17:52:49.478 [info] > git for-each-ref --format=%(refname)%00%(upstream:short)%00%(objectname)%00%(upstream:track)%00%(upstream:remotename)%00%(upstream:remoteref) refs/heads/main refs/remotes/main [3ms]
2025-03-02 17:52:49.508 [info] > git for-each-ref --sort -committerdate --format %(refname) %(objectname) %(*objectname) [3ms]
2025-03-02 17:52:49.545 [info] > git status -z -uall [49ms]
2025-03-02 17:52:54.578 [info] > git config --get commit.template [3ms]
2025-03-02 17:52:54.579 [info] > git for-each-ref --format=%(refname)%00%(upstream:short)%00%(objectname)%00%(upstream:track)%00%(upstream:remotename)%00%(upstream:remoteref) refs/heads/main refs/remotes/main [2ms]
2025-03-02 17:52:54.588 [info] > git for-each-ref --sort -committerdate --format %(refname) %(objectname) %(*objectname) [1ms]
2025-03-02 17:52:54.619 [info] > git status -z -uall [37ms]
2025-03-02 17:53:26.692 [info] > git config --get commit.template [3ms]
2025-03-02 17:53:26.693 [info] > git for-each-ref --format=%(refname)%00%(upstream:short)%00%(objectname)%00%(upstream:track)%00%(upstream:remotename)%00%(upstream:remoteref) refs/heads/main refs/remotes/main [1ms]
2025-03-02 17:53:26.701 [info] > git for-each-ref --sort -committerdate --format %(refname) %(objectname) %(*objectname) [1ms]
2025-03-02 17:53:26.733 [info] > git status -z -uall [37ms]
2025-03-02 17:53:31.770 [info] > git config --get commit.template [3ms]
2025-03-02 17:53:31.771 [info] > git for-each-ref --format=%(refname)%00%(upstream:short)%00%(objectname)%00%(upstream:track)%00%(upstream:remotename)%00%(upstream:remoteref) refs/heads/main refs/remotes/main [1ms]
2025-03-02 17:53:31.779 [info] > git for-each-ref --sort -committerdate --format %(refname) %(objectname) %(*objectname) [1ms]
2025-03-02 17:53:31.810 [info] > git status -z -uall [36ms]
2025-03-02 17:53:36.851 [info] > git config --get commit.template [3ms]
2025-03-02 17:53:36.852 [info] > git for-each-ref --format=%(refname)%00%(upstream:short)%00%(objectname)%00%(upstream:track)%00%(upstream:remotename)%00%(upstream:remoteref) refs/heads/main refs/remotes/main [1ms]
2025-03-02 17:53:36.862 [info] > git for-each-ref --sort -committerdate --format %(refname) %(objectname) %(*objectname) [3ms]
2025-03-02 17:53:36.894 [info] > git status -z -uall [39ms]
2025-03-02 17:53:41.933 [info] > git config --get commit.template [4ms]
2025-03-02 17:53:41.934 [info] > git for-each-ref --format=%(refname)%00%(upstream:short)%00%(objectname)%00%(upstream:track)%00%(upstream:remotename)%00%(upstream:remoteref) refs/heads/main refs/remotes/main [1ms]
2025-03-02 17:53:41.941 [info] > git for-each-ref --sort -committerdate --format %(refname) %(objectname) %(*objectname) [0ms]
2025-03-02 17:53:41.972 [info] > git status -z -uall [36ms]
2025-03-02 17:53:47.010 [info] > git config --get commit.template [4ms]
2025-03-02 17:53:47.011 [info] > git for-each-ref --format=%(refname)%00%(upstream:short)%00%(objectname)%00%(upstream:track)%00%(upstream:remotename)%00%(upstream:remoteref) refs/heads/main refs/remotes/main [2ms]
2025-03-02 17:53:47.020 [info] > git for-each-ref --sort -committerdate --format %(refname) %(objectname) %(*objectname) [1ms]
2025-03-02 17:53:47.050 [info] > git status -z -uall [36ms]
2025-03-02 17:53:52.084 [info] > git config --get commit.template [3ms]
2025-03-02 17:53:52.085 [info] > git for-each-ref --format=%(refname)%00%(upstream:short)%00%(objectname)%00%(upstream:track)%00%(upstream:remotename)%00%(upstream:remoteref) refs/heads/main refs/remotes/main [1ms]
2025-03-02 17:53:52.092 [info] > git for-each-ref --sort -committerdate --format %(refname) %(objectname) %(*objectname) [1ms]
2025-03-02 17:53:52.123 [info] > git status -z -uall [36ms]
2025-03-02 17:53:57.157 [info] > git config --get commit.template [4ms]
2025-03-02 17:53:57.158 [info] > git for-each-ref --format=%(refname)%00%(upstream:short)%00%(objectname)%00%(upstream:track)%00%(upstream:remotename)%00%(upstream:remoteref) refs/heads/main refs/remotes/main [2ms]
2025-03-02 17:53:57.167 [info] > git for-each-ref --sort -committerdate --format %(refname) %(objectname) %(*objectname) [1ms]
2025-03-02 17:53:57.198 [info] > git status -z -uall [37ms]
2025-03-02 17:54:11.987 [info] > git config --get commit.template [3ms]
2025-03-02 17:54:11.988 [info] > git for-each-ref --format=%(refname)%00%(upstream:short)%00%(objectname)%00%(upstream:track)%00%(upstream:remotename)%00%(upstream:remoteref) refs/heads/main refs/remotes/main [1ms]
2025-03-02 17:54:11.996 [info] > git for-each-ref --sort -committerdate --format %(refname) %(objectname) %(*objectname) [0ms]
2025-03-02 17:54:12.027 [info] > git status -z -uall [36ms]
2025-03-02 17:54:17.059 [info] > git config --get commit.template [1ms]
2025-03-02 17:54:17.064 [info] > git for-each-ref --format=%(refname)%00%(upstream:short)%00%(objectname)%00%(upstream:track)%00%(upstream:remotename)%00%(upstream:remoteref) refs/heads/main refs/remotes/main [2ms]
2025-03-02 17:54:17.072 [info] > git for-each-ref --sort -committerdate --format %(refname) %(objectname) %(*objectname) [0ms]
2025-03-02 17:54:17.103 [info] > git status -z -uall [37ms]
2025-03-02 17:54:22.138 [info] > git config --get commit.template [4ms]
2025-03-02 17:54:22.139 [info] > git for-each-ref --format=%(refname)%00%(upstream:short)%00%(objectname)%00%(upstream:track)%00%(upstream:remotename)%00%(upstream:remoteref) refs/heads/main refs/remotes/main [1ms]
2025-03-02 17:54:22.147 [info] > git for-each-ref --sort -committerdate --format %(refname) %(objectname) %(*objectname) [1ms]
2025-03-02 17:54:22.178 [info] > git status -z -uall [36ms]
2025-03-02 17:54:39.119 [info] > git config --get commit.template [3ms]
2025-03-02 17:54:39.120 [info] > git for-each-ref --format=%(refname)%00%(upstream:short)%00%(objectname)%00%(upstream:track)%00%(upstream:remotename)%00%(upstream:remoteref) refs/heads/main refs/remotes/main [1ms]
2025-03-02 17:54:39.128 [info] > git for-each-ref --sort -committerdate --format %(refname) %(objectname) %(*objectname) [0ms]
2025-03-02 17:54:39.159 [info] > git status -z -uall [36ms]
2025-03-02 17:54:44.194 [info] > git config --get commit.template [3ms]
2025-03-02 17:54:44.195 [info] > git for-each-ref --format=%(refname)%00%(upstream:short)%00%(objectname)%00%(upstream:track)%00%(upstream:remotename)%00%(upstream:remoteref) refs/heads/main refs/remotes/main [2ms]
2025-03-02 17:54:44.202 [info] > git for-each-ref --sort -committerdate --format %(refname) %(objectname) %(*objectname) [1ms]
2025-03-02 17:54:44.233 [info] > git status -z -uall [36ms]
2025-03-02 17:54:49.267 [info] > git config --get commit.template [3ms]
2025-03-02 17:54:49.268 [info] > git for-each-ref --format=%(refname)%00%(upstream:short)%00%(objectname)%00%(upstream:track)%00%(upstream:remotename)%00%(upstream:remoteref) refs/heads/main refs/remotes/main [1ms]
2025-03-02 17:54:49.276 [info] > git for-each-ref --sort -committerdate --format %(refname) %(objectname) %(*objectname) [1ms]
2025-03-02 17:54:49.306 [info] > git status -z -uall [35ms]
2025-03-02 17:55:25.354 [info] > git config --get commit.template [4ms]
2025-03-02 17:55:25.355 [info] > git for-each-ref --format=%(refname)%00%(upstream:short)%00%(objectname)%00%(upstream:track)%00%(upstream:remotename)%00%(upstream:remoteref) refs/heads/main refs/remotes/main [2ms]
2025-03-02 17:55:25.363 [info] > git for-each-ref --sort -committerdate --format %(refname) %(objectname) %(*objectname) [1ms]
2025-03-02 17:55:25.394 [info] > git status -z -uall [36ms]
2025-03-02 17:55:45.084 [info] > git config --get commit.template [3ms]
2025-03-02 17:55:45.086 [info] > git for-each-ref --format=%(refname)%00%(upstream:short)%00%(objectname)%00%(upstream:track)%00%(upstream:remotename)%00%(upstream:remoteref) refs/heads/main refs/remotes/main [1ms]
2025-03-02 17:55:45.095 [info] > git for-each-ref --sort -committerdate --format %(refname) %(objectname) %(*objectname) [1ms]
2025-03-02 17:55:45.127 [info] > git status -z -uall [38ms]
2025-03-02 17:55:50.173 [info] > git config --get commit.template [3ms]
2025-03-02 17:55:50.174 [info] > git for-each-ref --format=%(refname)%00%(upstream:short)%00%(objectname)%00%(upstream:track)%00%(upstream:remotename)%00%(upstream:remoteref) refs/heads/main refs/remotes/main [1ms]
2025-03-02 17:55:50.181 [info] > git for-each-ref --sort -committerdate --format %(refname) %(objectname) %(*objectname) [2ms]
2025-03-02 17:55:50.214 [info] > git status -z -uall [37ms]
2025-03-02 17:55:55.252 [info] > git config --get commit.template [3ms]
2025-03-02 17:55:55.252 [info] > git for-each-ref --format=%(refname)%00%(upstream:short)%00%(objectname)%00%(upstream:track)%00%(upstream:remotename)%00%(upstream:remoteref) refs/heads/main refs/remotes/main [1ms]
2025-03-02 17:55:55.260 [info] > git for-each-ref --sort -committerdate --format %(refname) %(objectname) %(*objectname) [1ms]
2025-03-02 17:55:55.294 [info] > git status -z -uall [39ms]
2025-03-02 17:56:14.237 [info] > git config --get commit.template [3ms]
2025-03-02 17:56:14.238 [info] > git for-each-ref --format=%(refname)%00%(upstream:short)%00%(objectname)%00%(upstream:track)%00%(upstream:remotename)%00%(upstream:remoteref) refs/heads/main refs/remotes/main [2ms]
2025-03-02 17:56:14.246 [info] > git for-each-ref --sort -committerdate --format %(refname) %(objectname) %(*objectname) [1ms]
2025-03-02 17:56:14.277 [info] > git status -z -uall [36ms]
2025-03-02 17:56:19.310 [info] > git config --get commit.template [4ms]
2025-03-02 17:56:19.310 [info] > git for-each-ref --format=%(refname)%00%(upstream:short)%00%(objectname)%00%(upstream:track)%00%(upstream:remotename)%00%(upstream:remoteref) refs/heads/main refs/remotes/main [1ms]
2025-03-02 17:56:19.318 [info] > git for-each-ref --sort -committerdate --format %(refname) %(objectname) %(*objectname) [0ms]
2025-03-02 17:56:19.349 [info] > git status -z -uall [36ms]
2025-03-02 17:56:24.387 [info] > git config --get commit.template [3ms]
2025-03-02 17:56:24.388 [info] > git for-each-ref --format=%(refname)%00%(upstream:short)%00%(objectname)%00%(upstream:track)%00%(upstream:remotename)%00%(upstream:remoteref) refs/heads/main refs/remotes/main [1ms]
2025-03-02 17:56:24.396 [info] > git for-each-ref --sort -committerdate --format %(refname) %(objectname) %(*objectname) [1ms]
2025-03-02 17:56:24.427 [info] > git status -z -uall [36ms]
2025-03-02 17:56:53.493 [info] > git config --get commit.template [3ms]
2025-03-02 17:56:53.494 [info] > git for-each-ref --format=%(refname)%00%(upstream:short)%00%(objectname)%00%(upstream:track)%00%(upstream:remotename)%00%(upstream:remoteref) refs/heads/main refs/remotes/main [1ms]
2025-03-02 17:56:53.502 [info] > git for-each-ref --sort -committerdate --format %(refname) %(objectname) %(*objectname) [1ms]
2025-03-02 17:56:53.532 [info] > git status -z -uall [35ms]
2025-03-02 17:56:58.566 [info] > git config --get commit.template [3ms]
2025-03-02 17:56:58.567 [info] > git for-each-ref --format=%(refname)%00%(upstream:short)%00%(objectname)%00%(upstream:track)%00%(upstream:remotename)%00%(upstream:remoteref) refs/heads/main refs/remotes/main [1ms]
2025-03-02 17:56:58.575 [info] > git for-each-ref --sort -committerdate --format %(refname) %(objectname) %(*objectname) [0ms]
2025-03-02 17:56:58.608 [info] > git status -z -uall [38ms]
