2025-03-02 19:21:09.472 [info] [main] Log level: Info
2025-03-02 19:21:09.472 [info] [main] Validating found git in: "git"
2025-03-02 19:21:09.472 [info] [main] Using git "2.34.1" from "git"
2025-03-02 19:21:09.472 [info] [Model][doInitialScan] Initial repository scan started
2025-03-02 19:21:09.472 [info] > git rev-parse --show-toplevel [20ms]
2025-03-02 19:21:09.472 [info] > git rev-parse --git-dir --git-common-dir [2ms]
2025-03-02 19:21:09.472 [info] [Model][openRepository] Opened repository: /home/student
2025-03-02 19:21:09.472 [info] > git rev-parse --show-toplevel [7ms]
2025-03-02 19:21:09.472 [info] > git config --get commit.template [10ms]
2025-03-02 19:21:09.472 [info] > git rev-parse --show-toplevel [4ms]
2025-03-02 19:21:09.476 [info] > git rev-parse --show-toplevel [1ms]
2025-03-02 19:21:09.479 [info] > git rev-parse --show-toplevel [1ms]
2025-03-02 19:21:09.482 [info] [Model][doInitialScan] Initial repository scan completed - repositories (1), closed repositories (0), parent repositories (0), unsafe repositories (0)
2025-03-02 19:21:09.497 [info] > git for-each-ref --format=%(refname)%00%(upstream:short)%00%(objectname)%00%(upstream:track)%00%(upstream:remotename)%00%(upstream:remoteref) refs/heads/main refs/remotes/main [26ms]
2025-03-02 19:21:09.505 [info] > git for-each-ref --sort -committerdate --format %(refname) %(objectname) %(*objectname) [2ms]
2025-03-02 19:21:09.597 [info] > git status -z -uall [96ms]
2025-03-02 19:21:10.144 [info] > git for-each-ref --format=%(refname)%00%(upstream:short)%00%(objectname)%00%(upstream:track)%00%(upstream:remotename)%00%(upstream:remoteref) refs/heads/main refs/remotes/main [373ms]
2025-03-02 19:21:10.154 [info] > git config --get --local branch.main.vscode-merge-base [6ms]
2025-03-02 19:21:10.154 [warning] [Git][config] git config failed: Failed to execute git
2025-03-02 19:21:10.157 [info] > git config --get commit.template [13ms]
2025-03-02 19:21:10.158 [info] > git check-ignore -v -z --stdin [8ms]
2025-03-02 19:21:10.163 [info] > git for-each-ref --format=%(refname)%00%(upstream:short)%00%(objectname)%00%(upstream:track)%00%(upstream:remotename)%00%(upstream:remoteref) refs/heads/main refs/remotes/main [2ms]
2025-03-02 19:21:10.172 [info] > git for-each-ref --sort -committerdate --format %(refname) %(objectname) %(*objectname) [0ms]
2025-03-02 19:21:10.185 [info] > git reflog main --grep-reflog=branch: Created from *. [27ms]
2025-03-02 19:21:10.192 [info] > git symbolic-ref --short refs/remotes/origin/HEAD [5ms]
2025-03-02 19:21:10.192 [info] fatal: ref refs/remotes/origin/HEAD is not a symbolic ref
2025-03-02 19:21:10.192 [warning] [Repository][getDefaultBranch] Failed to get default branch details: Failed to execute git.
2025-03-02 19:21:10.197 [info] > git merge-base refs/heads/main refs/remotes/origin/main [2ms]
2025-03-02 19:21:10.201 [info] > git diff --name-status -z --diff-filter=ADMR 0d003a9861ed4d1494c036c5586b5fc22c81e28c...refs/remotes/origin/main [2ms]
2025-03-02 19:21:10.205 [info] > git status -z -uall [39ms]
2025-03-02 19:21:13.310 [info] > git config --get commit.template [4ms]
2025-03-02 19:21:13.311 [info] > git for-each-ref --format=%(refname)%00%(upstream:short)%00%(objectname)%00%(upstream:track)%00%(upstream:remotename)%00%(upstream:remoteref) refs/heads/main refs/remotes/main [2ms]
2025-03-02 19:21:13.319 [info] > git for-each-ref --sort -committerdate --format %(refname) %(objectname) %(*objectname) [1ms]
2025-03-02 19:21:13.350 [info] > git status -z -uall [36ms]
2025-03-02 19:21:16.341 [info] > git check-ignore -v -z --stdin [4ms]
2025-03-02 19:21:17.194 [info] > git check-ignore -v -z --stdin [3ms]
2025-03-02 19:21:18.393 [info] > git config --get commit.template [4ms]
2025-03-02 19:21:18.394 [info] > git for-each-ref --format=%(refname)%00%(upstream:short)%00%(objectname)%00%(upstream:track)%00%(upstream:remotename)%00%(upstream:remoteref) refs/heads/main refs/remotes/main [2ms]
2025-03-02 19:21:18.402 [info] > git for-each-ref --sort -committerdate --format %(refname) %(objectname) %(*objectname) [1ms]
2025-03-02 19:21:18.434 [info] > git status -z -uall [37ms]
2025-03-02 19:21:23.476 [info] > git config --get commit.template [4ms]
2025-03-02 19:21:23.477 [info] > git for-each-ref --format=%(refname)%00%(upstream:short)%00%(objectname)%00%(upstream:track)%00%(upstream:remotename)%00%(upstream:remoteref) refs/heads/main refs/remotes/main [2ms]
2025-03-02 19:21:23.485 [info] > git for-each-ref --sort -committerdate --format %(refname) %(objectname) %(*objectname) [1ms]
2025-03-02 19:21:23.516 [info] > git status -z -uall [36ms]
2025-03-02 19:21:28.559 [info] > git config --get commit.template [3ms]
2025-03-02 19:21:28.560 [info] > git for-each-ref --format=%(refname)%00%(upstream:short)%00%(objectname)%00%(upstream:track)%00%(upstream:remotename)%00%(upstream:remoteref) refs/heads/main refs/remotes/main [1ms]
2025-03-02 19:21:28.568 [info] > git for-each-ref --sort -committerdate --format %(refname) %(objectname) %(*objectname) [0ms]
2025-03-02 19:21:28.600 [info] > git status -z -uall [37ms]
2025-03-02 19:25:09.475 [info] > git config --get commit.template [4ms]
2025-03-02 19:25:09.476 [info] > git for-each-ref --format=%(refname)%00%(upstream:short)%00%(objectname)%00%(upstream:track)%00%(upstream:remotename)%00%(upstream:remoteref) refs/heads/main refs/remotes/main [2ms]
2025-03-02 19:25:09.483 [info] > git for-each-ref --sort -committerdate --format %(refname) %(objectname) %(*objectname) [1ms]
2025-03-02 19:25:09.519 [info] > git status -z -uall [40ms]
2025-03-02 19:25:14.567 [info] > git config --get commit.template [4ms]
2025-03-02 19:25:14.568 [info] > git for-each-ref --format=%(refname)%00%(upstream:short)%00%(objectname)%00%(upstream:track)%00%(upstream:remotename)%00%(upstream:remoteref) refs/heads/main refs/remotes/main [2ms]
2025-03-02 19:25:14.576 [info] > git for-each-ref --sort -committerdate --format %(refname) %(objectname) %(*objectname) [0ms]
2025-03-02 19:25:14.607 [info] > git status -z -uall [36ms]
2025-03-02 19:25:19.645 [info] > git config --get commit.template [4ms]
2025-03-02 19:25:19.649 [info] > git for-each-ref --format=%(refname)%00%(upstream:short)%00%(objectname)%00%(upstream:track)%00%(upstream:remotename)%00%(upstream:remoteref) refs/heads/main refs/remotes/main [1ms]
2025-03-02 19:25:19.657 [info] > git for-each-ref --sort -committerdate --format %(refname) %(objectname) %(*objectname) [1ms]
2025-03-02 19:25:19.688 [info] > git status -z -uall [36ms]
2025-03-02 19:25:26.225 [info] > git config --get commit.template [4ms]
2025-03-02 19:25:26.225 [info] > git for-each-ref --format=%(refname)%00%(upstream:short)%00%(objectname)%00%(upstream:track)%00%(upstream:remotename)%00%(upstream:remoteref) refs/heads/main refs/remotes/main [1ms]
2025-03-02 19:25:26.235 [info] > git for-each-ref --sort -committerdate --format %(refname) %(objectname) %(*objectname) [1ms]
2025-03-02 19:25:26.266 [info] > git status -z -uall [38ms]
2025-03-02 19:25:31.305 [info] > git config --get commit.template [4ms]
2025-03-02 19:25:31.306 [info] > git for-each-ref --format=%(refname)%00%(upstream:short)%00%(objectname)%00%(upstream:track)%00%(upstream:remotename)%00%(upstream:remoteref) refs/heads/main refs/remotes/main [2ms]
2025-03-02 19:25:31.314 [info] > git for-each-ref --sort -committerdate --format %(refname) %(objectname) %(*objectname) [1ms]
2025-03-02 19:25:31.346 [info] > git status -z -uall [37ms]
2025-03-02 19:25:36.382 [info] > git config --get commit.template [4ms]
2025-03-02 19:25:36.383 [info] > git for-each-ref --format=%(refname)%00%(upstream:short)%00%(objectname)%00%(upstream:track)%00%(upstream:remotename)%00%(upstream:remoteref) refs/heads/main refs/remotes/main [2ms]
2025-03-02 19:25:36.391 [info] > git for-each-ref --sort -committerdate --format %(refname) %(objectname) %(*objectname) [1ms]
2025-03-02 19:25:36.424 [info] > git status -z -uall [38ms]
2025-03-02 19:25:41.462 [info] > git config --get commit.template [4ms]
2025-03-02 19:25:41.463 [info] > git for-each-ref --format=%(refname)%00%(upstream:short)%00%(objectname)%00%(upstream:track)%00%(upstream:remotename)%00%(upstream:remoteref) refs/heads/main refs/remotes/main [1ms]
2025-03-02 19:25:41.471 [info] > git for-each-ref --sort -committerdate --format %(refname) %(objectname) %(*objectname) [1ms]
2025-03-02 19:25:41.503 [info] > git status -z -uall [37ms]
2025-03-02 19:25:46.540 [info] > git config --get commit.template [4ms]
2025-03-02 19:25:46.541 [info] > git for-each-ref --format=%(refname)%00%(upstream:short)%00%(objectname)%00%(upstream:track)%00%(upstream:remotename)%00%(upstream:remoteref) refs/heads/main refs/remotes/main [1ms]
2025-03-02 19:25:46.549 [info] > git for-each-ref --sort -committerdate --format %(refname) %(objectname) %(*objectname) [2ms]
2025-03-02 19:25:46.582 [info] > git status -z -uall [38ms]
2025-03-02 19:25:51.619 [info] > git config --get commit.template [4ms]
2025-03-02 19:25:51.620 [info] > git for-each-ref --format=%(refname)%00%(upstream:short)%00%(objectname)%00%(upstream:track)%00%(upstream:remotename)%00%(upstream:remoteref) refs/heads/main refs/remotes/main [1ms]
2025-03-02 19:25:51.629 [info] > git for-each-ref --sort -committerdate --format %(refname) %(objectname) %(*objectname) [1ms]
2025-03-02 19:25:51.660 [info] > git status -z -uall [36ms]
2025-03-02 19:25:56.697 [info] > git config --get commit.template [4ms]
2025-03-02 19:25:56.698 [info] > git for-each-ref --format=%(refname)%00%(upstream:short)%00%(objectname)%00%(upstream:track)%00%(upstream:remotename)%00%(upstream:remoteref) refs/heads/main refs/remotes/main [2ms]
2025-03-02 19:25:56.706 [info] > git for-each-ref --sort -committerdate --format %(refname) %(objectname) %(*objectname) [0ms]
2025-03-02 19:25:56.738 [info] > git status -z -uall [37ms]
2025-03-02 19:26:01.775 [info] > git config --get commit.template [3ms]
2025-03-02 19:26:01.775 [info] > git for-each-ref --format=%(refname)%00%(upstream:short)%00%(objectname)%00%(upstream:track)%00%(upstream:remotename)%00%(upstream:remoteref) refs/heads/main refs/remotes/main [1ms]
2025-03-02 19:26:01.783 [info] > git for-each-ref --sort -committerdate --format %(refname) %(objectname) %(*objectname) [0ms]
2025-03-02 19:26:01.815 [info] > git status -z -uall [37ms]
2025-03-02 19:26:06.852 [info] > git config --get commit.template [3ms]
2025-03-02 19:26:06.853 [info] > git for-each-ref --format=%(refname)%00%(upstream:short)%00%(objectname)%00%(upstream:track)%00%(upstream:remotename)%00%(upstream:remoteref) refs/heads/main refs/remotes/main [1ms]
2025-03-02 19:26:06.862 [info] > git for-each-ref --sort -committerdate --format %(refname) %(objectname) %(*objectname) [1ms]
2025-03-02 19:26:06.893 [info] > git status -z -uall [37ms]
2025-03-02 19:26:11.931 [info] > git config --get commit.template [4ms]
2025-03-02 19:26:11.932 [info] > git for-each-ref --format=%(refname)%00%(upstream:short)%00%(objectname)%00%(upstream:track)%00%(upstream:remotename)%00%(upstream:remoteref) refs/heads/main refs/remotes/main [1ms]
2025-03-02 19:26:11.940 [info] > git for-each-ref --sort -committerdate --format %(refname) %(objectname) %(*objectname) [0ms]
2025-03-02 19:26:11.972 [info] > git status -z -uall [37ms]
2025-03-02 19:26:17.008 [info] > git config --get commit.template [3ms]
2025-03-02 19:26:17.009 [info] > git for-each-ref --format=%(refname)%00%(upstream:short)%00%(objectname)%00%(upstream:track)%00%(upstream:remotename)%00%(upstream:remoteref) refs/heads/main refs/remotes/main [1ms]
2025-03-02 19:26:17.017 [info] > git for-each-ref --sort -committerdate --format %(refname) %(objectname) %(*objectname) [1ms]
2025-03-02 19:26:17.048 [info] > git status -z -uall [36ms]
2025-03-02 19:26:22.086 [info] > git config --get commit.template [3ms]
2025-03-02 19:26:22.087 [info] > git for-each-ref --format=%(refname)%00%(upstream:short)%00%(objectname)%00%(upstream:track)%00%(upstream:remotename)%00%(upstream:remoteref) refs/heads/main refs/remotes/main [2ms]
2025-03-02 19:26:22.095 [info] > git for-each-ref --sort -committerdate --format %(refname) %(objectname) %(*objectname) [1ms]
2025-03-02 19:26:22.126 [info] > git status -z -uall [36ms]
2025-03-02 19:26:27.164 [info] > git config --get commit.template [3ms]
2025-03-02 19:26:27.165 [info] > git for-each-ref --format=%(refname)%00%(upstream:short)%00%(objectname)%00%(upstream:track)%00%(upstream:remotename)%00%(upstream:remoteref) refs/heads/main refs/remotes/main [1ms]
2025-03-02 19:26:27.173 [info] > git for-each-ref --sort -committerdate --format %(refname) %(objectname) %(*objectname) [0ms]
2025-03-02 19:26:27.205 [info] > git status -z -uall [37ms]
2025-03-02 19:26:32.242 [info] > git config --get commit.template [4ms]
2025-03-02 19:26:32.243 [info] > git for-each-ref --format=%(refname)%00%(upstream:short)%00%(objectname)%00%(upstream:track)%00%(upstream:remotename)%00%(upstream:remoteref) refs/heads/main refs/remotes/main [1ms]
2025-03-02 19:26:32.252 [info] > git for-each-ref --sort -committerdate --format %(refname) %(objectname) %(*objectname) [0ms]
2025-03-02 19:26:32.284 [info] > git status -z -uall [38ms]
2025-03-02 19:26:37.321 [info] > git config --get commit.template [4ms]
2025-03-02 19:26:37.322 [info] > git for-each-ref --format=%(refname)%00%(upstream:short)%00%(objectname)%00%(upstream:track)%00%(upstream:remotename)%00%(upstream:remoteref) refs/heads/main refs/remotes/main [2ms]
2025-03-02 19:26:37.330 [info] > git for-each-ref --sort -committerdate --format %(refname) %(objectname) %(*objectname) [1ms]
2025-03-02 19:26:37.362 [info] > git status -z -uall [37ms]
2025-03-02 19:26:45.811 [info] > git config --get commit.template [4ms]
2025-03-02 19:26:45.812 [info] > git for-each-ref --format=%(refname)%00%(upstream:short)%00%(objectname)%00%(upstream:track)%00%(upstream:remotename)%00%(upstream:remoteref) refs/heads/main refs/remotes/main [2ms]
2025-03-02 19:26:45.820 [info] > git for-each-ref --sort -committerdate --format %(refname) %(objectname) %(*objectname) [0ms]
2025-03-02 19:26:45.852 [info] > git status -z -uall [37ms]
2025-03-02 19:26:50.888 [info] > git config --get commit.template [3ms]
2025-03-02 19:26:50.889 [info] > git for-each-ref --format=%(refname)%00%(upstream:short)%00%(objectname)%00%(upstream:track)%00%(upstream:remotename)%00%(upstream:remoteref) refs/heads/main refs/remotes/main [1ms]
2025-03-02 19:26:50.897 [info] > git for-each-ref --sort -committerdate --format %(refname) %(objectname) %(*objectname) [1ms]
2025-03-02 19:26:50.928 [info] > git status -z -uall [37ms]
2025-03-02 19:26:55.964 [info] > git config --get commit.template [4ms]
2025-03-02 19:26:55.964 [info] > git for-each-ref --format=%(refname)%00%(upstream:short)%00%(objectname)%00%(upstream:track)%00%(upstream:remotename)%00%(upstream:remoteref) refs/heads/main refs/remotes/main [1ms]
2025-03-02 19:26:55.973 [info] > git for-each-ref --sort -committerdate --format %(refname) %(objectname) %(*objectname) [0ms]
2025-03-02 19:26:56.008 [info] > git status -z -uall [41ms]
2025-03-02 19:27:01.045 [info] > git config --get commit.template [4ms]
2025-03-02 19:27:01.046 [info] > git for-each-ref --format=%(refname)%00%(upstream:short)%00%(objectname)%00%(upstream:track)%00%(upstream:remotename)%00%(upstream:remoteref) refs/heads/main refs/remotes/main [1ms]
2025-03-02 19:27:01.054 [info] > git for-each-ref --sort -committerdate --format %(refname) %(objectname) %(*objectname) [1ms]
2025-03-02 19:27:01.085 [info] > git status -z -uall [36ms]
2025-03-02 19:30:28.077 [info] > git config --get commit.template [3ms]
2025-03-02 19:30:28.078 [info] > git for-each-ref --format=%(refname)%00%(upstream:short)%00%(objectname)%00%(upstream:track)%00%(upstream:remotename)%00%(upstream:remoteref) refs/heads/main refs/remotes/main [1ms]
2025-03-02 19:30:28.086 [info] > git for-each-ref --sort -committerdate --format %(refname) %(objectname) %(*objectname) [0ms]
2025-03-02 19:30:28.119 [info] > git status -z -uall [38ms]
2025-03-02 19:30:33.166 [info] > git config --get commit.template [3ms]
2025-03-02 19:30:33.167 [info] > git for-each-ref --format=%(refname)%00%(upstream:short)%00%(objectname)%00%(upstream:track)%00%(upstream:remotename)%00%(upstream:remoteref) refs/heads/main refs/remotes/main [2ms]
2025-03-02 19:30:33.175 [info] > git for-each-ref --sort -committerdate --format %(refname) %(objectname) %(*objectname) [1ms]
2025-03-02 19:30:33.207 [info] > git status -z -uall [37ms]
2025-03-02 19:30:38.248 [info] > git config --get commit.template [5ms]
2025-03-02 19:30:38.249 [info] > git for-each-ref --format=%(refname)%00%(upstream:short)%00%(objectname)%00%(upstream:track)%00%(upstream:remotename)%00%(upstream:remoteref) refs/heads/main refs/remotes/main [1ms]
2025-03-02 19:30:38.257 [info] > git for-each-ref --sort -committerdate --format %(refname) %(objectname) %(*objectname) [1ms]
2025-03-02 19:30:38.289 [info] > git status -z -uall [36ms]
2025-03-02 19:30:43.324 [info] > git config --get commit.template [3ms]
2025-03-02 19:30:43.325 [info] > git for-each-ref --format=%(refname)%00%(upstream:short)%00%(objectname)%00%(upstream:track)%00%(upstream:remotename)%00%(upstream:remoteref) refs/heads/main refs/remotes/main [1ms]
2025-03-02 19:30:43.333 [info] > git for-each-ref --sort -committerdate --format %(refname) %(objectname) %(*objectname) [1ms]
2025-03-02 19:30:43.364 [info] > git status -z -uall [36ms]
2025-03-02 19:30:48.399 [info] > git config --get commit.template [4ms]
2025-03-02 19:30:48.400 [info] > git for-each-ref --format=%(refname)%00%(upstream:short)%00%(objectname)%00%(upstream:track)%00%(upstream:remotename)%00%(upstream:remoteref) refs/heads/main refs/remotes/main [2ms]
2025-03-02 19:30:48.408 [info] > git for-each-ref --sort -committerdate --format %(refname) %(objectname) %(*objectname) [1ms]
2025-03-02 19:30:48.440 [info] > git status -z -uall [37ms]
2025-03-02 19:30:53.477 [info] > git config --get commit.template [3ms]
2025-03-02 19:30:53.478 [info] > git for-each-ref --format=%(refname)%00%(upstream:short)%00%(objectname)%00%(upstream:track)%00%(upstream:remotename)%00%(upstream:remoteref) refs/heads/main refs/remotes/main [2ms]
2025-03-02 19:30:53.485 [info] > git for-each-ref --sort -committerdate --format %(refname) %(objectname) %(*objectname) [0ms]
2025-03-02 19:30:53.518 [info] > git status -z -uall [38ms]
2025-03-02 19:30:58.578 [info] > git config --get commit.template [4ms]
2025-03-02 19:30:58.579 [info] > git for-each-ref --format=%(refname)%00%(upstream:short)%00%(objectname)%00%(upstream:track)%00%(upstream:remotename)%00%(upstream:remoteref) refs/heads/main refs/remotes/main [2ms]
2025-03-02 19:30:58.587 [info] > git for-each-ref --sort -committerdate --format %(refname) %(objectname) %(*objectname) [1ms]
2025-03-02 19:30:58.619 [info] > git status -z -uall [37ms]
2025-03-02 19:31:03.654 [info] > git config --get commit.template [4ms]
2025-03-02 19:31:03.655 [info] > git for-each-ref --format=%(refname)%00%(upstream:short)%00%(objectname)%00%(upstream:track)%00%(upstream:remotename)%00%(upstream:remoteref) refs/heads/main refs/remotes/main [2ms]
2025-03-02 19:31:03.663 [info] > git for-each-ref --sort -committerdate --format %(refname) %(objectname) %(*objectname) [1ms]
2025-03-02 19:31:03.694 [info] > git status -z -uall [36ms]
2025-03-02 19:31:08.729 [info] > git config --get commit.template [4ms]
2025-03-02 19:31:08.730 [info] > git for-each-ref --format=%(refname)%00%(upstream:short)%00%(objectname)%00%(upstream:track)%00%(upstream:remotename)%00%(upstream:remoteref) refs/heads/main refs/remotes/main [2ms]
2025-03-02 19:31:08.738 [info] > git for-each-ref --sort -committerdate --format %(refname) %(objectname) %(*objectname) [1ms]
2025-03-02 19:31:08.769 [info] > git status -z -uall [36ms]
2025-03-02 19:31:13.806 [info] > git config --get commit.template [4ms]
2025-03-02 19:31:13.807 [info] > git for-each-ref --format=%(refname)%00%(upstream:short)%00%(objectname)%00%(upstream:track)%00%(upstream:remotename)%00%(upstream:remoteref) refs/heads/main refs/remotes/main [2ms]
2025-03-02 19:31:13.815 [info] > git for-each-ref --sort -committerdate --format %(refname) %(objectname) %(*objectname) [1ms]
2025-03-02 19:31:13.847 [info] > git status -z -uall [37ms]
2025-03-02 19:32:22.425 [info] > git config --get commit.template [4ms]
2025-03-02 19:32:22.426 [info] > git for-each-ref --format=%(refname)%00%(upstream:short)%00%(objectname)%00%(upstream:track)%00%(upstream:remotename)%00%(upstream:remoteref) refs/heads/main refs/remotes/main [2ms]
2025-03-02 19:32:22.433 [info] > git for-each-ref --sort -committerdate --format %(refname) %(objectname) %(*objectname) [0ms]
2025-03-02 19:32:22.467 [info] > git status -z -uall [38ms]
2025-03-02 19:32:27.533 [info] > git config --get commit.template [1ms]
2025-03-02 19:32:27.537 [info] > git for-each-ref --format=%(refname)%00%(upstream:short)%00%(objectname)%00%(upstream:track)%00%(upstream:remotename)%00%(upstream:remoteref) refs/heads/main refs/remotes/main [1ms]
2025-03-02 19:32:27.547 [info] > git for-each-ref --sort -committerdate --format %(refname) %(objectname) %(*objectname) [1ms]
2025-03-02 19:32:27.577 [info] > git status -z -uall [36ms]
2025-03-02 19:32:32.616 [info] > git config --get commit.template [2ms]
2025-03-02 19:32:32.621 [info] > git for-each-ref --format=%(refname)%00%(upstream:short)%00%(objectname)%00%(upstream:track)%00%(upstream:remotename)%00%(upstream:remoteref) refs/heads/main refs/remotes/main [2ms]
2025-03-02 19:32:32.629 [info] > git for-each-ref --sort -committerdate --format %(refname) %(objectname) %(*objectname) [1ms]
2025-03-02 19:32:32.664 [info] > git status -z -uall [40ms]
2025-03-02 19:32:37.730 [info] > git config --get commit.template [4ms]
2025-03-02 19:32:37.730 [info] > git for-each-ref --format=%(refname)%00%(upstream:short)%00%(objectname)%00%(upstream:track)%00%(upstream:remotename)%00%(upstream:remoteref) refs/heads/main refs/remotes/main [2ms]
2025-03-02 19:32:37.739 [info] > git for-each-ref --sort -committerdate --format %(refname) %(objectname) %(*objectname) [0ms]
2025-03-02 19:32:37.770 [info] > git status -z -uall [37ms]
2025-03-02 19:33:32.729 [info] > git config --get commit.template [1ms]
2025-03-02 19:33:32.733 [info] > git for-each-ref --format=%(refname)%00%(upstream:short)%00%(objectname)%00%(upstream:track)%00%(upstream:remotename)%00%(upstream:remoteref) refs/heads/main refs/remotes/main [1ms]
2025-03-02 19:33:32.741 [info] > git for-each-ref --sort -committerdate --format %(refname) %(objectname) %(*objectname) [1ms]
2025-03-02 19:33:32.774 [info] > git status -z -uall [38ms]
2025-03-02 19:33:37.816 [info] > git config --get commit.template [4ms]
2025-03-02 19:33:37.817 [info] > git for-each-ref --format=%(refname)%00%(upstream:short)%00%(objectname)%00%(upstream:track)%00%(upstream:remotename)%00%(upstream:remoteref) refs/heads/main refs/remotes/main [2ms]
2025-03-02 19:33:37.824 [info] > git for-each-ref --sort -committerdate --format %(refname) %(objectname) %(*objectname) [1ms]
2025-03-02 19:33:37.856 [info] > git status -z -uall [37ms]
2025-03-02 19:38:01.561 [info] > git config --get commit.template [3ms]
2025-03-02 19:38:01.562 [info] > git for-each-ref --format=%(refname)%00%(upstream:short)%00%(objectname)%00%(upstream:track)%00%(upstream:remotename)%00%(upstream:remoteref) refs/heads/main refs/remotes/main [1ms]
2025-03-02 19:38:01.570 [info] > git for-each-ref --sort -committerdate --format %(refname) %(objectname) %(*objectname) [0ms]
2025-03-02 19:38:01.603 [info] > git status -z -uall [39ms]
2025-03-02 19:38:06.652 [info] > git config --get commit.template [3ms]
2025-03-02 19:38:06.652 [info] > git for-each-ref --format=%(refname)%00%(upstream:short)%00%(objectname)%00%(upstream:track)%00%(upstream:remotename)%00%(upstream:remoteref) refs/heads/main refs/remotes/main [1ms]
2025-03-02 19:38:06.663 [info] > git for-each-ref --sort -committerdate --format %(refname) %(objectname) %(*objectname) [2ms]
2025-03-02 19:38:06.694 [info] > git status -z -uall [38ms]
2025-03-02 19:38:11.735 [info] > git config --get commit.template [3ms]
2025-03-02 19:38:11.736 [info] > git for-each-ref --format=%(refname)%00%(upstream:short)%00%(objectname)%00%(upstream:track)%00%(upstream:remotename)%00%(upstream:remoteref) refs/heads/main refs/remotes/main [1ms]
2025-03-02 19:38:11.744 [info] > git for-each-ref --sort -committerdate --format %(refname) %(objectname) %(*objectname) [1ms]
2025-03-02 19:38:11.775 [info] > git status -z -uall [36ms]
2025-03-02 19:38:50.640 [info] > git config --get commit.template [3ms]
2025-03-02 19:38:50.641 [info] > git for-each-ref --format=%(refname)%00%(upstream:short)%00%(objectname)%00%(upstream:track)%00%(upstream:remotename)%00%(upstream:remoteref) refs/heads/main refs/remotes/main [2ms]
2025-03-02 19:38:50.648 [info] > git for-each-ref --sort -committerdate --format %(refname) %(objectname) %(*objectname) [0ms]
2025-03-02 19:38:50.680 [info] > git status -z -uall [37ms]
2025-03-02 19:38:57.727 [info] > git config --get commit.template [4ms]
2025-03-02 19:38:57.728 [info] > git for-each-ref --format=%(refname)%00%(upstream:short)%00%(objectname)%00%(upstream:track)%00%(upstream:remotename)%00%(upstream:remoteref) refs/heads/main refs/remotes/main [2ms]
2025-03-02 19:38:57.736 [info] > git for-each-ref --sort -committerdate --format %(refname) %(objectname) %(*objectname) [1ms]
2025-03-02 19:38:57.767 [info] > git status -z -uall [37ms]
2025-03-02 19:39:02.814 [info] > git config --get commit.template [4ms]
2025-03-02 19:39:02.815 [info] > git for-each-ref --format=%(refname)%00%(upstream:short)%00%(objectname)%00%(upstream:track)%00%(upstream:remotename)%00%(upstream:remoteref) refs/heads/main refs/remotes/main [2ms]
2025-03-02 19:39:02.823 [info] > git for-each-ref --sort -committerdate --format %(refname) %(objectname) %(*objectname) [1ms]
2025-03-02 19:39:02.854 [info] > git status -z -uall [36ms]
2025-03-02 19:39:07.895 [info] > git config --get commit.template [4ms]
2025-03-02 19:39:07.896 [info] > git for-each-ref --format=%(refname)%00%(upstream:short)%00%(objectname)%00%(upstream:track)%00%(upstream:remotename)%00%(upstream:remoteref) refs/heads/main refs/remotes/main [2ms]
2025-03-02 19:39:07.904 [info] > git for-each-ref --sort -committerdate --format %(refname) %(objectname) %(*objectname) [0ms]
2025-03-02 19:39:07.937 [info] > git status -z -uall [38ms]
2025-03-02 19:39:12.973 [info] > git config --get commit.template [4ms]
2025-03-02 19:39:12.974 [info] > git for-each-ref --format=%(refname)%00%(upstream:short)%00%(objectname)%00%(upstream:track)%00%(upstream:remotename)%00%(upstream:remoteref) refs/heads/main refs/remotes/main [1ms]
2025-03-02 19:39:12.980 [info] > git for-each-ref --sort -committerdate --format %(refname) %(objectname) %(*objectname) [2ms]
2025-03-02 19:39:13.012 [info] > git status -z -uall [36ms]
2025-03-02 19:39:37.825 [info] > git config --get commit.template [4ms]
2025-03-02 19:39:37.826 [info] > git for-each-ref --format=%(refname)%00%(upstream:short)%00%(objectname)%00%(upstream:track)%00%(upstream:remotename)%00%(upstream:remoteref) refs/heads/main refs/remotes/main [2ms]
2025-03-02 19:39:37.834 [info] > git for-each-ref --sort -committerdate --format %(refname) %(objectname) %(*objectname) [1ms]
2025-03-02 19:39:37.865 [info] > git status -z -uall [37ms]
2025-03-02 19:39:42.903 [info] > git config --get commit.template [3ms]
2025-03-02 19:39:42.903 [info] > git for-each-ref --format=%(refname)%00%(upstream:short)%00%(objectname)%00%(upstream:track)%00%(upstream:remotename)%00%(upstream:remoteref) refs/heads/main refs/remotes/main [1ms]
2025-03-02 19:39:42.911 [info] > git for-each-ref --sort -committerdate --format %(refname) %(objectname) %(*objectname) [1ms]
2025-03-02 19:39:42.943 [info] > git status -z -uall [37ms]
2025-03-02 19:39:47.982 [info] > git config --get commit.template [3ms]
2025-03-02 19:39:47.983 [info] > git for-each-ref --format=%(refname)%00%(upstream:short)%00%(objectname)%00%(upstream:track)%00%(upstream:remotename)%00%(upstream:remoteref) refs/heads/main refs/remotes/main [2ms]
2025-03-02 19:39:47.990 [info] > git for-each-ref --sort -committerdate --format %(refname) %(objectname) %(*objectname) [0ms]
2025-03-02 19:39:48.021 [info] > git status -z -uall [36ms]
2025-03-02 19:39:53.059 [info] > git config --get commit.template [4ms]
2025-03-02 19:39:53.060 [info] > git for-each-ref --format=%(refname)%00%(upstream:short)%00%(objectname)%00%(upstream:track)%00%(upstream:remotename)%00%(upstream:remoteref) refs/heads/main refs/remotes/main [1ms]
2025-03-02 19:39:53.068 [info] > git for-each-ref --sort -committerdate --format %(refname) %(objectname) %(*objectname) [0ms]
2025-03-02 19:39:53.100 [info] > git status -z -uall [37ms]
2025-03-02 19:39:58.135 [info] > git config --get commit.template [4ms]
2025-03-02 19:39:58.136 [info] > git for-each-ref --format=%(refname)%00%(upstream:short)%00%(objectname)%00%(upstream:track)%00%(upstream:remotename)%00%(upstream:remoteref) refs/heads/main refs/remotes/main [2ms]
2025-03-02 19:39:58.144 [info] > git for-each-ref --sort -committerdate --format %(refname) %(objectname) %(*objectname) [1ms]
2025-03-02 19:39:58.175 [info] > git status -z -uall [37ms]
2025-03-02 19:40:03.213 [info] > git config --get commit.template [4ms]
2025-03-02 19:40:03.214 [info] > git for-each-ref --format=%(refname)%00%(upstream:short)%00%(objectname)%00%(upstream:track)%00%(upstream:remotename)%00%(upstream:remoteref) refs/heads/main refs/remotes/main [2ms]
2025-03-02 19:40:03.222 [info] > git for-each-ref --sort -committerdate --format %(refname) %(objectname) %(*objectname) [0ms]
2025-03-02 19:40:03.254 [info] > git status -z -uall [37ms]
2025-03-02 19:40:08.290 [info] > git config --get commit.template [3ms]
2025-03-02 19:40:08.291 [info] > git for-each-ref --format=%(refname)%00%(upstream:short)%00%(objectname)%00%(upstream:track)%00%(upstream:remotename)%00%(upstream:remoteref) refs/heads/main refs/remotes/main [2ms]
2025-03-02 19:40:08.299 [info] > git for-each-ref --sort -committerdate --format %(refname) %(objectname) %(*objectname) [1ms]
2025-03-02 19:40:08.330 [info] > git status -z -uall [36ms]
2025-03-02 19:40:13.368 [info] > git config --get commit.template [5ms]
2025-03-02 19:40:13.368 [info] > git for-each-ref --format=%(refname)%00%(upstream:short)%00%(objectname)%00%(upstream:track)%00%(upstream:remotename)%00%(upstream:remoteref) refs/heads/main refs/remotes/main [1ms]
2025-03-02 19:40:13.377 [info] > git for-each-ref --sort -committerdate --format %(refname) %(objectname) %(*objectname) [1ms]
2025-03-02 19:40:13.408 [info] > git status -z -uall [37ms]
2025-03-02 19:40:18.445 [info] > git config --get commit.template [3ms]
2025-03-02 19:40:18.445 [info] > git for-each-ref --format=%(refname)%00%(upstream:short)%00%(objectname)%00%(upstream:track)%00%(upstream:remotename)%00%(upstream:remoteref) refs/heads/main refs/remotes/main [1ms]
2025-03-02 19:40:18.453 [info] > git for-each-ref --sort -committerdate --format %(refname) %(objectname) %(*objectname) [0ms]
2025-03-02 19:40:18.484 [info] > git status -z -uall [36ms]
2025-03-02 19:40:23.520 [info] > git config --get commit.template [3ms]
2025-03-02 19:40:23.521 [info] > git for-each-ref --format=%(refname)%00%(upstream:short)%00%(objectname)%00%(upstream:track)%00%(upstream:remotename)%00%(upstream:remoteref) refs/heads/main refs/remotes/main [1ms]
2025-03-02 19:40:23.529 [info] > git for-each-ref --sort -committerdate --format %(refname) %(objectname) %(*objectname) [1ms]
2025-03-02 19:40:23.561 [info] > git status -z -uall [37ms]
2025-03-02 19:43:30.684 [info] > git config --get commit.template [4ms]
2025-03-02 19:43:30.684 [info] > git for-each-ref --format=%(refname)%00%(upstream:short)%00%(objectname)%00%(upstream:track)%00%(upstream:remotename)%00%(upstream:remoteref) refs/heads/main refs/remotes/main [1ms]
2025-03-02 19:43:30.692 [info] > git for-each-ref --sort -committerdate --format %(refname) %(objectname) %(*objectname) [2ms]
2025-03-02 19:43:30.726 [info] > git status -z -uall [39ms]
2025-03-02 19:43:35.775 [info] > git config --get commit.template [3ms]
2025-03-02 19:43:35.776 [info] > git for-each-ref --format=%(refname)%00%(upstream:short)%00%(objectname)%00%(upstream:track)%00%(upstream:remotename)%00%(upstream:remoteref) refs/heads/main refs/remotes/main [1ms]
2025-03-02 19:43:35.784 [info] > git for-each-ref --sort -committerdate --format %(refname) %(objectname) %(*objectname) [1ms]
2025-03-02 19:43:35.815 [info] > git status -z -uall [37ms]
2025-03-02 19:43:40.853 [info] > git config --get commit.template [4ms]
2025-03-02 19:43:40.854 [info] > git for-each-ref --format=%(refname)%00%(upstream:short)%00%(objectname)%00%(upstream:track)%00%(upstream:remotename)%00%(upstream:remoteref) refs/heads/main refs/remotes/main [2ms]
2025-03-02 19:43:40.863 [info] > git for-each-ref --sort -committerdate --format %(refname) %(objectname) %(*objectname) [2ms]
2025-03-02 19:43:40.914 [info] > git status -z -uall [57ms]
2025-03-02 19:43:45.950 [info] > git config --get commit.template [4ms]
2025-03-02 19:43:45.951 [info] > git for-each-ref --format=%(refname)%00%(upstream:short)%00%(objectname)%00%(upstream:track)%00%(upstream:remotename)%00%(upstream:remoteref) refs/heads/main refs/remotes/main [2ms]
2025-03-02 19:43:45.959 [info] > git for-each-ref --sort -committerdate --format %(refname) %(objectname) %(*objectname) [0ms]
2025-03-02 19:43:45.991 [info] > git status -z -uall [38ms]
2025-03-02 19:43:51.055 [info] > git config --get commit.template [4ms]
2025-03-02 19:43:51.056 [info] > git for-each-ref --format=%(refname)%00%(upstream:short)%00%(objectname)%00%(upstream:track)%00%(upstream:remotename)%00%(upstream:remoteref) refs/heads/main refs/remotes/main [1ms]
2025-03-02 19:43:51.063 [info] > git for-each-ref --sort -committerdate --format %(refname) %(objectname) %(*objectname) [1ms]
2025-03-02 19:43:51.095 [info] > git status -z -uall [37ms]
2025-03-02 19:44:50.503 [info] > git config --get commit.template [3ms]
2025-03-02 19:44:50.504 [info] > git for-each-ref --format=%(refname)%00%(upstream:short)%00%(objectname)%00%(upstream:track)%00%(upstream:remotename)%00%(upstream:remoteref) refs/heads/main refs/remotes/main [1ms]
2025-03-02 19:44:50.511 [info] > git for-each-ref --sort -committerdate --format %(refname) %(objectname) %(*objectname) [0ms]
2025-03-02 19:44:50.544 [info] > git status -z -uall [38ms]
2025-03-02 19:44:55.594 [info] > git config --get commit.template [4ms]
2025-03-02 19:44:55.595 [info] > git for-each-ref --format=%(refname)%00%(upstream:short)%00%(objectname)%00%(upstream:track)%00%(upstream:remotename)%00%(upstream:remoteref) refs/heads/main refs/remotes/main [2ms]
2025-03-02 19:44:55.603 [info] > git for-each-ref --sort -committerdate --format %(refname) %(objectname) %(*objectname) [1ms]
2025-03-02 19:44:55.635 [info] > git status -z -uall [36ms]
2025-03-02 19:45:00.680 [info] > git config --get commit.template [4ms]
2025-03-02 19:45:00.681 [info] > git for-each-ref --format=%(refname)%00%(upstream:short)%00%(objectname)%00%(upstream:track)%00%(upstream:remotename)%00%(upstream:remoteref) refs/heads/main refs/remotes/main [2ms]
2025-03-02 19:45:00.690 [info] > git for-each-ref --sort -committerdate --format %(refname) %(objectname) %(*objectname) [1ms]
2025-03-02 19:45:00.723 [info] > git status -z -uall [39ms]
2025-03-02 19:46:09.836 [info] > git config --get commit.template [3ms]
2025-03-02 19:46:09.837 [info] > git for-each-ref --format=%(refname)%00%(upstream:short)%00%(objectname)%00%(upstream:track)%00%(upstream:remotename)%00%(upstream:remoteref) refs/heads/main refs/remotes/main [1ms]
2025-03-02 19:46:09.845 [info] > git for-each-ref --sort -committerdate --format %(refname) %(objectname) %(*objectname) [1ms]
2025-03-02 19:46:09.877 [info] > git status -z -uall [37ms]
2025-03-02 19:46:14.918 [info] > git config --get commit.template [3ms]
2025-03-02 19:46:14.919 [info] > git for-each-ref --format=%(refname)%00%(upstream:short)%00%(objectname)%00%(upstream:track)%00%(upstream:remotename)%00%(upstream:remoteref) refs/heads/main refs/remotes/main [2ms]
2025-03-02 19:46:14.926 [info] > git for-each-ref --sort -committerdate --format %(refname) %(objectname) %(*objectname) [1ms]
2025-03-02 19:46:14.958 [info] > git status -z -uall [37ms]
2025-03-02 19:46:19.998 [info] > git config --get commit.template [4ms]
2025-03-02 19:46:19.998 [info] > git for-each-ref --format=%(refname)%00%(upstream:short)%00%(objectname)%00%(upstream:track)%00%(upstream:remotename)%00%(upstream:remoteref) refs/heads/main refs/remotes/main [1ms]
2025-03-02 19:46:20.006 [info] > git for-each-ref --sort -committerdate --format %(refname) %(objectname) %(*objectname) [0ms]
2025-03-02 19:46:20.037 [info] > git status -z -uall [36ms]
2025-03-02 19:46:25.080 [info] > git config --get commit.template [4ms]
2025-03-02 19:46:25.081 [info] > git for-each-ref --format=%(refname)%00%(upstream:short)%00%(objectname)%00%(upstream:track)%00%(upstream:remotename)%00%(upstream:remoteref) refs/heads/main refs/remotes/main [1ms]
2025-03-02 19:46:25.089 [info] > git for-each-ref --sort -committerdate --format %(refname) %(objectname) %(*objectname) [1ms]
2025-03-02 19:46:25.121 [info] > git status -z -uall [38ms]
2025-03-02 19:46:32.177 [info] > git config --get commit.template [3ms]
2025-03-02 19:46:32.179 [info] > git for-each-ref --format=%(refname)%00%(upstream:short)%00%(objectname)%00%(upstream:track)%00%(upstream:remotename)%00%(upstream:remoteref) refs/heads/main refs/remotes/main [2ms]
2025-03-02 19:46:32.186 [info] > git for-each-ref --sort -committerdate --format %(refname) %(objectname) %(*objectname) [0ms]
2025-03-02 19:46:32.218 [info] > git status -z -uall [37ms]
2025-03-02 19:46:37.253 [info] > git config --get commit.template [4ms]
2025-03-02 19:46:37.254 [info] > git for-each-ref --format=%(refname)%00%(upstream:short)%00%(objectname)%00%(upstream:track)%00%(upstream:remotename)%00%(upstream:remoteref) refs/heads/main refs/remotes/main [1ms]
2025-03-02 19:46:37.263 [info] > git for-each-ref --sort -committerdate --format %(refname) %(objectname) %(*objectname) [1ms]
2025-03-02 19:46:37.293 [info] > git status -z -uall [36ms]
2025-03-02 19:46:42.333 [info] > git config --get commit.template [4ms]
2025-03-02 19:46:42.334 [info] > git for-each-ref --format=%(refname)%00%(upstream:short)%00%(objectname)%00%(upstream:track)%00%(upstream:remotename)%00%(upstream:remoteref) refs/heads/main refs/remotes/main [2ms]
2025-03-02 19:46:42.342 [info] > git for-each-ref --sort -committerdate --format %(refname) %(objectname) %(*objectname) [1ms]
2025-03-02 19:46:42.372 [info] > git status -z -uall [36ms]
2025-03-02 19:46:47.409 [info] > git config --get commit.template [4ms]
2025-03-02 19:46:47.410 [info] > git for-each-ref --format=%(refname)%00%(upstream:short)%00%(objectname)%00%(upstream:track)%00%(upstream:remotename)%00%(upstream:remoteref) refs/heads/main refs/remotes/main [2ms]
2025-03-02 19:46:47.418 [info] > git for-each-ref --sort -committerdate --format %(refname) %(objectname) %(*objectname) [0ms]
2025-03-02 19:46:47.449 [info] > git status -z -uall [36ms]
2025-03-02 19:46:52.481 [info] > git config --get commit.template [1ms]
2025-03-02 19:46:52.485 [info] > git for-each-ref --format=%(refname)%00%(upstream:short)%00%(objectname)%00%(upstream:track)%00%(upstream:remotename)%00%(upstream:remoteref) refs/heads/main refs/remotes/main [1ms]
2025-03-02 19:46:52.494 [info] > git for-each-ref --sort -committerdate --format %(refname) %(objectname) %(*objectname) [1ms]
2025-03-02 19:46:52.525 [info] > git status -z -uall [37ms]
2025-03-02 19:46:57.563 [info] > git config --get commit.template [4ms]
2025-03-02 19:46:57.564 [info] > git for-each-ref --format=%(refname)%00%(upstream:short)%00%(objectname)%00%(upstream:track)%00%(upstream:remotename)%00%(upstream:remoteref) refs/heads/main refs/remotes/main [2ms]
2025-03-02 19:46:57.572 [info] > git for-each-ref --sort -committerdate --format %(refname) %(objectname) %(*objectname) [1ms]
2025-03-02 19:46:57.605 [info] > git status -z -uall [37ms]
2025-03-02 19:47:21.190 [info] > git config --get commit.template [5ms]
2025-03-02 19:47:21.190 [info] > git for-each-ref --format=%(refname)%00%(upstream:short)%00%(objectname)%00%(upstream:track)%00%(upstream:remotename)%00%(upstream:remoteref) refs/heads/main refs/remotes/main [2ms]
2025-03-02 19:47:21.198 [info] > git for-each-ref --sort -committerdate --format %(refname) %(objectname) %(*objectname) [0ms]
2025-03-02 19:47:21.230 [info] > git status -z -uall [36ms]
2025-03-02 19:47:26.263 [info] > git config --get commit.template [4ms]
2025-03-02 19:47:26.264 [info] > git for-each-ref --format=%(refname)%00%(upstream:short)%00%(objectname)%00%(upstream:track)%00%(upstream:remotename)%00%(upstream:remoteref) refs/heads/main refs/remotes/main [2ms]
2025-03-02 19:47:26.272 [info] > git for-each-ref --sort -committerdate --format %(refname) %(objectname) %(*objectname) [1ms]
2025-03-02 19:47:26.305 [info] > git status -z -uall [38ms]
2025-03-02 19:47:31.369 [info] > git config --get commit.template [3ms]
2025-03-02 19:47:31.369 [info] > git for-each-ref --format=%(refname)%00%(upstream:short)%00%(objectname)%00%(upstream:track)%00%(upstream:remotename)%00%(upstream:remoteref) refs/heads/main refs/remotes/main [1ms]
2025-03-02 19:47:31.377 [info] > git for-each-ref --sort -committerdate --format %(refname) %(objectname) %(*objectname) [0ms]
2025-03-02 19:47:31.408 [info] > git status -z -uall [36ms]
2025-03-02 19:49:17.011 [info] > git config --get commit.template [4ms]
2025-03-02 19:49:17.012 [info] > git for-each-ref --format=%(refname)%00%(upstream:short)%00%(objectname)%00%(upstream:track)%00%(upstream:remotename)%00%(upstream:remoteref) refs/heads/main refs/remotes/main [2ms]
2025-03-02 19:49:17.019 [info] > git for-each-ref --sort -committerdate --format %(refname) %(objectname) %(*objectname) [0ms]
2025-03-02 19:49:17.056 [info] > git status -z -uall [42ms]
2025-03-02 19:49:22.108 [info] > git config --get commit.template [4ms]
2025-03-02 19:49:22.109 [info] > git for-each-ref --format=%(refname)%00%(upstream:short)%00%(objectname)%00%(upstream:track)%00%(upstream:remotename)%00%(upstream:remoteref) refs/heads/main refs/remotes/main [2ms]
2025-03-02 19:49:22.117 [info] > git for-each-ref --sort -committerdate --format %(refname) %(objectname) %(*objectname) [0ms]
2025-03-02 19:49:22.149 [info] > git status -z -uall [37ms]
2025-03-02 19:49:27.195 [info] > git config --get commit.template [4ms]
2025-03-02 19:49:27.196 [info] > git for-each-ref --format=%(refname)%00%(upstream:short)%00%(objectname)%00%(upstream:track)%00%(upstream:remotename)%00%(upstream:remoteref) refs/heads/main refs/remotes/main [2ms]
2025-03-02 19:49:27.204 [info] > git for-each-ref --sort -committerdate --format %(refname) %(objectname) %(*objectname) [1ms]
2025-03-02 19:49:27.236 [info] > git status -z -uall [37ms]
2025-03-02 19:50:16.773 [info] > git config --get commit.template [4ms]
2025-03-02 19:50:16.774 [info] > git for-each-ref --format=%(refname)%00%(upstream:short)%00%(objectname)%00%(upstream:track)%00%(upstream:remotename)%00%(upstream:remoteref) refs/heads/main refs/remotes/main [1ms]
2025-03-02 19:50:16.781 [info] > git for-each-ref --sort -committerdate --format %(refname) %(objectname) %(*objectname) [1ms]
2025-03-02 19:50:16.813 [info] > git status -z -uall [37ms]
2025-03-02 19:50:21.854 [info] > git config --get commit.template [3ms]
2025-03-02 19:50:21.855 [info] > git for-each-ref --format=%(refname)%00%(upstream:short)%00%(objectname)%00%(upstream:track)%00%(upstream:remotename)%00%(upstream:remoteref) refs/heads/main refs/remotes/main [1ms]
2025-03-02 19:50:21.865 [info] > git for-each-ref --sort -committerdate --format %(refname) %(objectname) %(*objectname) [2ms]
2025-03-02 19:50:21.910 [info] > git status -z -uall [52ms]
2025-03-02 19:50:26.954 [info] > git config --get commit.template [4ms]
2025-03-02 19:50:26.955 [info] > git for-each-ref --format=%(refname)%00%(upstream:short)%00%(objectname)%00%(upstream:track)%00%(upstream:remotename)%00%(upstream:remoteref) refs/heads/main refs/remotes/main [1ms]
2025-03-02 19:50:26.963 [info] > git for-each-ref --sort -committerdate --format %(refname) %(objectname) %(*objectname) [1ms]
2025-03-02 19:50:26.994 [info] > git status -z -uall [36ms]
2025-03-02 19:51:14.056 [info] > git config --get commit.template [3ms]
2025-03-02 19:51:14.057 [info] > git for-each-ref --format=%(refname)%00%(upstream:short)%00%(objectname)%00%(upstream:track)%00%(upstream:remotename)%00%(upstream:remoteref) refs/heads/main refs/remotes/main [1ms]
2025-03-02 19:51:14.065 [info] > git for-each-ref --sort -committerdate --format %(refname) %(objectname) %(*objectname) [0ms]
2025-03-02 19:51:14.098 [info] > git status -z -uall [38ms]
2025-03-02 19:51:19.169 [info] > git config --get commit.template [4ms]
2025-03-02 19:51:19.170 [info] > git for-each-ref --format=%(refname)%00%(upstream:short)%00%(objectname)%00%(upstream:track)%00%(upstream:remotename)%00%(upstream:remoteref) refs/heads/main refs/remotes/main [1ms]
2025-03-02 19:51:19.177 [info] > git for-each-ref --sort -committerdate --format %(refname) %(objectname) %(*objectname) [0ms]
2025-03-02 19:51:19.209 [info] > git status -z -uall [37ms]
2025-03-02 19:52:16.140 [info] > git config --get commit.template [4ms]
2025-03-02 19:52:16.140 [info] > git for-each-ref --format=%(refname)%00%(upstream:short)%00%(objectname)%00%(upstream:track)%00%(upstream:remotename)%00%(upstream:remoteref) refs/heads/main refs/remotes/main [1ms]
2025-03-02 19:52:16.149 [info] > git for-each-ref --sort -committerdate --format %(refname) %(objectname) %(*objectname) [1ms]
2025-03-02 19:52:16.180 [info] > git status -z -uall [37ms]
2025-03-02 19:52:21.229 [info] > git config --get commit.template [3ms]
2025-03-02 19:52:21.230 [info] > git for-each-ref --format=%(refname)%00%(upstream:short)%00%(objectname)%00%(upstream:track)%00%(upstream:remotename)%00%(upstream:remoteref) refs/heads/main refs/remotes/main [1ms]
2025-03-02 19:52:21.237 [info] > git for-each-ref --sort -committerdate --format %(refname) %(objectname) %(*objectname) [0ms]
2025-03-02 19:52:21.268 [info] > git status -z -uall [36ms]
2025-03-02 19:52:26.311 [info] > git config --get commit.template [4ms]
2025-03-02 19:52:26.312 [info] > git for-each-ref --format=%(refname)%00%(upstream:short)%00%(objectname)%00%(upstream:track)%00%(upstream:remotename)%00%(upstream:remoteref) refs/heads/main refs/remotes/main [1ms]
2025-03-02 19:52:26.319 [info] > git for-each-ref --sort -committerdate --format %(refname) %(objectname) %(*objectname) [0ms]
2025-03-02 19:52:26.351 [info] > git status -z -uall [36ms]
2025-03-02 19:54:05.233 [info] > git config --get commit.template [3ms]
2025-03-02 19:54:05.233 [info] > git for-each-ref --format=%(refname)%00%(upstream:short)%00%(objectname)%00%(upstream:track)%00%(upstream:remotename)%00%(upstream:remoteref) refs/heads/main refs/remotes/main [1ms]
2025-03-02 19:54:05.240 [info] > git for-each-ref --sort -committerdate --format %(refname) %(objectname) %(*objectname) [0ms]
2025-03-02 19:54:05.272 [info] > git status -z -uall [36ms]
2025-03-02 19:54:10.311 [info] > git config --get commit.template [4ms]
2025-03-02 19:54:10.311 [info] > git for-each-ref --format=%(refname)%00%(upstream:short)%00%(objectname)%00%(upstream:track)%00%(upstream:remotename)%00%(upstream:remoteref) refs/heads/main refs/remotes/main [1ms]
2025-03-02 19:54:10.319 [info] > git for-each-ref --sort -committerdate --format %(refname) %(objectname) %(*objectname) [0ms]
2025-03-02 19:54:10.354 [info] > git status -z -uall [40ms]
2025-03-02 19:54:15.421 [info] > git config --get commit.template [3ms]
2025-03-02 19:54:15.422 [info] > git for-each-ref --format=%(refname)%00%(upstream:short)%00%(objectname)%00%(upstream:track)%00%(upstream:remotename)%00%(upstream:remoteref) refs/heads/main refs/remotes/main [1ms]
2025-03-02 19:54:15.430 [info] > git for-each-ref --sort -committerdate --format %(refname) %(objectname) %(*objectname) [0ms]
2025-03-02 19:54:15.463 [info] > git status -z -uall [39ms]
2025-03-02 19:54:20.530 [info] > git config --get commit.template [3ms]
2025-03-02 19:54:20.531 [info] > git for-each-ref --format=%(refname)%00%(upstream:short)%00%(objectname)%00%(upstream:track)%00%(upstream:remotename)%00%(upstream:remoteref) refs/heads/main refs/remotes/main [2ms]
2025-03-02 19:54:20.539 [info] > git for-each-ref --sort -committerdate --format %(refname) %(objectname) %(*objectname) [1ms]
2025-03-02 19:54:20.571 [info] > git status -z -uall [38ms]
2025-03-02 19:54:25.604 [info] > git config --get commit.template [4ms]
2025-03-02 19:54:25.605 [info] > git for-each-ref --format=%(refname)%00%(upstream:short)%00%(objectname)%00%(upstream:track)%00%(upstream:remotename)%00%(upstream:remoteref) refs/heads/main refs/remotes/main [2ms]
2025-03-02 19:54:25.613 [info] > git for-each-ref --sort -committerdate --format %(refname) %(objectname) %(*objectname) [1ms]
2025-03-02 19:54:25.645 [info] > git status -z -uall [37ms]
2025-03-02 19:54:30.679 [info] > git config --get commit.template [3ms]
2025-03-02 19:54:30.680 [info] > git for-each-ref --format=%(refname)%00%(upstream:short)%00%(objectname)%00%(upstream:track)%00%(upstream:remotename)%00%(upstream:remoteref) refs/heads/main refs/remotes/main [1ms]
2025-03-02 19:54:30.689 [info] > git for-each-ref --sort -committerdate --format %(refname) %(objectname) %(*objectname) [1ms]
2025-03-02 19:54:30.720 [info] > git status -z -uall [36ms]
2025-03-02 19:59:54.589 [info] > git config --get commit.template [3ms]
2025-03-02 19:59:54.590 [info] > git for-each-ref --format=%(refname)%00%(upstream:short)%00%(objectname)%00%(upstream:track)%00%(upstream:remotename)%00%(upstream:remoteref) refs/heads/main refs/remotes/main [2ms]
2025-03-02 19:59:54.597 [info] > git for-each-ref --sort -committerdate --format %(refname) %(objectname) %(*objectname) [0ms]
2025-03-02 19:59:54.633 [info] > git status -z -uall [41ms]
2025-03-02 19:59:59.685 [info] > git config --get commit.template [5ms]
2025-03-02 19:59:59.686 [info] > git for-each-ref --format=%(refname)%00%(upstream:short)%00%(objectname)%00%(upstream:track)%00%(upstream:remotename)%00%(upstream:remoteref) refs/heads/main refs/remotes/main [2ms]
2025-03-02 19:59:59.694 [info] > git for-each-ref --sort -committerdate --format %(refname) %(objectname) %(*objectname) [1ms]
2025-03-02 19:59:59.726 [info] > git status -z -uall [37ms]
2025-03-02 20:00:10.037 [info] > git config --get commit.template [3ms]
2025-03-02 20:00:10.038 [info] > git for-each-ref --format=%(refname)%00%(upstream:short)%00%(objectname)%00%(upstream:track)%00%(upstream:remotename)%00%(upstream:remoteref) refs/heads/main refs/remotes/main [2ms]
2025-03-02 20:00:10.046 [info] > git for-each-ref --sort -committerdate --format %(refname) %(objectname) %(*objectname) [1ms]
2025-03-02 20:00:10.077 [info] > git status -z -uall [36ms]
2025-03-02 20:00:15.115 [info] > git config --get commit.template [4ms]
2025-03-02 20:00:15.116 [info] > git for-each-ref --format=%(refname)%00%(upstream:short)%00%(objectname)%00%(upstream:track)%00%(upstream:remotename)%00%(upstream:remoteref) refs/heads/main refs/remotes/main [2ms]
2025-03-02 20:00:15.124 [info] > git for-each-ref --sort -committerdate --format %(refname) %(objectname) %(*objectname) [0ms]
2025-03-02 20:00:15.156 [info] > git status -z -uall [36ms]
2025-03-02 20:00:20.192 [info] > git config --get commit.template [4ms]
2025-03-02 20:00:20.193 [info] > git for-each-ref --format=%(refname)%00%(upstream:short)%00%(objectname)%00%(upstream:track)%00%(upstream:remotename)%00%(upstream:remoteref) refs/heads/main refs/remotes/main [1ms]
2025-03-02 20:00:20.201 [info] > git for-each-ref --sort -committerdate --format %(refname) %(objectname) %(*objectname) [2ms]
2025-03-02 20:00:20.234 [info] > git status -z -uall [38ms]
2025-03-02 20:00:29.118 [info] > git config --get commit.template [4ms]
2025-03-02 20:00:29.120 [info] > git for-each-ref --format=%(refname)%00%(upstream:short)%00%(objectname)%00%(upstream:track)%00%(upstream:remotename)%00%(upstream:remoteref) refs/heads/main refs/remotes/main [1ms]
2025-03-02 20:00:29.128 [info] > git for-each-ref --sort -committerdate --format %(refname) %(objectname) %(*objectname) [1ms]
2025-03-02 20:00:29.160 [info] > git status -z -uall [38ms]
2025-03-02 20:00:34.226 [info] > git config --get commit.template [4ms]
2025-03-02 20:00:34.227 [info] > git for-each-ref --format=%(refname)%00%(upstream:short)%00%(objectname)%00%(upstream:track)%00%(upstream:remotename)%00%(upstream:remoteref) refs/heads/main refs/remotes/main [1ms]
2025-03-02 20:00:34.235 [info] > git for-each-ref --sort -committerdate --format %(refname) %(objectname) %(*objectname) [0ms]
2025-03-02 20:00:34.266 [info] > git status -z -uall [37ms]
2025-03-02 20:00:39.299 [info] > git config --get commit.template [4ms]
2025-03-02 20:00:39.299 [info] > git for-each-ref --format=%(refname)%00%(upstream:short)%00%(objectname)%00%(upstream:track)%00%(upstream:remotename)%00%(upstream:remoteref) refs/heads/main refs/remotes/main [1ms]
2025-03-02 20:00:39.308 [info] > git for-each-ref --sort -committerdate --format %(refname) %(objectname) %(*objectname) [1ms]
2025-03-02 20:00:39.338 [info] > git status -z -uall [36ms]
2025-03-02 20:00:44.374 [info] > git config --get commit.template [5ms]
2025-03-02 20:00:44.374 [info] > git for-each-ref --format=%(refname)%00%(upstream:short)%00%(objectname)%00%(upstream:track)%00%(upstream:remotename)%00%(upstream:remoteref) refs/heads/main refs/remotes/main [1ms]
2025-03-02 20:00:44.383 [info] > git for-each-ref --sort -committerdate --format %(refname) %(objectname) %(*objectname) [1ms]
2025-03-02 20:00:44.414 [info] > git status -z -uall [37ms]
2025-03-02 20:00:49.449 [info] > git config --get commit.template [3ms]
2025-03-02 20:00:49.450 [info] > git for-each-ref --format=%(refname)%00%(upstream:short)%00%(objectname)%00%(upstream:track)%00%(upstream:remotename)%00%(upstream:remoteref) refs/heads/main refs/remotes/main [1ms]
2025-03-02 20:00:49.458 [info] > git for-each-ref --sort -committerdate --format %(refname) %(objectname) %(*objectname) [1ms]
2025-03-02 20:00:49.489 [info] > git status -z -uall [36ms]
2025-03-02 20:01:45.176 [info] > git config --get commit.template [4ms]
2025-03-02 20:01:45.176 [info] > git for-each-ref --format=%(refname)%00%(upstream:short)%00%(objectname)%00%(upstream:track)%00%(upstream:remotename)%00%(upstream:remoteref) refs/heads/main refs/remotes/main [2ms]
2025-03-02 20:01:45.184 [info] > git for-each-ref --sort -committerdate --format %(refname) %(objectname) %(*objectname) [0ms]
2025-03-02 20:01:45.216 [info] > git status -z -uall [37ms]
2025-03-02 20:01:50.256 [info] > git config --get commit.template [3ms]
2025-03-02 20:01:50.257 [info] > git for-each-ref --format=%(refname)%00%(upstream:short)%00%(objectname)%00%(upstream:track)%00%(upstream:remotename)%00%(upstream:remoteref) refs/heads/main refs/remotes/main [1ms]
2025-03-02 20:01:50.265 [info] > git for-each-ref --sort -committerdate --format %(refname) %(objectname) %(*objectname) [0ms]
2025-03-02 20:01:50.296 [info] > git status -z -uall [36ms]
2025-03-02 20:01:55.342 [info] > git config --get commit.template [4ms]
2025-03-02 20:01:55.343 [info] > git for-each-ref --format=%(refname)%00%(upstream:short)%00%(objectname)%00%(upstream:track)%00%(upstream:remotename)%00%(upstream:remoteref) refs/heads/main refs/remotes/main [2ms]
2025-03-02 20:01:55.351 [info] > git for-each-ref --sort -committerdate --format %(refname) %(objectname) %(*objectname) [1ms]
2025-03-02 20:01:55.382 [info] > git status -z -uall [37ms]
2025-03-02 20:02:00.421 [info] > git config --get commit.template [3ms]
2025-03-02 20:02:00.422 [info] > git for-each-ref --format=%(refname)%00%(upstream:short)%00%(objectname)%00%(upstream:track)%00%(upstream:remotename)%00%(upstream:remoteref) refs/heads/main refs/remotes/main [2ms]
2025-03-02 20:02:00.430 [info] > git for-each-ref --sort -committerdate --format %(refname) %(objectname) %(*objectname) [0ms]
2025-03-02 20:02:00.462 [info] > git status -z -uall [37ms]
2025-03-02 20:02:05.499 [info] > git config --get commit.template [4ms]
2025-03-02 20:02:05.500 [info] > git for-each-ref --format=%(refname)%00%(upstream:short)%00%(objectname)%00%(upstream:track)%00%(upstream:remotename)%00%(upstream:remoteref) refs/heads/main refs/remotes/main [2ms]
2025-03-02 20:02:05.508 [info] > git for-each-ref --sort -committerdate --format %(refname) %(objectname) %(*objectname) [1ms]
2025-03-02 20:02:05.542 [info] > git status -z -uall [39ms]
2025-03-02 20:02:11.660 [info] > git config --get commit.template [4ms]
2025-03-02 20:02:11.661 [info] > git for-each-ref --format=%(refname)%00%(upstream:short)%00%(objectname)%00%(upstream:track)%00%(upstream:remotename)%00%(upstream:remoteref) refs/heads/main refs/remotes/main [2ms]
2025-03-02 20:02:11.668 [info] > git for-each-ref --sort -committerdate --format %(refname) %(objectname) %(*objectname) [2ms]
2025-03-02 20:02:11.701 [info] > git status -z -uall [38ms]
2025-03-02 20:02:16.740 [info] > git config --get commit.template [3ms]
2025-03-02 20:02:16.741 [info] > git for-each-ref --format=%(refname)%00%(upstream:short)%00%(objectname)%00%(upstream:track)%00%(upstream:remotename)%00%(upstream:remoteref) refs/heads/main refs/remotes/main [1ms]
2025-03-02 20:02:16.749 [info] > git for-each-ref --sort -committerdate --format %(refname) %(objectname) %(*objectname) [1ms]
2025-03-02 20:02:16.780 [info] > git status -z -uall [36ms]
2025-03-02 20:02:21.817 [info] > git config --get commit.template [3ms]
2025-03-02 20:02:21.817 [info] > git for-each-ref --format=%(refname)%00%(upstream:short)%00%(objectname)%00%(upstream:track)%00%(upstream:remotename)%00%(upstream:remoteref) refs/heads/main refs/remotes/main [1ms]
2025-03-02 20:02:21.825 [info] > git for-each-ref --sort -committerdate --format %(refname) %(objectname) %(*objectname) [0ms]
2025-03-02 20:02:21.858 [info] > git status -z -uall [38ms]
2025-03-02 20:02:26.925 [info] > git config --get commit.template [3ms]
2025-03-02 20:02:26.926 [info] > git for-each-ref --format=%(refname)%00%(upstream:short)%00%(objectname)%00%(upstream:track)%00%(upstream:remotename)%00%(upstream:remoteref) refs/heads/main refs/remotes/main [2ms]
2025-03-02 20:02:26.934 [info] > git for-each-ref --sort -committerdate --format %(refname) %(objectname) %(*objectname) [1ms]
2025-03-02 20:02:26.965 [info] > git status -z -uall [36ms]
2025-03-02 20:02:28.768 [info] > git check-ignore -v -z --stdin [2ms]
2025-03-02 20:02:32.000 [info] > git config --get commit.template [4ms]
2025-03-02 20:02:32.001 [info] > git for-each-ref --format=%(refname)%00%(upstream:short)%00%(objectname)%00%(upstream:track)%00%(upstream:remotename)%00%(upstream:remoteref) refs/heads/main refs/remotes/main [1ms]
2025-03-02 20:02:32.009 [info] > git for-each-ref --sort -committerdate --format %(refname) %(objectname) %(*objectname) [1ms]
2025-03-02 20:02:32.040 [info] > git status -z -uall [36ms]
2025-03-02 20:02:37.076 [info] > git config --get commit.template [3ms]
2025-03-02 20:02:37.077 [info] > git for-each-ref --format=%(refname)%00%(upstream:short)%00%(objectname)%00%(upstream:track)%00%(upstream:remotename)%00%(upstream:remoteref) refs/heads/main refs/remotes/main [1ms]
2025-03-02 20:02:37.085 [info] > git for-each-ref --sort -committerdate --format %(refname) %(objectname) %(*objectname) [1ms]
2025-03-02 20:02:37.117 [info] > git status -z -uall [37ms]
2025-03-02 20:02:46.494 [info] > git config --get commit.template [3ms]
2025-03-02 20:02:46.495 [info] > git for-each-ref --format=%(refname)%00%(upstream:short)%00%(objectname)%00%(upstream:track)%00%(upstream:remotename)%00%(upstream:remoteref) refs/heads/main refs/remotes/main [2ms]
2025-03-02 20:02:46.503 [info] > git for-each-ref --sort -committerdate --format %(refname) %(objectname) %(*objectname) [1ms]
2025-03-02 20:02:46.534 [info] > git status -z -uall [36ms]
2025-03-02 20:02:51.571 [info] > git config --get commit.template [4ms]
2025-03-02 20:02:51.573 [info] > git for-each-ref --format=%(refname)%00%(upstream:short)%00%(objectname)%00%(upstream:track)%00%(upstream:remotename)%00%(upstream:remoteref) refs/heads/main refs/remotes/main [1ms]
2025-03-02 20:02:51.581 [info] > git for-each-ref --sort -committerdate --format %(refname) %(objectname) %(*objectname) [1ms]
2025-03-02 20:02:51.613 [info] > git status -z -uall [38ms]
2025-03-02 20:02:52.044 [info] > git check-ignore -v -z --stdin [6ms]
2025-03-02 20:02:52.835 [info] > git check-ignore -v -z --stdin [2ms]
2025-03-02 20:02:56.654 [info] > git config --get commit.template [3ms]
2025-03-02 20:02:56.655 [info] > git for-each-ref --format=%(refname)%00%(upstream:short)%00%(objectname)%00%(upstream:track)%00%(upstream:remotename)%00%(upstream:remoteref) refs/heads/main refs/remotes/main [1ms]
2025-03-02 20:02:56.662 [info] > git for-each-ref --sort -committerdate --format %(refname) %(objectname) %(*objectname) [0ms]
2025-03-02 20:02:56.695 [info] > git status -z -uall [38ms]
2025-03-02 20:02:57.141 [info] > git check-ignore -v -z --stdin [24ms]
2025-03-02 20:03:01.731 [info] > git config --get commit.template [4ms]
2025-03-02 20:03:01.732 [info] > git for-each-ref --format=%(refname)%00%(upstream:short)%00%(objectname)%00%(upstream:track)%00%(upstream:remotename)%00%(upstream:remoteref) refs/heads/main refs/remotes/main [2ms]
2025-03-02 20:03:01.740 [info] > git for-each-ref --sort -committerdate --format %(refname) %(objectname) %(*objectname) [0ms]
2025-03-02 20:03:01.771 [info] > git status -z -uall [36ms]
2025-03-02 20:05:57.629 [info] > git config --get commit.template [4ms]
2025-03-02 20:05:57.630 [info] > git for-each-ref --format=%(refname)%00%(upstream:short)%00%(objectname)%00%(upstream:track)%00%(upstream:remotename)%00%(upstream:remoteref) refs/heads/main refs/remotes/main [2ms]
2025-03-02 20:05:57.637 [info] > git for-each-ref --sort -committerdate --format %(refname) %(objectname) %(*objectname) [1ms]
2025-03-02 20:05:57.672 [info] > git status -z -uall [39ms]
2025-03-02 20:06:03.468 [info] > git config --get commit.template [3ms]
2025-03-02 20:06:03.469 [info] > git for-each-ref --format=%(refname)%00%(upstream:short)%00%(objectname)%00%(upstream:track)%00%(upstream:remotename)%00%(upstream:remoteref) refs/heads/main refs/remotes/main [2ms]
2025-03-02 20:06:03.479 [info] > git for-each-ref --sort -committerdate --format %(refname) %(objectname) %(*objectname) [2ms]
2025-03-02 20:06:03.510 [info] > git status -z -uall [38ms]
2025-03-02 20:06:08.556 [info] > git config --get commit.template [3ms]
2025-03-02 20:06:08.557 [info] > git for-each-ref --format=%(refname)%00%(upstream:short)%00%(objectname)%00%(upstream:track)%00%(upstream:remotename)%00%(upstream:remoteref) refs/heads/main refs/remotes/main [2ms]
2025-03-02 20:06:08.564 [info] > git for-each-ref --sort -committerdate --format %(refname) %(objectname) %(*objectname) [0ms]
2025-03-02 20:06:08.597 [info] > git status -z -uall [38ms]
2025-03-02 20:06:13.638 [info] > git config --get commit.template [4ms]
2025-03-02 20:06:13.639 [info] > git for-each-ref --format=%(refname)%00%(upstream:short)%00%(objectname)%00%(upstream:track)%00%(upstream:remotename)%00%(upstream:remoteref) refs/heads/main refs/remotes/main [2ms]
2025-03-02 20:06:13.647 [info] > git for-each-ref --sort -committerdate --format %(refname) %(objectname) %(*objectname) [1ms]
2025-03-02 20:06:13.678 [info] > git status -z -uall [36ms]
2025-03-02 20:06:18.717 [info] > git config --get commit.template [4ms]
2025-03-02 20:06:18.718 [info] > git for-each-ref --format=%(refname)%00%(upstream:short)%00%(objectname)%00%(upstream:track)%00%(upstream:remotename)%00%(upstream:remoteref) refs/heads/main refs/remotes/main [2ms]
2025-03-02 20:06:18.726 [info] > git for-each-ref --sort -committerdate --format %(refname) %(objectname) %(*objectname) [0ms]
2025-03-02 20:06:18.759 [info] > git status -z -uall [37ms]
2025-03-02 20:06:23.798 [info] > git config --get commit.template [3ms]
2025-03-02 20:06:23.799 [info] > git for-each-ref --format=%(refname)%00%(upstream:short)%00%(objectname)%00%(upstream:track)%00%(upstream:remotename)%00%(upstream:remoteref) refs/heads/main refs/remotes/main [2ms]
2025-03-02 20:06:23.807 [info] > git for-each-ref --sort -committerdate --format %(refname) %(objectname) %(*objectname) [0ms]
2025-03-02 20:06:23.840 [info] > git status -z -uall [38ms]
2025-03-02 20:06:27.848 [info] > git config --get commit.template [3ms]
2025-03-02 20:06:27.850 [info] > git for-each-ref --format=%(refname)%00%(upstream:short)%00%(objectname)%00%(upstream:track)%00%(upstream:remotename)%00%(upstream:remoteref) refs/heads/main refs/remotes/main [2ms]
2025-03-02 20:06:27.862 [info] > git for-each-ref --sort -committerdate --format %(refname) %(objectname) %(*objectname) [6ms]
2025-03-02 20:06:27.900 [info] > git status -z -uall [47ms]
2025-03-02 20:06:28.894 [info] > git config --get commit.template [3ms]
2025-03-02 20:06:28.895 [info] > git for-each-ref --format=%(refname)%00%(upstream:short)%00%(objectname)%00%(upstream:track)%00%(upstream:remotename)%00%(upstream:remoteref) refs/heads/main refs/remotes/main [1ms]
2025-03-02 20:06:28.907 [info] > git for-each-ref --sort -committerdate --format %(refname) %(objectname) %(*objectname) [3ms]
2025-03-02 20:06:28.934 [info] > git status -z -uall [35ms]
2025-03-02 20:06:35.385 [info] > git config --get commit.template [3ms]
2025-03-02 20:06:35.386 [info] > git for-each-ref --format=%(refname)%00%(upstream:short)%00%(objectname)%00%(upstream:track)%00%(upstream:remotename)%00%(upstream:remoteref) refs/heads/main refs/remotes/main [1ms]
2025-03-02 20:06:35.395 [info] > git for-each-ref --sort -committerdate --format %(refname) %(objectname) %(*objectname) [1ms]
2025-03-02 20:06:35.425 [info] > git status -z -uall [36ms]
2025-03-02 20:06:40.464 [info] > git config --get commit.template [4ms]
2025-03-02 20:06:40.465 [info] > git for-each-ref --format=%(refname)%00%(upstream:short)%00%(objectname)%00%(upstream:track)%00%(upstream:remotename)%00%(upstream:remoteref) refs/heads/main refs/remotes/main [1ms]
2025-03-02 20:06:40.477 [info] > git for-each-ref --sort -committerdate --format %(refname) %(objectname) %(*objectname) [1ms]
2025-03-02 20:06:40.504 [info] > git status -z -uall [36ms]
2025-03-02 20:06:45.546 [info] > git config --get commit.template [4ms]
2025-03-02 20:06:45.547 [info] > git for-each-ref --format=%(refname)%00%(upstream:short)%00%(objectname)%00%(upstream:track)%00%(upstream:remotename)%00%(upstream:remoteref) refs/heads/main refs/remotes/main [2ms]
2025-03-02 20:06:45.555 [info] > git for-each-ref --sort -committerdate --format %(refname) %(objectname) %(*objectname) [0ms]
2025-03-02 20:06:45.585 [info] > git status -z -uall [35ms]
2025-03-02 20:06:50.624 [info] > git config --get commit.template [3ms]
2025-03-02 20:06:50.625 [info] > git for-each-ref --format=%(refname)%00%(upstream:short)%00%(objectname)%00%(upstream:track)%00%(upstream:remotename)%00%(upstream:remoteref) refs/heads/main refs/remotes/main [1ms]
2025-03-02 20:06:50.633 [info] > git for-each-ref --sort -committerdate --format %(refname) %(objectname) %(*objectname) [1ms]
2025-03-02 20:06:50.667 [info] > git status -z -uall [39ms]
2025-03-02 20:06:55.710 [info] > git config --get commit.template [4ms]
2025-03-02 20:06:55.711 [info] > git for-each-ref --format=%(refname)%00%(upstream:short)%00%(objectname)%00%(upstream:track)%00%(upstream:remotename)%00%(upstream:remoteref) refs/heads/main refs/remotes/main [1ms]
2025-03-02 20:06:55.727 [info] > git for-each-ref --sort -committerdate --format %(refname) %(objectname) %(*objectname) [7ms]
2025-03-02 20:06:55.770 [info] > git status -z -uall [56ms]
2025-03-02 20:07:56.138 [info] > git config --get commit.template [3ms]
2025-03-02 20:07:56.138 [info] > git for-each-ref --format=%(refname)%00%(upstream:short)%00%(objectname)%00%(upstream:track)%00%(upstream:remotename)%00%(upstream:remoteref) refs/heads/main refs/remotes/main [1ms]
2025-03-02 20:07:56.147 [info] > git for-each-ref --sort -committerdate --format %(refname) %(objectname) %(*objectname) [4ms]
2025-03-02 20:07:56.181 [info] > git status -z -uall [40ms]
2025-03-02 20:08:01.234 [info] > git config --get commit.template [3ms]
2025-03-02 20:08:01.235 [info] > git for-each-ref --format=%(refname)%00%(upstream:short)%00%(objectname)%00%(upstream:track)%00%(upstream:remotename)%00%(upstream:remoteref) refs/heads/main refs/remotes/main [2ms]
2025-03-02 20:08:01.247 [info] > git for-each-ref --sort -committerdate --format %(refname) %(objectname) %(*objectname) [7ms]
2025-03-02 20:08:01.274 [info] > git status -z -uall [35ms]
2025-03-02 20:08:08.028 [info] > git config --get commit.template [4ms]
2025-03-02 20:08:08.029 [info] > git for-each-ref --format=%(refname)%00%(upstream:short)%00%(objectname)%00%(upstream:track)%00%(upstream:remotename)%00%(upstream:remoteref) refs/heads/main refs/remotes/main [2ms]
2025-03-02 20:08:08.040 [info] > git for-each-ref --sort -committerdate --format %(refname) %(objectname) %(*objectname) [5ms]
2025-03-02 20:08:08.068 [info] > git status -z -uall [36ms]
2025-03-02 20:09:18.649 [info] > git config --get commit.template [2ms]
2025-03-02 20:09:18.658 [info] > git for-each-ref --format=%(refname)%00%(upstream:short)%00%(objectname)%00%(upstream:track)%00%(upstream:remotename)%00%(upstream:remoteref) refs/heads/main refs/remotes/main [1ms]
2025-03-02 20:09:18.675 [info] > git for-each-ref --sort -committerdate --format %(refname) %(objectname) %(*objectname) [2ms]
2025-03-02 20:09:18.715 [info] > git status -z -uall [49ms]
2025-03-02 20:09:23.767 [info] > git config --get commit.template [4ms]
2025-03-02 20:09:23.767 [info] > git for-each-ref --format=%(refname)%00%(upstream:short)%00%(objectname)%00%(upstream:track)%00%(upstream:remotename)%00%(upstream:remoteref) refs/heads/main refs/remotes/main [1ms]
2025-03-02 20:09:23.780 [info] > git for-each-ref --sort -committerdate --format %(refname) %(objectname) %(*objectname) [2ms]
2025-03-02 20:09:23.807 [info] > git status -z -uall [37ms]
2025-03-02 20:09:28.848 [info] > git config --get commit.template [4ms]
2025-03-02 20:09:28.849 [info] > git for-each-ref --format=%(refname)%00%(upstream:short)%00%(objectname)%00%(upstream:track)%00%(upstream:remotename)%00%(upstream:remoteref) refs/heads/main refs/remotes/main [1ms]
2025-03-02 20:09:28.863 [info] > git for-each-ref --sort -committerdate --format %(refname) %(objectname) %(*objectname) [0ms]
2025-03-02 20:09:28.886 [info] > git status -z -uall [33ms]
2025-03-02 20:09:28.902 [info] > git merge-base refs/heads/main refs/remotes/origin/main [2ms]
2025-03-02 20:09:28.906 [info] > git diff --name-status -z --diff-filter=ADMR 0d003a9861ed4d1494c036c5586b5fc22c81e28c...refs/remotes/origin/main [2ms]
2025-03-02 20:09:29.891 [info] > git config --get commit.template [3ms]
2025-03-02 20:09:29.893 [info] > git for-each-ref --format=%(refname)%00%(upstream:short)%00%(objectname)%00%(upstream:track)%00%(upstream:remotename)%00%(upstream:remoteref) refs/heads/main refs/remotes/main [2ms]
2025-03-02 20:09:29.903 [info] > git for-each-ref --sort -committerdate --format %(refname) %(objectname) %(*objectname) [4ms]
2025-03-02 20:09:29.929 [info] > git status -z -uall [33ms]
2025-03-02 20:09:33.910 [info] > git config --get commit.template [3ms]
2025-03-02 20:09:33.911 [info] > git for-each-ref --format=%(refname)%00%(upstream:short)%00%(objectname)%00%(upstream:track)%00%(upstream:remotename)%00%(upstream:remoteref) refs/heads/main refs/remotes/main [2ms]
2025-03-02 20:09:33.918 [info] > git for-each-ref --sort -committerdate --format %(refname) %(objectname) %(*objectname) [2ms]
2025-03-02 20:09:33.946 [info] > git status -z -uall [32ms]
2025-03-02 20:09:38.955 [info] > git config --get commit.template [3ms]
2025-03-02 20:09:38.956 [info] > git for-each-ref --format=%(refname)%00%(upstream:short)%00%(objectname)%00%(upstream:track)%00%(upstream:remotename)%00%(upstream:remoteref) refs/heads/main refs/remotes/main [1ms]
2025-03-02 20:09:38.966 [info] > git for-each-ref --sort -committerdate --format %(refname) %(objectname) %(*objectname) [4ms]
2025-03-02 20:09:38.992 [info] > git status -z -uall [33ms]
2025-03-02 20:09:44.001 [info] > git config --get commit.template [4ms]
2025-03-02 20:09:44.002 [info] > git for-each-ref --format=%(refname)%00%(upstream:short)%00%(objectname)%00%(upstream:track)%00%(upstream:remotename)%00%(upstream:remoteref) refs/heads/main refs/remotes/main [2ms]
2025-03-02 20:09:44.011 [info] > git for-each-ref --sort -committerdate --format %(refname) %(objectname) %(*objectname) [4ms]
2025-03-02 20:09:44.037 [info] > git status -z -uall [32ms]
2025-03-02 20:09:49.051 [info] > git config --get commit.template [0ms]
2025-03-02 20:09:49.065 [info] > git for-each-ref --format=%(refname)%00%(upstream:short)%00%(objectname)%00%(upstream:track)%00%(upstream:remotename)%00%(upstream:remoteref) refs/heads/main refs/remotes/main [5ms]
2025-03-02 20:09:49.087 [info] > git for-each-ref --sort -committerdate --format %(refname) %(objectname) %(*objectname) [8ms]
2025-03-02 20:09:49.159 [info] > git status -z -uall [86ms]
2025-03-02 20:09:54.169 [info] > git config --get commit.template [4ms]
2025-03-02 20:09:54.170 [info] > git for-each-ref --format=%(refname)%00%(upstream:short)%00%(objectname)%00%(upstream:track)%00%(upstream:remotename)%00%(upstream:remoteref) refs/heads/main refs/remotes/main [2ms]
2025-03-02 20:09:54.184 [info] > git for-each-ref --sort -committerdate --format %(refname) %(objectname) %(*objectname) [3ms]
2025-03-02 20:09:54.209 [info] > git status -z -uall [36ms]
2025-03-02 20:09:59.221 [info] > git config --get commit.template [3ms]
2025-03-02 20:09:59.222 [info] > git for-each-ref --format=%(refname)%00%(upstream:short)%00%(objectname)%00%(upstream:track)%00%(upstream:remotename)%00%(upstream:remoteref) refs/heads/main refs/remotes/main [2ms]
2025-03-02 20:09:59.230 [info] > git for-each-ref --sort -committerdate --format %(refname) %(objectname) %(*objectname) [0ms]
2025-03-02 20:09:59.259 [info] > git status -z -uall [35ms]
2025-03-02 20:10:04.269 [info] > git config --get commit.template [3ms]
2025-03-02 20:10:04.271 [info] > git for-each-ref --format=%(refname)%00%(upstream:short)%00%(objectname)%00%(upstream:track)%00%(upstream:remotename)%00%(upstream:remoteref) refs/heads/main refs/remotes/main [2ms]
2025-03-02 20:10:04.280 [info] > git for-each-ref --sort -committerdate --format %(refname) %(objectname) %(*objectname) [1ms]
2025-03-02 20:10:04.316 [info] > git status -z -uall [43ms]
2025-03-02 20:10:09.327 [info] > git config --get commit.template [5ms]
2025-03-02 20:10:09.332 [info] > git for-each-ref --format=%(refname)%00%(upstream:short)%00%(objectname)%00%(upstream:track)%00%(upstream:remotename)%00%(upstream:remoteref) refs/heads/main refs/remotes/main [2ms]
2025-03-02 20:10:09.343 [info] > git for-each-ref --sort -committerdate --format %(refname) %(objectname) %(*objectname) [6ms]
2025-03-02 20:10:09.367 [info] > git status -z -uall [32ms]
2025-03-02 20:10:12.364 [info] > git config --get commit.template [5ms]
2025-03-02 20:10:12.364 [info] > git for-each-ref --format=%(refname)%00%(upstream:short)%00%(objectname)%00%(upstream:track)%00%(upstream:remotename)%00%(upstream:remoteref) refs/heads/main refs/remotes/main [1ms]
2025-03-02 20:10:12.375 [info] > git for-each-ref --sort -committerdate --format %(refname) %(objectname) %(*objectname) [5ms]
2025-03-02 20:10:12.400 [info] > git status -z -uall [33ms]
2025-03-02 20:10:12.407 [info] > git merge-base refs/heads/main refs/remotes/origin/main [2ms]
2025-03-02 20:10:12.411 [info] > git diff --name-status -z --diff-filter=ADMR 2932cdc903b97a59382e897bca18a0abbfce3a4b...refs/remotes/origin/main [1ms]
2025-03-02 20:10:14.376 [info] > git config --get commit.template [4ms]
2025-03-02 20:10:14.377 [info] > git for-each-ref --format=%(refname)%00%(upstream:short)%00%(objectname)%00%(upstream:track)%00%(upstream:remotename)%00%(upstream:remoteref) refs/heads/main refs/remotes/main [2ms]
2025-03-02 20:10:14.387 [info] > git for-each-ref --sort -committerdate --format %(refname) %(objectname) %(*objectname) [2ms]
2025-03-02 20:10:14.414 [info] > git status -z -uall [34ms]
2025-03-02 20:10:19.424 [info] > git config --get commit.template [4ms]
2025-03-02 20:10:19.425 [info] > git for-each-ref --format=%(refname)%00%(upstream:short)%00%(objectname)%00%(upstream:track)%00%(upstream:remotename)%00%(upstream:remoteref) refs/heads/main refs/remotes/main [2ms]
2025-03-02 20:10:19.438 [info] > git for-each-ref --sort -committerdate --format %(refname) %(objectname) %(*objectname) [6ms]
2025-03-02 20:10:19.463 [info] > git status -z -uall [33ms]
2025-03-02 20:10:47.601 [info] > git config --get commit.template [3ms]
2025-03-02 20:10:47.601 [info] > git for-each-ref --format=%(refname)%00%(upstream:short)%00%(objectname)%00%(upstream:track)%00%(upstream:remotename)%00%(upstream:remoteref) refs/heads/main refs/remotes/main [1ms]
2025-03-02 20:10:47.609 [info] > git for-each-ref --sort -committerdate --format %(refname) %(objectname) %(*objectname) [2ms]
2025-03-02 20:10:47.637 [info] > git status -z -uall [33ms]
2025-03-02 20:10:52.647 [info] > git config --get commit.template [4ms]
2025-03-02 20:10:52.648 [info] > git for-each-ref --format=%(refname)%00%(upstream:short)%00%(objectname)%00%(upstream:track)%00%(upstream:remotename)%00%(upstream:remoteref) refs/heads/main refs/remotes/main [2ms]
2025-03-02 20:10:52.655 [info] > git for-each-ref --sort -committerdate --format %(refname) %(objectname) %(*objectname) [1ms]
2025-03-02 20:10:52.683 [info] > git status -z -uall [33ms]
2025-03-02 20:10:52.980 [info] > git check-ignore -v -z --stdin [4ms]
2025-03-02 20:10:57.690 [info] > git config --get commit.template [1ms]
2025-03-02 20:10:57.695 [info] > git for-each-ref --format=%(refname)%00%(upstream:short)%00%(objectname)%00%(upstream:track)%00%(upstream:remotename)%00%(upstream:remoteref) refs/heads/main refs/remotes/main [2ms]
2025-03-02 20:10:57.708 [info] > git for-each-ref --sort -committerdate --format %(refname) %(objectname) %(*objectname) [6ms]
2025-03-02 20:10:57.732 [info] > git status -z -uall [33ms]
2025-03-02 20:10:58.164 [info] > git check-ignore -v -z --stdin [4ms]
2025-03-02 20:11:06.214 [info] > git config --get commit.template [4ms]
2025-03-02 20:11:06.215 [info] > git for-each-ref --format=%(refname)%00%(upstream:short)%00%(objectname)%00%(upstream:track)%00%(upstream:remotename)%00%(upstream:remoteref) refs/heads/main refs/remotes/main [2ms]
2025-03-02 20:11:06.227 [info] > git for-each-ref --sort -committerdate --format %(refname) %(objectname) %(*objectname) [6ms]
2025-03-02 20:11:06.250 [info] > git status -z -uall [32ms]
