2025-03-02 17:22:34.520 [info] Extension host with pid 1247 started
2025-03-02 17:22:34.520 [error] Error: EEXIST: file already exists, open '/home/student/.vscode-server/data/User/workspaceStorage/5e81a9d87b542146dddab9da038f158c/vscode.lock'
2025-03-02 17:22:34.522 [info] Lock '/home/student/.vscode-server/data/User/workspaceStorage/5e81a9d87b542146dddab9da038f158c/vscode.lock': Could not acquire lock, checking if the file is stale.
2025-03-02 17:22:34.528 [info] Lock '/home/student/.vscode-server/data/User/workspaceStorage/5e81a9d87b542146dddab9da038f158c/vscode.lock': The pid 1545 appears to be gone.
2025-03-02 17:22:34.528 [info] Lock '/home/student/.vscode-server/data/User/workspaceStorage/5e81a9d87b542146dddab9da038f158c/vscode.lock': Deleting a stale lock.
2025-03-02 17:22:34.541 [info] Lock '/home/student/.vscode-server/data/User/workspaceStorage/5e81a9d87b542146dddab9da038f158c/vscode.lock': Lock acquired.
2025-03-02 17:22:34.656 [info] ExtensionService#_doActivateExtension vscode.git-base, startup: false, activationEvent: '*', root cause: vscode.git
2025-03-02 17:22:34.658 [info] ExtensionService#_doActivateExtension vscode.emmet, startup: false, activationEvent: 'onLanguage'
2025-03-02 17:22:34.862 [info] ExtensionService#_doActivateExtension vscode.git, startup: false, activationEvent: '*'
2025-03-02 17:22:34.862 [info] ExtensionService#_doActivateExtension vscode.github, startup: false, activationEvent: '*'
2025-03-02 17:22:35.294 [info] Eager extensions activated
2025-03-02 17:22:35.294 [info] ExtensionService#_doActivateExtension vscode.debug-auto-launch, startup: false, activationEvent: 'onStartupFinished'
2025-03-02 17:22:35.295 [info] ExtensionService#_doActivateExtension vscode.merge-conflict, startup: false, activationEvent: 'onStartupFinished'
2025-03-02 17:22:35.593 [warning] [Decorations] CAPPING events from decorations provider vscode.git 1594
2025-03-02 17:22:36.027 [warning] [Decorations] CAPPING events from decorations provider vscode.git 1594
2025-03-02 17:22:37.791 [warning] [Decorations] CAPPING events from decorations provider vscode.git 1594
2025-03-02 17:22:42.861 [warning] [Decorations] CAPPING events from decorations provider vscode.git 1594
2025-03-02 17:22:47.932 [warning] [Decorations] CAPPING events from decorations provider vscode.git 1594
2025-03-02 17:22:53.004 [warning] [Decorations] CAPPING events from decorations provider vscode.git 1594
2025-03-02 17:22:59.072 [warning] [Decorations] CAPPING events from decorations provider vscode.git 1594
2025-03-02 17:23:04.140 [warning] [Decorations] CAPPING events from decorations provider vscode.git 1594
2025-03-02 17:23:09.207 [warning] [Decorations] CAPPING events from decorations provider vscode.git 1594
2025-03-02 17:23:14.273 [warning] [Decorations] CAPPING events from decorations provider vscode.git 1594
2025-03-02 17:23:19.340 [warning] [Decorations] CAPPING events from decorations provider vscode.git 1594
2025-03-02 17:23:24.406 [warning] [Decorations] CAPPING events from decorations provider vscode.git 1594
2025-03-02 17:23:29.472 [warning] [Decorations] CAPPING events from decorations provider vscode.git 1594
2025-03-02 17:23:34.541 [warning] [Decorations] CAPPING events from decorations provider vscode.git 1594
2025-03-02 17:23:39.608 [warning] [Decorations] CAPPING events from decorations provider vscode.git 1594
2025-03-02 17:23:44.676 [warning] [Decorations] CAPPING events from decorations provider vscode.git 1594
2025-03-02 17:23:49.742 [warning] [Decorations] CAPPING events from decorations provider vscode.git 1594
2025-03-02 17:23:54.811 [warning] [Decorations] CAPPING events from decorations provider vscode.git 1594
2025-03-02 17:23:59.885 [warning] [Decorations] CAPPING events from decorations provider vscode.git 1594
2025-03-02 17:24:04.950 [warning] [Decorations] CAPPING events from decorations provider vscode.git 1594
2025-03-02 17:24:10.016 [warning] [Decorations] CAPPING events from decorations provider vscode.git 1594
2025-03-02 17:24:15.081 [warning] [Decorations] CAPPING events from decorations provider vscode.git 1594
2025-03-02 17:24:20.147 [warning] [Decorations] CAPPING events from decorations provider vscode.git 1594
2025-03-02 17:24:25.231 [warning] [Decorations] CAPPING events from decorations provider vscode.git 1594
2025-03-02 17:24:30.744 [warning] [Decorations] CAPPING events from decorations provider vscode.git 1594
2025-03-02 17:24:35.808 [warning] [Decorations] CAPPING events from decorations provider vscode.git 1594
2025-03-02 17:24:40.875 [warning] [Decorations] CAPPING events from decorations provider vscode.git 1594
2025-03-02 17:24:45.940 [warning] [Decorations] CAPPING events from decorations provider vscode.git 1594
2025-03-02 17:24:51.005 [warning] [Decorations] CAPPING events from decorations provider vscode.git 1594
2025-03-02 17:24:56.070 [warning] [Decorations] CAPPING events from decorations provider vscode.git 1594
2025-03-02 17:25:01.136 [warning] [Decorations] CAPPING events from decorations provider vscode.git 1594
2025-03-02 17:25:06.223 [warning] [Decorations] CAPPING events from decorations provider vscode.git 1594
2025-03-02 17:25:11.288 [warning] [Decorations] CAPPING events from decorations provider vscode.git 1594
2025-03-02 17:25:16.357 [warning] [Decorations] CAPPING events from decorations provider vscode.git 1594
2025-03-02 17:25:21.422 [warning] [Decorations] CAPPING events from decorations provider vscode.git 1594
2025-03-02 17:25:26.492 [warning] [Decorations] CAPPING events from decorations provider vscode.git 1594
2025-03-02 17:25:31.559 [warning] [Decorations] CAPPING events from decorations provider vscode.git 1594
2025-03-02 17:25:36.628 [warning] [Decorations] CAPPING events from decorations provider vscode.git 1594
2025-03-02 17:25:41.693 [warning] [Decorations] CAPPING events from decorations provider vscode.git 1594
2025-03-02 17:25:46.759 [warning] [Decorations] CAPPING events from decorations provider vscode.git 1594
2025-03-02 17:25:51.823 [warning] [Decorations] CAPPING events from decorations provider vscode.git 1594
2025-03-02 17:25:56.890 [warning] [Decorations] CAPPING events from decorations provider vscode.git 1594
2025-03-02 17:26:01.956 [warning] [Decorations] CAPPING events from decorations provider vscode.git 1594
2025-03-02 17:26:07.020 [warning] [Decorations] CAPPING events from decorations provider vscode.git 1594
2025-03-02 17:26:12.085 [warning] [Decorations] CAPPING events from decorations provider vscode.git 1594
2025-03-02 17:26:17.152 [warning] [Decorations] CAPPING events from decorations provider vscode.git 1594
2025-03-02 17:26:22.218 [warning] [Decorations] CAPPING events from decorations provider vscode.git 1594
2025-03-02 17:26:27.284 [warning] [Decorations] CAPPING events from decorations provider vscode.git 1594
2025-03-02 17:26:32.350 [warning] [Decorations] CAPPING events from decorations provider vscode.git 1594
2025-03-02 17:26:37.421 [warning] [Decorations] CAPPING events from decorations provider vscode.git 1594
2025-03-02 17:26:42.488 [warning] [Decorations] CAPPING events from decorations provider vscode.git 1594
2025-03-02 17:26:47.555 [warning] [Decorations] CAPPING events from decorations provider vscode.git 1594
2025-03-02 17:26:52.620 [warning] [Decorations] CAPPING events from decorations provider vscode.git 1594
2025-03-02 17:26:57.687 [warning] [Decorations] CAPPING events from decorations provider vscode.git 1594
2025-03-02 17:27:02.753 [warning] [Decorations] CAPPING events from decorations provider vscode.git 1594
2025-03-02 17:27:07.819 [warning] [Decorations] CAPPING events from decorations provider vscode.git 1594
2025-03-02 17:27:12.885 [warning] [Decorations] CAPPING events from decorations provider vscode.git 1594
2025-03-02 17:27:17.950 [warning] [Decorations] CAPPING events from decorations provider vscode.git 1594
2025-03-02 17:27:23.016 [warning] [Decorations] CAPPING events from decorations provider vscode.git 1594
2025-03-02 17:27:28.081 [warning] [Decorations] CAPPING events from decorations provider vscode.git 1594
2025-03-02 17:27:33.146 [warning] [Decorations] CAPPING events from decorations provider vscode.git 1594
2025-03-02 17:27:38.210 [warning] [Decorations] CAPPING events from decorations provider vscode.git 1594
2025-03-02 17:27:43.274 [warning] [Decorations] CAPPING events from decorations provider vscode.git 1594
2025-03-02 17:27:48.339 [warning] [Decorations] CAPPING events from decorations provider vscode.git 1594
2025-03-02 17:27:53.403 [warning] [Decorations] CAPPING events from decorations provider vscode.git 1594
2025-03-02 17:27:58.469 [warning] [Decorations] CAPPING events from decorations provider vscode.git 1594
2025-03-02 17:28:03.538 [warning] [Decorations] CAPPING events from decorations provider vscode.git 1594
2025-03-02 17:28:08.603 [warning] [Decorations] CAPPING events from decorations provider vscode.git 1594
2025-03-02 17:28:13.668 [warning] [Decorations] CAPPING events from decorations provider vscode.git 1594
2025-03-02 17:28:18.733 [warning] [Decorations] CAPPING events from decorations provider vscode.git 1594
2025-03-02 17:28:23.800 [warning] [Decorations] CAPPING events from decorations provider vscode.git 1594
2025-03-02 17:28:28.865 [warning] [Decorations] CAPPING events from decorations provider vscode.git 1594
2025-03-02 17:28:33.930 [warning] [Decorations] CAPPING events from decorations provider vscode.git 1594
2025-03-02 17:28:38.996 [warning] [Decorations] CAPPING events from decorations provider vscode.git 1594
2025-03-02 17:28:44.062 [warning] [Decorations] CAPPING events from decorations provider vscode.git 1594
2025-03-02 17:28:49.128 [warning] [Decorations] CAPPING events from decorations provider vscode.git 1594
2025-03-02 17:28:54.193 [warning] [Decorations] CAPPING events from decorations provider vscode.git 1594
2025-03-02 17:28:59.258 [warning] [Decorations] CAPPING events from decorations provider vscode.git 1594
2025-03-02 17:29:04.323 [warning] [Decorations] CAPPING events from decorations provider vscode.git 1594
2025-03-02 17:29:09.388 [warning] [Decorations] CAPPING events from decorations provider vscode.git 1594
2025-03-02 17:29:14.452 [warning] [Decorations] CAPPING events from decorations provider vscode.git 1594
2025-03-02 17:29:19.519 [warning] [Decorations] CAPPING events from decorations provider vscode.git 1594
2025-03-02 17:29:20.809 [info] ExtensionService#_doActivateExtension vscode.npm, startup: false, activationEvent: 'onTerminalQuickFixRequest:ms-vscode.npm-command'
2025-03-02 17:29:26.491 [info] ExtensionService#_doActivateExtension vscode.configuration-editing, startup: false, activationEvent: 'onLanguage:json'
2025-03-02 17:29:26.491 [info] ExtensionService#_doActivateExtension vscode.extension-editing, startup: false, activationEvent: 'onLanguage:json'
2025-03-02 17:29:26.491 [info] ExtensionService#_doActivateExtension vscode.json-language-features, startup: false, activationEvent: 'onLanguage:json'
2025-03-02 17:31:12.482 [warning] [Decorations] CAPPING events from decorations provider vscode.git 1595
2025-03-02 17:31:17.550 [warning] [Decorations] CAPPING events from decorations provider vscode.git 1595
2025-03-02 17:31:22.618 [warning] [Decorations] CAPPING events from decorations provider vscode.git 1595
2025-03-02 17:31:27.689 [warning] [Decorations] CAPPING events from decorations provider vscode.git 1595
2025-03-02 17:31:32.756 [warning] [Decorations] CAPPING events from decorations provider vscode.git 1595
2025-03-02 17:31:37.821 [warning] [Decorations] CAPPING events from decorations provider vscode.git 1595
2025-03-02 17:31:42.888 [warning] [Decorations] CAPPING events from decorations provider vscode.git 1595
2025-03-02 17:31:47.954 [warning] [Decorations] CAPPING events from decorations provider vscode.git 1595
2025-03-02 17:31:53.021 [warning] [Decorations] CAPPING events from decorations provider vscode.git 1595
2025-03-02 17:32:35.829 [warning] [Decorations] CAPPING events from decorations provider vscode.git 1595
2025-03-02 17:32:40.897 [warning] [Decorations] CAPPING events from decorations provider vscode.git 1595
2025-03-02 17:33:00.532 [warning] [Decorations] CAPPING events from decorations provider vscode.git 1595
2025-03-02 17:33:37.260 [warning] [Decorations] CAPPING events from decorations provider vscode.git 1595
2025-03-02 17:33:42.329 [warning] [Decorations] CAPPING events from decorations provider vscode.git 1595
2025-03-02 17:33:47.879 [warning] [Decorations] CAPPING events from decorations provider vscode.git 1595
2025-03-02 17:33:52.949 [warning] [Decorations] CAPPING events from decorations provider vscode.git 1595
2025-03-02 17:33:58.016 [warning] [Decorations] CAPPING events from decorations provider vscode.git 1595
2025-03-02 17:34:03.086 [warning] [Decorations] CAPPING events from decorations provider vscode.git 1595
2025-03-02 17:34:08.152 [warning] [Decorations] CAPPING events from decorations provider vscode.git 1595
2025-03-02 17:34:13.216 [warning] [Decorations] CAPPING events from decorations provider vscode.git 1595
2025-03-02 17:34:41.598 [warning] [Decorations] CAPPING events from decorations provider vscode.git 1595
2025-03-02 17:34:46.667 [warning] [Decorations] CAPPING events from decorations provider vscode.git 1595
2025-03-02 17:34:51.734 [warning] [Decorations] CAPPING events from decorations provider vscode.git 1595
2025-03-02 17:34:56.806 [warning] [Decorations] CAPPING events from decorations provider vscode.git 1595
2025-03-02 17:35:01.873 [warning] [Decorations] CAPPING events from decorations provider vscode.git 1595
2025-03-02 17:35:06.938 [warning] [Decorations] CAPPING events from decorations provider vscode.git 1595
2025-03-02 17:35:12.920 [warning] [Decorations] CAPPING events from decorations provider vscode.git 1595
2025-03-02 17:35:28.554 [warning] [Decorations] CAPPING events from decorations provider vscode.git 1595
2025-03-02 17:35:57.180 [warning] [Decorations] CAPPING events from decorations provider vscode.git 1595
2025-03-02 17:36:02.253 [warning] [Decorations] CAPPING events from decorations provider vscode.git 1595
2025-03-02 17:36:07.319 [warning] [Decorations] CAPPING events from decorations provider vscode.git 1595
2025-03-02 17:36:12.387 [warning] [Decorations] CAPPING events from decorations provider vscode.git 1595
2025-03-02 17:36:17.452 [warning] [Decorations] CAPPING events from decorations provider vscode.git 1595
2025-03-02 17:36:22.517 [warning] [Decorations] CAPPING events from decorations provider vscode.git 1595
2025-03-02 17:36:33.117 [warning] [Decorations] CAPPING events from decorations provider vscode.git 1595
2025-03-02 17:36:38.185 [warning] [Decorations] CAPPING events from decorations provider vscode.git 1595
2025-03-02 17:37:29.898 [warning] [Decorations] CAPPING events from decorations provider vscode.git 1595
2025-03-02 17:39:17.484 [warning] [Decorations] CAPPING events from decorations provider vscode.git 1595
2025-03-02 17:39:48.952 [warning] [Decorations] CAPPING events from decorations provider vscode.git 1595
2025-03-02 17:39:54.050 [warning] [Decorations] CAPPING events from decorations provider vscode.git 1596
2025-03-02 17:40:04.392 [warning] [Decorations] CAPPING events from decorations provider vscode.git 1596
2025-03-02 17:43:18.283 [warning] [Decorations] CAPPING events from decorations provider vscode.git 1596
2025-03-02 17:43:23.356 [warning] [Decorations] CAPPING events from decorations provider vscode.git 1596
2025-03-02 17:43:28.422 [warning] [Decorations] CAPPING events from decorations provider vscode.git 1596
2025-03-02 17:43:33.491 [warning] [Decorations] CAPPING events from decorations provider vscode.git 1596
2025-03-02 17:43:38.555 [warning] [Decorations] CAPPING events from decorations provider vscode.git 1596
2025-03-02 17:43:43.620 [warning] [Decorations] CAPPING events from decorations provider vscode.git 1596
2025-03-02 17:44:13.393 [warning] [Decorations] CAPPING events from decorations provider vscode.git 1596
2025-03-02 17:44:35.805 [warning] [Decorations] CAPPING events from decorations provider vscode.git 1596
2025-03-02 17:44:40.875 [warning] [Decorations] CAPPING events from decorations provider vscode.git 1596
2025-03-02 17:44:45.941 [warning] [Decorations] CAPPING events from decorations provider vscode.git 1596
2025-03-02 17:44:53.043 [warning] [Decorations] CAPPING events from decorations provider vscode.git 1596
2025-03-02 17:44:58.111 [warning] [Decorations] CAPPING events from decorations provider vscode.git 1596
2025-03-02 17:45:03.177 [warning] [Decorations] CAPPING events from decorations provider vscode.git 1596
2025-03-02 17:45:08.250 [warning] [Decorations] CAPPING events from decorations provider vscode.git 1596
2025-03-02 17:45:13.316 [warning] [Decorations] CAPPING events from decorations provider vscode.git 1596
2025-03-02 17:45:42.220 [warning] [Decorations] CAPPING events from decorations provider vscode.git 1596
2025-03-02 17:45:47.296 [warning] [Decorations] CAPPING events from decorations provider vscode.git 2256
2025-03-02 17:45:52.373 [warning] [Decorations] CAPPING events from decorations provider vscode.git 2256
2025-03-02 17:45:57.453 [warning] [Decorations] CAPPING events from decorations provider vscode.git 2256
2025-03-02 17:46:02.525 [warning] [Decorations] CAPPING events from decorations provider vscode.git 2256
2025-03-02 17:46:59.457 [warning] [Decorations] CAPPING events from decorations provider vscode.git 2256
2025-03-02 17:47:04.535 [warning] [Decorations] CAPPING events from decorations provider vscode.git 2256
2025-03-02 17:47:09.613 [warning] [Decorations] CAPPING events from decorations provider vscode.git 2256
2025-03-02 17:47:14.687 [warning] [Decorations] CAPPING events from decorations provider vscode.git 2256
2025-03-02 17:47:19.760 [warning] [Decorations] CAPPING events from decorations provider vscode.git 2256
2025-03-02 17:47:24.834 [warning] [Decorations] CAPPING events from decorations provider vscode.git 2256
2025-03-02 17:47:29.907 [warning] [Decorations] CAPPING events from decorations provider vscode.git 2256
2025-03-02 17:47:34.982 [warning] [Decorations] CAPPING events from decorations provider vscode.git 2256
2025-03-02 17:47:52.404 [warning] [Decorations] CAPPING events from decorations provider vscode.git 2256
2025-03-02 17:48:49.538 [warning] [Decorations] CAPPING events from decorations provider vscode.git 2256
2025-03-02 17:48:54.615 [warning] [Decorations] CAPPING events from decorations provider vscode.git 2256
2025-03-02 17:49:32.129 [warning] [Decorations] CAPPING events from decorations provider vscode.git 2255
2025-03-02 17:49:37.206 [warning] [Decorations] CAPPING events from decorations provider vscode.git 2255
2025-03-02 17:49:42.280 [warning] [Decorations] CAPPING events from decorations provider vscode.git 2255
2025-03-02 17:49:47.379 [warning] [Decorations] CAPPING events from decorations provider vscode.git 2255
2025-03-02 17:49:52.451 [warning] [Decorations] CAPPING events from decorations provider vscode.git 2255
2025-03-02 17:49:57.523 [warning] [Decorations] CAPPING events from decorations provider vscode.git 2255
2025-03-02 17:50:02.600 [warning] [Decorations] CAPPING events from decorations provider vscode.git 2255
2025-03-02 17:50:28.056 [warning] [Decorations] CAPPING events from decorations provider vscode.git 2255
2025-03-02 17:50:33.138 [warning] [Decorations] CAPPING events from decorations provider vscode.git 2255
2025-03-02 17:51:28.651 [warning] [Decorations] CAPPING events from decorations provider vscode.git 2255
2025-03-02 17:51:33.731 [warning] [Decorations] CAPPING events from decorations provider vscode.git 2255
2025-03-02 17:51:38.812 [warning] [Decorations] CAPPING events from decorations provider vscode.git 2915
2025-03-02 17:51:43.888 [warning] [Decorations] CAPPING events from decorations provider vscode.git 2255
2025-03-02 17:51:48.963 [warning] [Decorations] CAPPING events from decorations provider vscode.git 2255
2025-03-02 17:51:54.038 [warning] [Decorations] CAPPING events from decorations provider vscode.git 2255
2025-03-02 17:51:59.114 [warning] [Decorations] CAPPING events from decorations provider vscode.git 2255
2025-03-02 17:52:29.200 [warning] [Decorations] CAPPING events from decorations provider vscode.git 2255
2025-03-02 17:52:34.281 [warning] [Decorations] CAPPING events from decorations provider vscode.git 2255
2025-03-02 17:52:39.361 [warning] [Decorations] CAPPING events from decorations provider vscode.git 2255
2025-03-02 17:52:44.465 [warning] [Decorations] CAPPING events from decorations provider vscode.git 2255
2025-03-02 17:52:49.567 [warning] [Decorations] CAPPING events from decorations provider vscode.git 2255
2025-03-02 17:52:54.643 [warning] [Decorations] CAPPING events from decorations provider vscode.git 2255
2025-03-02 17:53:26.758 [warning] [Decorations] CAPPING events from decorations provider vscode.git 2255
2025-03-02 17:53:31.839 [warning] [Decorations] CAPPING events from decorations provider vscode.git 2255
2025-03-02 17:53:36.921 [warning] [Decorations] CAPPING events from decorations provider vscode.git 2255
2025-03-02 17:53:41.997 [warning] [Decorations] CAPPING events from decorations provider vscode.git 2255
2025-03-02 17:53:47.073 [warning] [Decorations] CAPPING events from decorations provider vscode.git 2255
2025-03-02 17:53:52.146 [warning] [Decorations] CAPPING events from decorations provider vscode.git 2255
2025-03-02 17:53:57.225 [warning] [Decorations] CAPPING events from decorations provider vscode.git 2255
2025-03-02 17:54:12.050 [warning] [Decorations] CAPPING events from decorations provider vscode.git 2255
2025-03-02 17:54:17.126 [warning] [Decorations] CAPPING events from decorations provider vscode.git 2255
2025-03-02 17:54:22.201 [warning] [Decorations] CAPPING events from decorations provider vscode.git 2255
2025-03-02 17:54:39.182 [warning] [Decorations] CAPPING events from decorations provider vscode.git 2255
2025-03-02 17:54:44.256 [warning] [Decorations] CAPPING events from decorations provider vscode.git 2255
2025-03-02 17:54:49.329 [warning] [Decorations] CAPPING events from decorations provider vscode.git 2255
2025-03-02 17:55:25.416 [warning] [Decorations] CAPPING events from decorations provider vscode.git 2255
2025-03-02 17:55:45.161 [warning] [Decorations] CAPPING events from decorations provider vscode.git 2255
2025-03-02 17:55:50.241 [warning] [Decorations] CAPPING events from decorations provider vscode.git 2255
2025-03-02 17:55:55.345 [warning] [Decorations] CAPPING events from decorations provider vscode.git 2255
2025-03-02 17:56:14.299 [warning] [Decorations] CAPPING events from decorations provider vscode.git 2255
2025-03-02 17:56:19.376 [warning] [Decorations] CAPPING events from decorations provider vscode.git 2255
2025-03-02 17:56:24.452 [warning] [Decorations] CAPPING events from decorations provider vscode.git 2255
2025-03-02 17:56:53.555 [warning] [Decorations] CAPPING events from decorations provider vscode.git 2255
2025-03-02 17:56:58.637 [warning] [Decorations] CAPPING events from decorations provider vscode.git 2255
