2025-03-02 19:21:06.985 [info] Extension host with pid 1340 started
2025-03-02 19:21:06.985 [error] Error: EEXIST: file already exists, open '/home/student/.vscode-server/data/User/workspaceStorage/5e81a9d87b542146dddab9da038f158c/vscode.lock'
2025-03-02 19:21:06.988 [info] Lock '/home/student/.vscode-server/data/User/workspaceStorage/5e81a9d87b542146dddab9da038f158c/vscode.lock': Could not acquire lock, checking if the file is stale.
2025-03-02 19:21:07.003 [info] Lock '/home/student/.vscode-server/data/User/workspaceStorage/5e81a9d87b542146dddab9da038f158c/vscode.lock': The lock looks stale, waiting for 2s.
2025-03-02 19:21:07.096 [info] ExtensionService#_doActivateExtension vscode.git-base, startup: false, activationEvent: '*', root cause: vscode.git
2025-03-02 19:21:09.003 [info] Lock '/home/student/.vscode-server/data/User/workspaceStorage/5e81a9d87b542146dddab9da038f158c/vscode.lock': The lock looks stale even after waiting for 2s.
2025-03-02 19:21:09.003 [info] Lock '/home/student/.vscode-server/data/User/workspaceStorage/5e81a9d87b542146dddab9da038f158c/vscode.lock': Deleting a stale lock.
2025-03-02 19:21:09.010 [info] Lock '/home/student/.vscode-server/data/User/workspaceStorage/5e81a9d87b542146dddab9da038f158c/vscode.lock': Lock acquired.
2025-03-02 19:21:09.094 [info] ExtensionService#_doActivateExtension vscode.git, startup: false, activationEvent: '*'
2025-03-02 19:21:09.094 [info] ExtensionService#_doActivateExtension vscode.github, startup: false, activationEvent: '*'
2025-03-02 19:21:09.383 [info] Eager extensions activated
2025-03-02 19:21:09.383 [info] ExtensionService#_doActivateExtension vscode.debug-auto-launch, startup: false, activationEvent: 'onStartupFinished'
2025-03-02 19:21:09.383 [info] ExtensionService#_doActivateExtension vscode.merge-conflict, startup: false, activationEvent: 'onStartupFinished'
2025-03-02 19:21:09.561 [info] ExtensionService#_doActivateExtension vscode.emmet, startup: false, activationEvent: 'onLanguage'
2025-03-02 19:21:09.647 [warning] [Decorations] CAPPING events from decorations provider vscode.git 2263
2025-03-02 19:21:10.234 [warning] [Decorations] CAPPING events from decorations provider vscode.git 2263
2025-03-02 19:21:13.380 [warning] [Decorations] CAPPING events from decorations provider vscode.git 2263
2025-03-02 19:21:16.839 [info] ExtensionService#_doActivateExtension vscode.configuration-editing, startup: false, activationEvent: 'onLanguage:json'
2025-03-02 19:21:16.839 [info] ExtensionService#_doActivateExtension vscode.extension-editing, startup: false, activationEvent: 'onLanguage:json'
2025-03-02 19:21:16.840 [info] ExtensionService#_doActivateExtension vscode.json-language-features, startup: false, activationEvent: 'onLanguage:json'
2025-03-02 19:21:16.840 [info] ExtensionService#_doActivateExtension vscode.npm, startup: false, activationEvent: 'onLanguage:json'
2025-03-02 19:21:18.463 [warning] [Decorations] CAPPING events from decorations provider vscode.git 2264
2025-03-02 19:21:23.545 [warning] [Decorations] CAPPING events from decorations provider vscode.git 2264
2025-03-02 19:21:28.629 [warning] [Decorations] CAPPING events from decorations provider vscode.git 2264
2025-03-02 19:25:09.554 [warning] [Decorations] CAPPING events from decorations provider vscode.git 2264
2025-03-02 19:25:14.633 [warning] [Decorations] CAPPING events from decorations provider vscode.git 2264
2025-03-02 19:25:19.715 [warning] [Decorations] CAPPING events from decorations provider vscode.git 2264
2025-03-02 19:25:26.292 [warning] [Decorations] CAPPING events from decorations provider vscode.git 2264
2025-03-02 19:25:31.369 [warning] [Decorations] CAPPING events from decorations provider vscode.git 2264
2025-03-02 19:25:36.448 [warning] [Decorations] CAPPING events from decorations provider vscode.git 2264
2025-03-02 19:25:41.526 [warning] [Decorations] CAPPING events from decorations provider vscode.git 2264
2025-03-02 19:25:46.607 [warning] [Decorations] CAPPING events from decorations provider vscode.git 2264
2025-03-02 19:25:51.685 [warning] [Decorations] CAPPING events from decorations provider vscode.git 2264
2025-03-02 19:25:56.763 [warning] [Decorations] CAPPING events from decorations provider vscode.git 2264
2025-03-02 19:26:01.840 [warning] [Decorations] CAPPING events from decorations provider vscode.git 2264
2025-03-02 19:26:06.918 [warning] [Decorations] CAPPING events from decorations provider vscode.git 2264
2025-03-02 19:26:11.996 [warning] [Decorations] CAPPING events from decorations provider vscode.git 2264
2025-03-02 19:26:17.072 [warning] [Decorations] CAPPING events from decorations provider vscode.git 2264
2025-03-02 19:26:22.152 [warning] [Decorations] CAPPING events from decorations provider vscode.git 2264
2025-03-02 19:26:27.229 [warning] [Decorations] CAPPING events from decorations provider vscode.git 2264
2025-03-02 19:26:32.308 [warning] [Decorations] CAPPING events from decorations provider vscode.git 2264
2025-03-02 19:26:37.386 [warning] [Decorations] CAPPING events from decorations provider vscode.git 2264
2025-03-02 19:26:45.876 [warning] [Decorations] CAPPING events from decorations provider vscode.git 2264
2025-03-02 19:26:50.951 [warning] [Decorations] CAPPING events from decorations provider vscode.git 2264
2025-03-02 19:26:56.033 [warning] [Decorations] CAPPING events from decorations provider vscode.git 2264
2025-03-02 19:27:01.109 [warning] [Decorations] CAPPING events from decorations provider vscode.git 2264
2025-03-02 19:30:28.156 [warning] [Decorations] CAPPING events from decorations provider vscode.git 2264
2025-03-02 19:30:33.234 [warning] [Decorations] CAPPING events from decorations provider vscode.git 2264
2025-03-02 19:30:38.314 [warning] [Decorations] CAPPING events from decorations provider vscode.git 2264
2025-03-02 19:30:43.388 [warning] [Decorations] CAPPING events from decorations provider vscode.git 2264
2025-03-02 19:30:48.465 [warning] [Decorations] CAPPING events from decorations provider vscode.git 2264
2025-03-02 19:30:53.566 [warning] [Decorations] CAPPING events from decorations provider vscode.git 2264
2025-03-02 19:30:58.642 [warning] [Decorations] CAPPING events from decorations provider vscode.git 2264
2025-03-02 19:31:03.717 [warning] [Decorations] CAPPING events from decorations provider vscode.git 2264
2025-03-02 19:31:08.794 [warning] [Decorations] CAPPING events from decorations provider vscode.git 2264
2025-03-02 19:31:13.871 [warning] [Decorations] CAPPING events from decorations provider vscode.git 2264
2025-03-02 19:32:22.523 [warning] [Decorations] CAPPING events from decorations provider vscode.git 2264
2025-03-02 19:32:27.607 [warning] [Decorations] CAPPING events from decorations provider vscode.git 2264
2025-03-02 19:32:32.716 [warning] [Decorations] CAPPING events from decorations provider vscode.git 2264
2025-03-02 19:32:37.792 [warning] [Decorations] CAPPING events from decorations provider vscode.git 2264
2025-03-02 19:33:32.804 [warning] [Decorations] CAPPING events from decorations provider vscode.git 2264
2025-03-02 19:33:37.886 [warning] [Decorations] CAPPING events from decorations provider vscode.git 2264
2025-03-02 19:38:01.640 [warning] [Decorations] CAPPING events from decorations provider vscode.git 2264
2025-03-02 19:38:06.724 [warning] [Decorations] CAPPING events from decorations provider vscode.git 2264
2025-03-02 19:38:11.801 [warning] [Decorations] CAPPING events from decorations provider vscode.git 2264
2025-03-02 19:38:50.703 [warning] [Decorations] CAPPING events from decorations provider vscode.git 2264
2025-03-02 19:38:57.801 [warning] [Decorations] CAPPING events from decorations provider vscode.git 2264
2025-03-02 19:39:02.883 [warning] [Decorations] CAPPING events from decorations provider vscode.git 2264
2025-03-02 19:39:07.962 [warning] [Decorations] CAPPING events from decorations provider vscode.git 2264
2025-03-02 19:39:13.035 [warning] [Decorations] CAPPING events from decorations provider vscode.git 2264
2025-03-02 19:39:37.889 [warning] [Decorations] CAPPING events from decorations provider vscode.git 2264
2025-03-02 19:39:42.969 [warning] [Decorations] CAPPING events from decorations provider vscode.git 2264
2025-03-02 19:39:48.047 [warning] [Decorations] CAPPING events from decorations provider vscode.git 2264
2025-03-02 19:39:53.124 [warning] [Decorations] CAPPING events from decorations provider vscode.git 2264
2025-03-02 19:39:58.199 [warning] [Decorations] CAPPING events from decorations provider vscode.git 2264
2025-03-02 19:40:03.278 [warning] [Decorations] CAPPING events from decorations provider vscode.git 2264
2025-03-02 19:40:08.356 [warning] [Decorations] CAPPING events from decorations provider vscode.git 2264
2025-03-02 19:40:13.432 [warning] [Decorations] CAPPING events from decorations provider vscode.git 2264
2025-03-02 19:40:18.509 [warning] [Decorations] CAPPING events from decorations provider vscode.git 2264
2025-03-02 19:40:23.610 [warning] [Decorations] CAPPING events from decorations provider vscode.git 2264
2025-03-02 19:43:30.764 [warning] [Decorations] CAPPING events from decorations provider vscode.git 2264
2025-03-02 19:43:35.842 [warning] [Decorations] CAPPING events from decorations provider vscode.git 2264
2025-03-02 19:43:40.938 [warning] [Decorations] CAPPING events from decorations provider vscode.git 2264
2025-03-02 19:43:46.043 [warning] [Decorations] CAPPING events from decorations provider vscode.git 2264
2025-03-02 19:43:51.118 [warning] [Decorations] CAPPING events from decorations provider vscode.git 2264
2025-03-02 19:44:50.581 [warning] [Decorations] CAPPING events from decorations provider vscode.git 2264
2025-03-02 19:44:55.664 [warning] [Decorations] CAPPING events from decorations provider vscode.git 2264
2025-03-02 19:45:00.749 [warning] [Decorations] CAPPING events from decorations provider vscode.git 2264
2025-03-02 19:46:09.908 [warning] [Decorations] CAPPING events from decorations provider vscode.git 2264
2025-03-02 19:46:14.986 [warning] [Decorations] CAPPING events from decorations provider vscode.git 2264
2025-03-02 19:46:20.066 [warning] [Decorations] CAPPING events from decorations provider vscode.git 2264
2025-03-02 19:46:25.144 [warning] [Decorations] CAPPING events from decorations provider vscode.git 2264
2025-03-02 19:46:32.242 [warning] [Decorations] CAPPING events from decorations provider vscode.git 2264
2025-03-02 19:46:37.322 [warning] [Decorations] CAPPING events from decorations provider vscode.git 2264
2025-03-02 19:46:42.397 [warning] [Decorations] CAPPING events from decorations provider vscode.git 2264
2025-03-02 19:46:47.472 [warning] [Decorations] CAPPING events from decorations provider vscode.git 2264
2025-03-02 19:46:52.549 [warning] [Decorations] CAPPING events from decorations provider vscode.git 2264
2025-03-02 19:46:57.654 [warning] [Decorations] CAPPING events from decorations provider vscode.git 2264
2025-03-02 19:47:21.252 [warning] [Decorations] CAPPING events from decorations provider vscode.git 2264
2025-03-02 19:47:26.357 [warning] [Decorations] CAPPING events from decorations provider vscode.git 2264
2025-03-02 19:47:31.433 [warning] [Decorations] CAPPING events from decorations provider vscode.git 2264
2025-03-02 19:49:17.094 [warning] [Decorations] CAPPING events from decorations provider vscode.git 2264
2025-03-02 19:49:22.180 [warning] [Decorations] CAPPING events from decorations provider vscode.git 2264
2025-03-02 19:49:27.288 [warning] [Decorations] CAPPING events from decorations provider vscode.git 2264
2025-03-02 19:50:16.843 [warning] [Decorations] CAPPING events from decorations provider vscode.git 2264
2025-03-02 19:50:21.941 [warning] [Decorations] CAPPING events from decorations provider vscode.git 2264
2025-03-02 19:50:27.021 [warning] [Decorations] CAPPING events from decorations provider vscode.git 2264
2025-03-02 19:51:14.151 [warning] [Decorations] CAPPING events from decorations provider vscode.git 2264
2025-03-02 19:51:19.239 [warning] [Decorations] CAPPING events from decorations provider vscode.git 2264
2025-03-02 19:52:16.215 [warning] [Decorations] CAPPING events from decorations provider vscode.git 2264
2025-03-02 19:52:21.298 [warning] [Decorations] CAPPING events from decorations provider vscode.git 2264
2025-03-02 19:52:26.377 [warning] [Decorations] CAPPING events from decorations provider vscode.git 2264
2025-03-02 19:54:05.296 [warning] [Decorations] CAPPING events from decorations provider vscode.git 2264
2025-03-02 19:54:10.409 [warning] [Decorations] CAPPING events from decorations provider vscode.git 2264
2025-03-02 19:54:15.518 [warning] [Decorations] CAPPING events from decorations provider vscode.git 2264
2025-03-02 19:54:20.593 [warning] [Decorations] CAPPING events from decorations provider vscode.git 2264
2025-03-02 19:54:25.669 [warning] [Decorations] CAPPING events from decorations provider vscode.git 2264
2025-03-02 19:54:30.743 [warning] [Decorations] CAPPING events from decorations provider vscode.git 2264
2025-03-02 19:59:54.672 [warning] [Decorations] CAPPING events from decorations provider vscode.git 2264
2025-03-02 19:59:59.753 [warning] [Decorations] CAPPING events from decorations provider vscode.git 2264
2025-03-02 20:00:10.102 [warning] [Decorations] CAPPING events from decorations provider vscode.git 2264
2025-03-02 20:00:15.180 [warning] [Decorations] CAPPING events from decorations provider vscode.git 2264
2025-03-02 20:00:20.258 [warning] [Decorations] CAPPING events from decorations provider vscode.git 2264
2025-03-02 20:00:29.213 [warning] [Decorations] CAPPING events from decorations provider vscode.git 2264
2025-03-02 20:00:34.288 [warning] [Decorations] CAPPING events from decorations provider vscode.git 2264
2025-03-02 20:00:39.363 [warning] [Decorations] CAPPING events from decorations provider vscode.git 2264
2025-03-02 20:00:44.438 [warning] [Decorations] CAPPING events from decorations provider vscode.git 2264
2025-03-02 20:00:49.513 [warning] [Decorations] CAPPING events from decorations provider vscode.git 2264
2025-03-02 20:01:45.245 [warning] [Decorations] CAPPING events from decorations provider vscode.git 2264
2025-03-02 20:01:50.331 [warning] [Decorations] CAPPING events from decorations provider vscode.git 2264
2025-03-02 20:01:55.409 [warning] [Decorations] CAPPING events from decorations provider vscode.git 2264
2025-03-02 20:02:00.486 [warning] [Decorations] CAPPING events from decorations provider vscode.git 2264
2025-03-02 20:02:05.566 [warning] [Decorations] CAPPING events from decorations provider vscode.git 2264
2025-03-02 20:02:11.730 [warning] [Decorations] CAPPING events from decorations provider vscode.git 2264
2025-03-02 20:02:16.805 [warning] [Decorations] CAPPING events from decorations provider vscode.git 2264
2025-03-02 20:02:21.913 [warning] [Decorations] CAPPING events from decorations provider vscode.git 2264
2025-03-02 20:02:26.988 [warning] [Decorations] CAPPING events from decorations provider vscode.git 2264
2025-03-02 20:02:32.064 [warning] [Decorations] CAPPING events from decorations provider vscode.git 2264
2025-03-02 20:02:37.141 [warning] [Decorations] CAPPING events from decorations provider vscode.git 2264
2025-03-02 20:02:46.559 [warning] [Decorations] CAPPING events from decorations provider vscode.git 2264
2025-03-02 20:02:51.641 [warning] [Decorations] CAPPING events from decorations provider vscode.git 2498
2025-03-02 20:02:56.721 [warning] [Decorations] CAPPING events from decorations provider vscode.git 2498
2025-03-02 20:03:01.801 [warning] [Decorations] CAPPING events from decorations provider vscode.git 2498
2025-03-02 20:05:57.711 [warning] [Decorations] CAPPING events from decorations provider vscode.git 2498
2025-03-02 20:06:03.545 [warning] [Decorations] CAPPING events from decorations provider vscode.git 2498
2025-03-02 20:06:08.626 [warning] [Decorations] CAPPING events from decorations provider vscode.git 2498
2025-03-02 20:06:13.706 [warning] [Decorations] CAPPING events from decorations provider vscode.git 2498
2025-03-02 20:06:18.788 [warning] [Decorations] CAPPING events from decorations provider vscode.git 2498
